Date: 2025/07/01 01:00:21
Country: ie, product: macbookair --> new items: 1
Country: jp, product: watch --> new items: 1
Country: uk, product: macbookair --> new items: 1
------------------------------------------------------------
Date: 2025/07/01 03:01:23
Country: ca, product: mini --> new items: 6
Country: ca, product: macbookair --> new items: 7
Country: xf, product: mini --> new items: 6
Country: xf, product: macbookair --> new items: 7
Country: tw, product: mini --> new items: 1
Country: tw, product: macbookpro --> new items: 3
Country: tw, product: macbookair --> new items: 21
Country: uk, product: imac --> new items: 1
Country: us, product: mini --> new items: 6
Country: us, product: macbookair --> new items: 7
------------------------------------------------------------
Date: 2025/07/01 04:30:13
Country: au, product: macbookpro --> new items: 3
Country: ca, product: macbookair --> new items: 7
Country: xf, product: macbookair --> new items: 7
Country: jp, product: atv --> new items: 2
Country: nz, product: macbookpro --> new items: 8
Country: tw, product: mini --> new items: 14
Country: tw, product: macbookpro --> new items: 18
Country: tw, product: macbookair --> new items: 6
Country: us, product: macbookair --> new items: 7
------------------------------------------------------------
Date: 2025/07/01 05:15:56
Country: au, product: macbookpro --> new items: 5
Country: xf, product: macbookair --> new items: 1
Country: jp, product: macbookair --> new items: 2
Country: tw, product: mini --> new items: 1
Country: us, product: macbookair --> new items: 1
------------------------------------------------------------
Date: 2025/07/01 06:16:43
Country: ca, product: mini --> new items: 1
Country: ca, product: macbookpro --> new items: 1
Country: ca, product: macbookair --> new items: 1
Country: xf, product: mini --> new items: 1
Country: xf, product: macbookpro --> new items: 1
Country: es, product: macbookpro --> new items: 1
Country: jp, product: macbookpro --> new items: 1
Country: us, product: macbookpro --> new items: 1
------------------------------------------------------------
Date: 2025/07/01 07:12:49
Country: bx, product: macbookpro --> new items: 36
Country: be, product: macbookpro --> new items: 36
Country: de, product: macbookpro --> new items: 33
Country: es, product: macbookpro --> new items: 13
Country: fr, product: macbookpro --> new items: 5
Country: it, product: macbookpro --> new items: 2
Country: nl, product: macbookpro --> new items: 6
Country: at, product: macbookpro --> new items: 33
Country: pl, product: macbookpro --> new items: 1
Country: ch, product: macbookpro --> new items: 13
Country: us, product: mini --> new items: 1
------------------------------------------------------------
Date: 2025/07/01 08:15:24
Country: nl, product: macbookpro --> new items: 13
Country: pl, product: macbookpro --> new items: 2
Country: cx, product: macbookpro --> new items: 13
------------------------------------------------------------
