Date: 2025/05/01 00:56:01
Country: bx, product: iphone --> new items: 1
Country: bx, product: macbookair --> new items: 2
Country: be, product: iphone --> new items: 1
Country: be, product: macbookpro --> new items: 1
Country: be, product: macbookair --> new items: 2
Country: ca, product: mini --> new items: 1
Country: ca, product: macbookpro --> new items: 1
Country: ca, product: macbookair --> new items: 7
Country: xf, product: mini --> new items: 1
Country: xf, product: macbookpro --> new items: 1
Country: xf, product: macbookair --> new items: 7
Country: cn, product: acc --> new items: 6
Country: de, product: iphone --> new items: 1
Country: de, product: macbookair --> new items: 34
Country: es, product: iphone --> new items: 1
Country: es, product: macbookpro --> new items: 1
Country: es, product: macbookair --> new items: 12
Country: fr, product: iphone --> new items: 1
Country: fr, product: mini --> new items: 2
Country: fr, product: macbookpro --> new items: 1
Country: fr, product: macbookair --> new items: 19
Country: ie, product: mini --> new items: 16
Country: ie, product: macbookpro --> new items: 3
Country: ie, product: macbookair --> new items: 11
Country: it, product: iphone --> new items: 1
Country: it, product: macbookair --> new items: 12
Country: jp, product: imac --> new items: 5
Country: nl, product: iphone --> new items: 1
Country: nl, product: macbookair --> new items: 5
Country: at, product: iphone --> new items: 1
Country: at, product: macbookair --> new items: 34
Country: pl, product: macbookpro --> new items: 1
Country: sg, product: macbookair --> new items: 3
Country: cx, product: iphone --> new items: 1
Country: cx, product: macbookair --> new items: 3
Country: ch, product: iphone --> new items: 1
Country: ch, product: macbookair --> new items: 3
Country: tw, product: macbookpro --> new items: 10
Country: tw, product: macbookair --> new items: 30
Country: uk, product: iphone --> new items: 1
Country: uk, product: mini --> new items: 16
Country: uk, product: macbookpro --> new items: 3
Country: uk, product: macbookair --> new items: 8
Country: us, product: mini --> new items: 1
Country: us, product: macbookair --> new items: 15
------------------------------------------------------------
