Date: 2025/06/01 01:03:06
Country: sg, product: macbookpro --> new items: 1
Country: uk, product: ipad --> new items: 1
Country: uk, product: imac --> new items: 1
------------------------------------------------------------
Date: 2025/06/01 03:25:18
No new entries.
------------------------------------------------------------
Date: 2025/06/01 04:27:14
No new entries.
------------------------------------------------------------
Date: 2025/06/01 05:11:22
Country: us, product: iphone --> new items: 1
------------------------------------------------------------
Date: 2025/06/01 06:14:32
No new entries.
------------------------------------------------------------
Date: 2025/06/01 07:09:58
No new entries.
------------------------------------------------------------
Date: 2025/06/01 08:12:57
No new entries.
------------------------------------------------------------
Date: 2025/06/01 09:10:17
No new entries.
------------------------------------------------------------
Date: 2025/06/01 10:10:33
Country: ca, product: macbookpro --> new items: 18
Country: ca, product: macbookair --> new items: 8
Country: xf, product: macbookpro --> new items: 18
Country: xf, product: macbookair --> new items: 8
Country: es, product: macbookair --> new items: 1
Country: jp, product: macbookpro --> new items: 2
Country: us, product: macbookpro --> new items: 18
Country: us, product: macbookair --> new items: 8
------------------------------------------------------------
Date: 2025/06/01 11:07:41
Country: cn, product: ipad --> new items: 1
------------------------------------------------------------
Date: 2025/06/01 12:18:20
Country: kr, product: mini --> new items: 1
------------------------------------------------------------
Date: 2025/06/01 13:19:56
Country: jp, product: ipad --> new items: 1
------------------------------------------------------------
Date: 2025/06/01 14:08:52
No new entries.
------------------------------------------------------------
Date: 2025/06/01 15:09:23
Country: ca, product: macbookpro --> new items: 1
Country: xf, product: macbookpro --> new items: 1
------------------------------------------------------------
Date: 2025/06/01 16:11:24
Country: us, product: macbookpro --> new items: 1
------------------------------------------------------------
Date: 2025/06/01 17:08:29
Country: ie, product: iphone --> new items: 1
Country: uk, product: iphone --> new items: 1
------------------------------------------------------------
Date: 2025/06/01 18:13:11
No new entries.
------------------------------------------------------------
Date: 2025/06/01 19:07:48
Country: de, product: macbookair --> new items: 1
Country: at, product: macbookair --> new items: 1
------------------------------------------------------------
Date: 2025/06/01 20:11:13
Country: es, product: macbookpro --> new items: 2
Country: us, product: iphone --> new items: 1
------------------------------------------------------------
Date: 2025/06/01 21:08:55
No new entries.
------------------------------------------------------------
Date: 2025/06/01 22:09:36
Country: us, product: iphone --> new items: 1
------------------------------------------------------------
Date: 2025/06/01 23:09:47
Country: ie, product: macbookair --> new items: 1
------------------------------------------------------------
Date: 2025/06/02 00:55:09
No new entries.
------------------------------------------------------------
Date: 2025/06/02 02:44:18
No new entries.
------------------------------------------------------------
Date: 2025/06/02 03:45:40
No new entries.
------------------------------------------------------------
Date: 2025/06/02 04:21:43
No new entries.
------------------------------------------------------------
Date: 2025/06/02 05:12:42
No new entries.
------------------------------------------------------------
Date: 2025/06/02 06:16:30
No new entries.
------------------------------------------------------------
Date: 2025/06/02 07:12:19
No new entries.
------------------------------------------------------------
Date: 2025/06/02 08:16:01
No new entries.
------------------------------------------------------------
Date: 2025/06/02 09:12:21
Country: uk, product: macbookair --> new items: 2
------------------------------------------------------------
Date: 2025/06/02 10:11:59
Country: ie, product: macbookair --> new items: 1
------------------------------------------------------------
Date: 2025/06/02 11:09:41
No new entries.
------------------------------------------------------------
Date: 2025/06/02 12:20:34
Country: ie, product: imac --> new items: 9
Country: ie, product: macbookpro --> new items: 1
Country: ie, product: macbookair --> new items: 1
------------------------------------------------------------
