Date: 2024/05/01 00:36:31
Country: ca, product: mini --> new items: 6
Country: ca, product: macbookpro --> new items: 11
Country: ca, product: macbookair --> new items: 1
Country: xf, product: mini --> new items: 8
Country: xf, product: macbookpro --> new items: 13
Country: xf, product: macbookair --> new items: 1
Country: us, product: mini --> new items: 8
Country: us, product: macbookpro --> new items: 14
Country: us, product: macbookair --> new items: 1
------------------------------------------------------------
Date: 2024/05/01 01:52:25
Country: ca, product: mini --> new items: 2
Country: ca, product: macbookpro --> new items: 2
------------------------------------------------------------
Date: 2024/05/01 02:23:35
No new entries.
------------------------------------------------------------
Date: 2024/05/01 03:08:33
No new entries.
------------------------------------------------------------
Date: 2024/05/01 04:08:56
No new entries.
------------------------------------------------------------
Date: 2024/05/01 05:07:30
No new entries.
------------------------------------------------------------
Date: 2024/05/01 06:10:59
No new entries.
------------------------------------------------------------
Date: 2024/05/01 07:08:27
Country: jp, product: macbookpro --> new items: 2
Country: jp, product: macbookair --> new items: 1
------------------------------------------------------------
Date: 2024/05/01 08:11:47
No new entries.
------------------------------------------------------------
Date: 2024/05/01 09:08:39
No new entries.
------------------------------------------------------------
