Country: au, product: ipad --> new items: 0
Country: au, product: homepod --> new items: 0
Country: au, product: macstudio --> new items: 0
Country: au, product: mini --> new items: 0
Country: au, product: macbookpro --> new items: 0
Country: au, product: macbookair --> new items: 0
Country: au, product: watch --> new items: 0
Country: au, product: acc --> new items: 0
Country: bx, product: ipad --> new items: 0
Country: bx, product: iphone --> new items: 0
Country: bx, product: ipod --> new items: 0
Country: bx, product: homepod --> new items: 0
Country: bx, product: macstudio --> new items: 0
Country: bx, product: mini --> new items: 0
Country: bx, product: macbookpro --> new items: 0
Country: bx, product: macbookair --> new items: 0
Country: bx, product: atv --> new items: 0
Country: bx, product: acc --> new items: 0
Country: be, product: ipad --> new items: 0
Country: be, product: iphone --> new items: 0
Country: be, product: ipod --> new items: 0
Country: be, product: homepod --> new items: 0
Country: be, product: macstudio --> new items: 0
Country: be, product: mini --> new items: 0
Country: be, product: macbookpro --> new items: 0
Country: be, product: macbookair --> new items: 0
Country: be, product: atv --> new items: 0
Country: be, product: acc --> new items: 0
Country: ca, product: ipad --> new items: 0
Country: ca, product: iphone --> new items: 0
Country: ca, product: imac --> new items: 0
Country: ca, product: macpro --> new items: 0
Country: ca, product: macstudio --> new items: 0
Country: ca, product: mini --> new items: 0
Country: ca, product: macbookpro --> new items: 0
Country: ca, product: macbookair --> new items: 0
Country: ca, product: acc --> new items: 0
Country: xf, product: ipad --> new items: 0
Country: xf, product: iphone --> new items: 0
Country: xf, product: imac --> new items: 0
Country: xf, product: macpro --> new items: 0
Country: xf, product: macstudio --> new items: 0
Country: xf, product: mini --> new items: 0
Country: xf, product: macbookpro --> new items: 0
Country: xf, product: macbookair --> new items: 0
Country: xf, product: acc --> new items: 0
Country: cn, product: ipad --> new items: 0
Country: cn, product: homepod --> new items: 0
Country: cn, product: imac --> new items: 0
Country: cn, product: macstudio --> new items: 0
Country: cn, product: mini --> new items: 0
Country: cn, product: macbookpro --> new items: 0
Country: cn, product: macbookair --> new items: 0
Country: cn, product: watch --> new items: 0
Country: cn, product: acc --> new items: 0
Country: de, product: ipad --> new items: 0
Country: de, product: iphone --> new items: 0
Country: de, product: ipod --> new items: 0
Country: de, product: homepod --> new items: 0
Country: de, product: imac --> new items: 1
Country: de, product: macpro --> new items: 0
Country: de, product: mini --> new items: 0
Country: de, product: macbookpro --> new items: 0
Country: de, product: macbookair --> new items: 0
Country: de, product: atv --> new items: 0
Country: de, product: acc --> new items: 0
Country: es, product: ipad --> new items: 0
Country: es, product: iphone --> new items: 0
Country: es, product: ipod --> new items: 0
Country: es, product: homepod --> new items: 0
Country: es, product: imac --> new items: 2
Country: es, product: macpro --> new items: 0
Country: es, product: macstudio --> new items: 0
Country: es, product: mini --> new items: 0
Country: es, product: macbookpro --> new items: 0
Country: es, product: macbookair --> new items: 0
Country: es, product: atv --> new items: 0
Country: fr, product: iphone --> new items: 0
Country: fr, product: imac --> new items: 7
Country: fr, product: macpro --> new items: 0
Country: fr, product: macbookpro --> new items: 0
Country: fr, product: macbookair --> new items: 0
Country: fr, product: acc --> new items: 0
Country: hk, product: ipad --> new items: 0
Country: hk, product: macstudio --> new items: 0
Country: hk, product: mini --> new items: 0
Country: hk, product: macbookpro --> new items: 0
Country: ie, product: ipad --> new items: 0
Country: ie, product: iphone --> new items: 0
Country: ie, product: homepod --> new items: 0
Country: ie, product: imac --> new items: 0
Country: ie, product: macstudio --> new items: 0
Country: ie, product: mini --> new items: 0
Country: ie, product: macbookpro --> new items: 0
Country: ie, product: macbookair --> new items: 0
Country: ie, product: watch --> new items: 0
Country: ie, product: atv --> new items: 0
Country: ie, product: acc --> new items: 0
Country: it, product: ipad --> new items: 0
Country: it, product: iphone --> new items: 0
Country: it, product: homepod --> new items: 0
Country: it, product: imac --> new items: 4
Country: it, product: macstudio --> new items: 0
Country: it, product: mini --> new items: 0
Country: it, product: macbookpro --> new items: 0
Country: it, product: macbookair --> new items: 0
Country: it, product: atv --> new items: 0
Country: jp, product: ipad --> new items: 0
Country: jp, product: iphone --> new items: 0
Country: jp, product: imac --> new items: 0
Country: jp, product: macpro --> new items: 0
Country: jp, product: macstudio --> new items: 0
Country: jp, product: macbookpro --> new items: 0
Country: jp, product: watch --> new items: 0
Country: jp, product: atv --> new items: 0
Country: nl, product: ipad --> new items: 0
Country: nl, product: iphone --> new items: 0
Country: nl, product: ipod --> new items: 0
Country: nl, product: homepod --> new items: 0
Country: nl, product: imac --> new items: 3
Country: nl, product: macstudio --> new items: 0
Country: nl, product: mini --> new items: 0
Country: nl, product: macbookpro --> new items: 0
Country: nl, product: macbookair --> new items: 0
Country: nl, product: atv --> new items: 0
Country: nl, product: acc --> new items: 0
Country: nz, product: ipad --> new items: 0
Country: nz, product: homepod --> new items: 0
Country: nz, product: macstudio --> new items: 0
Country: nz, product: mini --> new items: 0
Country: nz, product: macbookpro --> new items: 0
Country: nz, product: macbookair --> new items: 0
Country: nz, product: watch --> new items: 0
Country: at, product: ipad --> new items: 0
Country: at, product: iphone --> new items: 0
Country: at, product: ipod --> new items: 0
Country: at, product: homepod --> new items: 0
Country: at, product: imac --> new items: 0
Country: at, product: macpro --> new items: 0
Country: at, product: mini --> new items: 0
Country: at, product: macbookpro --> new items: 0
Country: at, product: macbookair --> new items: 0
Country: at, product: atv --> new items: 0
Country: at, product: acc --> new items: 0
Country: pl, product: ipad --> new items: 0
Country: pl, product: mini --> new items: 0
Country: pl, product: macbookpro --> new items: 0
Country: pl, product: macbookair --> new items: 0
Country: pl, product: acc --> new items: 0
Country: sg, product: ipad --> new items: 0
Country: sg, product: macstudio --> new items: 0
Country: sg, product: mini --> new items: 0
Country: sg, product: macbookpro --> new items: 0
Country: sg, product: macbookair --> new items: 0
Country: sg, product: atv --> new items: 0
Country: sg, product: acc --> new items: 0
Country: kr, product: ipad --> new items: 0
Country: kr, product: mini --> new items: 0
Country: kr, product: atv --> new items: 0
Country: kr, product: acc --> new items: 0
Country: cx, product: ipad --> new items: 0
Country: cx, product: iphone --> new items: 0
Country: cx, product: ipod --> new items: 0
Country: cx, product: homepod --> new items: 0
Country: cx, product: imac --> new items: 0
Country: cx, product: macstudio --> new items: 0
Country: cx, product: mini --> new items: 0
Country: cx, product: macbookpro --> new items: 0
Country: cx, product: macbookair --> new items: 0
Country: cx, product: atv --> new items: 0
Country: cx, product: acc --> new items: 0
Country: ch, product: ipad --> new items: 0
Country: ch, product: iphone --> new items: 0
Country: ch, product: ipod --> new items: 0
Country: ch, product: homepod --> new items: 0
Country: ch, product: imac --> new items: 0
Country: ch, product: macstudio --> new items: 0
Country: ch, product: mini --> new items: 0
Country: ch, product: macbookpro --> new items: 0
Country: ch, product: macbookair --> new items: 0
Country: ch, product: atv --> new items: 0
Country: ch, product: acc --> new items: 0
Country: tw, product: ipad --> new items: 0
Country: tw, product: macstudio --> new items: 0
Country: tw, product: mini --> new items: 0
Country: tw, product: macbookpro --> new items: 0
Country: tw, product: macbookair --> new items: 0
Country: tw, product: atv --> new items: 0
Country: tw, product: acc --> new items: 0
Country: uk, product: ipad --> new items: 0
Country: uk, product: iphone --> new items: 0
Country: uk, product: homepod --> new items: 0
Country: uk, product: imac --> new items: 0
Country: uk, product: macstudio --> new items: 0
Country: uk, product: mini --> new items: 0
Country: uk, product: macbookpro --> new items: 0
Country: uk, product: macbookair --> new items: 0
Country: uk, product: watch --> new items: 0
Country: uk, product: atv --> new items: 0
Country: uk, product: acc --> new items: 0
Country: us, product: ipad --> new items: 0
Country: us, product: iphone --> new items: 0
Country: us, product: homepod --> new items: 0
Country: us, product: imac --> new items: 0
Country: us, product: macpro --> new items: 0
Country: us, product: macstudio --> new items: 0
Country: us, product: mini --> new items: 0
Country: us, product: macbookpro --> new items: 0
Country: us, product: macbookair --> new items: 0
Country: us, product: watch --> new items: 0
Country: us, product: acc --> new items: 0
