Date: 2026/03/01 01:16:15
Country: kr, product: macstudio --> new items: 1
Country: us, product: ipad --> new items: 1
Country: us, product: iphone --> new items: 2
------------------------------------------------------------
Date: 2026/03/01 04:12:31
Country: ca, product: ipad --> new items: 1
Country: xf, product: ipad --> new items: 1
------------------------------------------------------------
Date: 2026/03/01 05:43:30
Country: sg, product: macbookair --> new items: 1
------------------------------------------------------------
Date: 2026/03/01 06:33:06
No new entries.
------------------------------------------------------------
Date: 2026/03/01 07:25:44
Country: jp, product: macbookair --> new items: 1
------------------------------------------------------------
Date: 2026/03/01 08:18:43
Country: jp, product: macstudio --> new items: 1
------------------------------------------------------------
Date: 2026/03/01 09:19:03
No new entries.
------------------------------------------------------------
Date: 2026/03/01 10:14:32
Country: de, product: macbookair --> new items: 1
Country: at, product: macbookair --> new items: 1
------------------------------------------------------------
Date: 2026/03/01 11:12:02
No new entries.
------------------------------------------------------------
Date: 2026/03/01 12:25:23
Country: ca, product: ipad --> new items: 1
Country: xf, product: ipad --> new items: 1
Country: de, product: macbookpro --> new items: 1
Country: de, product: macbookair --> new items: 1
Country: at, product: macbookpro --> new items: 1
Country: at, product: macbookair --> new items: 1
------------------------------------------------------------
Date: 2026/03/01 13:32:24
Country: de, product: mini --> new items: 1
Country: at, product: mini --> new items: 1
Country: kr, product: macbookpro --> new items: 1
------------------------------------------------------------
Date: 2026/03/01 14:15:31
Country: de, product: macbookair --> new items: 1
Country: jp, product: macbookpro --> new items: 1
Country: at, product: macbookair --> new items: 1
------------------------------------------------------------
Date: 2026/03/01 15:13:11
Country: nl, product: macbookpro --> new items: 1
Country: us, product: iphone --> new items: 1
------------------------------------------------------------
Date: 2026/03/01 16:15:19
Country: be, product: iphone --> new items: 1
Country: ie, product: iphone --> new items: 1
Country: nl, product: iphone --> new items: 1
Country: at, product: iphone --> new items: 1
Country: cx, product: iphone --> new items: 1
------------------------------------------------------------
Date: 2026/03/01 17:14:15
Country: bx, product: iphone --> new items: 1
Country: de, product: iphone --> new items: 1
Country: ch, product: iphone --> new items: 1
------------------------------------------------------------
Date: 2026/03/01 18:19:07
Country: nl, product: macbookair --> new items: 1
Country: us, product: ipad --> new items: 1
------------------------------------------------------------
Date: 2026/03/01 19:14:45
Country: bx, product: iphone --> new items: 1
Country: be, product: iphone --> new items: 1
Country: de, product: iphone --> new items: 1
Country: ie, product: iphone --> new items: 1
Country: nl, product: iphone --> new items: 1
Country: nl, product: macbookair --> new items: 1
Country: at, product: iphone --> new items: 1
Country: cx, product: iphone --> new items: 1
Country: ch, product: iphone --> new items: 1
------------------------------------------------------------
Date: 2026/03/01 20:14:31
No new entries.
------------------------------------------------------------
Date: 2026/03/01 21:13:17
Country: ca, product: macbookair --> new items: 1
Country: xf, product: macbookair --> new items: 1
Country: de, product: mini --> new items: 1
Country: fr, product: macbookpro --> new items: 1
Country: at, product: mini --> new items: 1
Country: us, product: macbookair --> new items: 1
------------------------------------------------------------
Date: 2026/03/01 22:13:21
Country: us, product: iphone --> new items: 1
------------------------------------------------------------
Date: 2026/03/01 23:13:45
Country: bx, product: iphone --> new items: 2
Country: be, product: iphone --> new items: 1
Country: de, product: iphone --> new items: 1
Country: de, product: homepod --> new items: 1
Country: ie, product: iphone --> new items: 1
Country: jp, product: macbookair --> new items: 1
Country: nl, product: iphone --> new items: 1
Country: at, product: iphone --> new items: 1
Country: at, product: homepod --> new items: 1
Country: cx, product: iphone --> new items: 1
Country: ch, product: iphone --> new items: 1
------------------------------------------------------------
Date: 2026/03/02 01:08:30
No new entries.
------------------------------------------------------------
Date: 2026/03/02 04:03:27
Country: de, product: macbookair --> new items: 1
Country: es, product: macbookpro --> new items: 1
Country: hk, product: ipad --> new items: 1
Country: at, product: macbookair --> new items: 1
Country: sg, product: ipad --> new items: 1
------------------------------------------------------------
Date: 2026/03/02 05:43:43
Country: ca, product: ipad --> new items: 1
Country: xf, product: ipad --> new items: 1
Country: us, product: iphone --> new items: 2
------------------------------------------------------------
Date: 2026/03/02 06:42:57
No new entries.
------------------------------------------------------------
Date: 2026/03/02 07:41:25
Country: de, product: mini --> new items: 1
Country: hk, product: macbookair --> new items: 1
Country: at, product: mini --> new items: 1
Country: us, product: iphone --> new items: 1
------------------------------------------------------------
Date: 2026/03/02 08:31:47
Country: hk, product: macbookpro --> new items: 11
Country: hk, product: macbookair --> new items: 20
------------------------------------------------------------
Date: 2026/03/02 09:36:47
Country: au, product: macbookair --> new items: 33
Country: nz, product: macbookair --> new items: 33
Country: us, product: iphone --> new items: 1
------------------------------------------------------------
Date: 2026/03/02 10:34:11
Country: de, product: macbookair --> new items: 1
Country: at, product: macbookair --> new items: 1
------------------------------------------------------------
Date: 2026/03/02 11:25:30
Country: at, product: macbookair --> new items: 1
------------------------------------------------------------
Date: 2026/03/02 12:33:13
Country: de, product: homepod --> new items: 1
Country: de, product: macbookair --> new items: 1
Country: at, product: homepod --> new items: 1
------------------------------------------------------------
Date: 2026/03/02 13:52:24
Country: de, product: macbookair --> new items: 2
Country: at, product: macbookair --> new items: 2
------------------------------------------------------------
Date: 2026/03/02 14:35:44
Country: ca, product: ipad --> new items: 33
Country: xf, product: ipad --> new items: 33
Country: de, product: macbookpro --> new items: 2
Country: ie, product: ipad --> new items: 16
Country: nl, product: macbookpro --> new items: 1
Country: at, product: macbookpro --> new items: 2
Country: pl, product: ipad --> new items: 3
Country: uk, product: ipad --> new items: 79
Country: us, product: ipad --> new items: 89
------------------------------------------------------------
Date: 2026/03/02 15:31:27
Country: au, product: ipad --> new items: 4
Country: cn, product: ipad --> new items: 49
Country: hk, product: ipad --> new items: 18
Country: nz, product: ipad --> new items: 4
Country: sg, product: ipad --> new items: 18
------------------------------------------------------------
Date: 2026/03/02 16:31:00
Country: nl, product: macbookpro --> new items: 1
------------------------------------------------------------
Date: 2026/03/02 17:36:11
Country: es, product: macbookpro --> new items: 1
------------------------------------------------------------
Date: 2026/03/02 18:31:48
No new entries.
------------------------------------------------------------
Date: 2026/03/02 19:29:35
Country: de, product: homepod --> new items: 1
Country: de, product: macbookair --> new items: 1
Country: at, product: homepod --> new items: 1
Country: at, product: macbookair --> new items: 1
Country: us, product: iphone --> new items: 1
------------------------------------------------------------
Date: 2026/03/02 20:23:44
Country: jp, product: iphone --> new items: 1
------------------------------------------------------------
Date: 2026/03/02 21:23:23
Country: de, product: macbookair --> new items: 1
Country: at, product: homepod --> new items: 1
Country: at, product: macbookair --> new items: 1
Country: us, product: iphone --> new items: 4
------------------------------------------------------------
Date: 2026/03/02 22:17:31
Country: de, product: mini --> new items: 1
Country: at, product: mini --> new items: 1
Country: us, product: iphone --> new items: 2
------------------------------------------------------------
Date: 2026/03/02 23:15:39
Country: us, product: iphone --> new items: 1
------------------------------------------------------------
Date: 2026/03/03 01:10:35
Country: bx, product: homepod --> new items: 1
Country: be, product: homepod --> new items: 1
Country: es, product: homepod --> new items: 1
Country: es, product: macbookair --> new items: 1
Country: ie, product: macbookair --> new items: 20
Country: it, product: homepod --> new items: 1
Country: nl, product: homepod --> new items: 1
Country: cx, product: homepod --> new items: 1
Country: ch, product: homepod --> new items: 1
Country: uk, product: macbookair --> new items: 20
------------------------------------------------------------
Date: 2026/03/03 04:04:09
Country: cn, product: mini --> new items: 1
Country: us, product: iphone --> new items: 3
Country: us, product: watch --> new items: 1
------------------------------------------------------------
Date: 2026/03/03 05:40:39
Country: tw, product: macstudio --> new items: 2
Country: tw, product: macbookpro --> new items: 14
Country: tw, product: macbookair --> new items: 31
Country: us, product: iphone --> new items: 2
------------------------------------------------------------
Date: 2026/03/03 06:37:03
Country: au, product: macbookair --> new items: 3
Country: jp, product: macstudio --> new items: 6
Country: jp, product: mini --> new items: 6
Country: jp, product: macbookpro --> new items: 6
Country: jp, product: macbookair --> new items: 30
Country: nz, product: macbookair --> new items: 3
Country: at, product: macbookpro --> new items: 1
------------------------------------------------------------
Date: 2026/03/03 07:35:19
Country: ca, product: imac --> new items: 1
Country: xf, product: imac --> new items: 1
Country: de, product: macbookpro --> new items: 1
Country: us, product: imac --> new items: 1
------------------------------------------------------------
Date: 2026/03/03 08:28:25
Country: hk, product: macbookair --> new items: 1
Country: ie, product: macbookair --> new items: 1
Country: uk, product: macbookair --> new items: 1
Country: us, product: iphone --> new items: 1
------------------------------------------------------------
Date: 2026/03/03 09:31:00
Country: nl, product: macbookair --> new items: 1
Country: sg, product: macstudio --> new items: 1
Country: sg, product: mini --> new items: 9
Country: sg, product: macbookair --> new items: 1
------------------------------------------------------------
Date: 2026/03/03 10:28:22
Country: de, product: homepod --> new items: 1
Country: es, product: macbookair --> new items: 1
Country: nl, product: macbookpro --> new items: 1
Country: at, product: homepod --> new items: 2
------------------------------------------------------------
Date: 2026/03/03 11:23:44
Country: de, product: homepod --> new items: 1
Country: pl, product: ipad --> new items: 1
Country: us, product: iphone --> new items: 1
------------------------------------------------------------
Date: 2026/03/03 12:32:51
Country: de, product: macbookair --> new items: 1
Country: sg, product: macbookpro --> new items: 1
Country: uk, product: ipad --> new items: 6
------------------------------------------------------------
Date: 2026/03/03 13:51:32
Country: it, product: macbookair --> new items: 1
Country: at, product: macstudio --> new items: 1
Country: at, product: macbookair --> new items: 1
Country: sg, product: macbookpro --> new items: 10
------------------------------------------------------------
Date: 2026/03/03 14:36:07
Country: bx, product: macbookpro --> new items: 100
Country: bx, product: macbookair --> new items: 89
Country: be, product: macbookpro --> new items: 100
Country: be, product: macbookair --> new items: 89
Country: ca, product: macbookpro --> new items: 2
Country: ca, product: macbookair --> new items: 23
Country: xf, product: macbookpro --> new items: 2
Country: xf, product: macbookair --> new items: 23
Country: de, product: macstudio --> new items: 1
Country: de, product: macbookpro --> new items: 81
Country: de, product: macbookair --> new items: 53
Country: es, product: macbookpro --> new items: 45
Country: es, product: macbookair --> new items: 65
Country: fr, product: macbookpro --> new items: 33
Country: fr, product: macbookair --> new items: 6
Country: ie, product: macbookpro --> new items: 1
Country: ie, product: macbookair --> new items: 20
Country: it, product: macbookpro --> new items: 30
Country: it, product: macbookair --> new items: 23
Country: nl, product: macbookpro --> new items: 16
Country: nl, product: macbookair --> new items: 6
Country: at, product: macbookpro --> new items: 82
Country: at, product: macbookair --> new items: 53
Country: pl, product: macbookpro --> new items: 48
Country: pl, product: macbookair --> new items: 49
Country: cx, product: macbookpro --> new items: 88
Country: cx, product: macbookair --> new items: 77
Country: ch, product: macbookpro --> new items: 88
Country: ch, product: macbookair --> new items: 77
Country: uk, product: macbookpro --> new items: 1
Country: uk, product: macbookair --> new items: 20
Country: us, product: macbookpro --> new items: 2
Country: us, product: macbookair --> new items: 23
------------------------------------------------------------
Date: 2026/03/03 15:37:31
Country: au, product: macbookpro --> new items: 6
Country: au, product: macbookair --> new items: 17
Country: bx, product: iphone --> new items: 1
Country: be, product: iphone --> new items: 1
Country: cn, product: macbookpro --> new items: 11
Country: cn, product: macbookair --> new items: 23
Country: de, product: iphone --> new items: 1
Country: hk, product: macbookair --> new items: 19
Country: ie, product: iphone --> new items: 1
Country: jp, product: macbookair --> new items: 1
Country: nl, product: iphone --> new items: 1
Country: nz, product: macbookpro --> new items: 1
Country: nz, product: macbookair --> new items: 17
Country: at, product: iphone --> new items: 1
Country: sg, product: macbookpro --> new items: 16
Country: sg, product: macbookair --> new items: 43
Country: cx, product: iphone --> new items: 1
Country: ch, product: iphone --> new items: 1
Country: tw, product: macbookpro --> new items: 6
Country: tw, product: macbookair --> new items: 13
------------------------------------------------------------
Date: 2026/03/03 16:34:22
Country: xf, product: macbookair --> new items: 1
Country: de, product: macbookair --> new items: 1
Country: hk, product: macbookpro --> new items: 21
Country: jp, product: macbookpro --> new items: 8
Country: jp, product: macbookair --> new items: 14
Country: nl, product: macbookpro --> new items: 1
Country: nl, product: macbookair --> new items: 1
Country: at, product: macbookair --> new items: 1
------------------------------------------------------------
Date: 2026/03/03 17:34:44
Country: ca, product: macbookair --> new items: 2
Country: xf, product: macbookair --> new items: 1
Country: nl, product: macbookpro --> new items: 1
Country: nl, product: macbookair --> new items: 2
Country: us, product: macbookair --> new items: 2
Country: us, product: watch --> new items: 1
------------------------------------------------------------
Date: 2026/03/03 18:33:44
Country: bx, product: macbookpro --> new items: 1
Country: be, product: macbookpro --> new items: 1
Country: fr, product: macstudio --> new items: 1
------------------------------------------------------------
Date: 2026/03/03 19:32:12
Country: de, product: macbookair --> new items: 1
Country: es, product: macbookair --> new items: 1
Country: fr, product: macbookair --> new items: 1
Country: it, product: macstudio --> new items: 2
Country: nl, product: macbookpro --> new items: 1
Country: at, product: macbookair --> new items: 1
Country: cx, product: macbookair --> new items: 1
Country: ch, product: macbookair --> new items: 1
------------------------------------------------------------
Date: 2026/03/03 20:21:38
Country: bx, product: macstudio --> new items: 1
Country: be, product: macstudio --> new items: 1
Country: de, product: macstudio --> new items: 3
Country: fr, product: macstudio --> new items: 1
Country: fr, product: macbookpro --> new items: 1
Country: ie, product: macbookair --> new items: 1
Country: nl, product: macstudio --> new items: 1
Country: nl, product: macbookair --> new items: 1
Country: at, product: macstudio --> new items: 3
Country: cx, product: macstudio --> new items: 1
Country: ch, product: macstudio --> new items: 1
Country: us, product: iphone --> new items: 1
------------------------------------------------------------
Date: 2026/03/03 21:23:52
Country: ca, product: macbookpro --> new items: 8
Country: ca, product: macbookair --> new items: 13
Country: xf, product: macbookpro --> new items: 8
Country: xf, product: macbookair --> new items: 13
Country: de, product: macbookpro --> new items: 1
Country: jp, product: mini --> new items: 1
Country: at, product: macbookpro --> new items: 1
Country: us, product: macbookpro --> new items: 8
Country: us, product: macbookair --> new items: 15
------------------------------------------------------------
