Date: 2025/04/01 00:55:00
Country: au, product: ipad --> new items: 18
Country: ca, product: macbookpro --> new items: 1
Country: xf, product: macbookpro --> new items: 1
Country: ie, product: macbookair --> new items: 1
Country: jp, product: watch --> new items: 1
Country: nz, product: ipad --> new items: 18
Country: sg, product: ipad --> new items: 31
Country: kr, product: ipad --> new items: 8
Country: tw, product: ipad --> new items: 10
Country: uk, product: macbookair --> new items: 1
Country: us, product: macbookpro --> new items: 1
------------------------------------------------------------
Date: 2025/04/01 02:39:27
Country: au, product: imac --> new items: 1
Country: au, product: macbookair --> new items: 6
Country: ca, product: imac --> new items: 1
Country: cn, product: mini --> new items: 7
Country: cn, product: macbookpro --> new items: 91
Country: hk, product: ipad --> new items: 31
Country: jp, product: mini --> new items: 2
Country: nz, product: imac --> new items: 1
Country: nz, product: macbookair --> new items: 6
Country: tw, product: macbookpro --> new items: 38
Country: tw, product: macbookair --> new items: 4
Country: us, product: imac --> new items: 1
------------------------------------------------------------
Date: 2025/04/01 03:37:07
Country: ca, product: mini --> new items: 1
Country: xf, product: mini --> new items: 1
Country: nz, product: macbookpro --> new items: 2
------------------------------------------------------------
Date: 2025/04/01 04:13:36
Country: au, product: macbookpro --> new items: 13
Country: jp, product: macbookair --> new items: 2
Country: nz, product: macbookpro --> new items: 6
Country: tw, product: mini --> new items: 4
Country: us, product: mini --> new items: 1
------------------------------------------------------------
