Date: 2025/02/01 00:45:55
Country: ca, product: macbookpro --> new items: 1
Country: xf, product: macbookpro --> new items: 1
Country: us, product: macbookpro --> new items: 1
------------------------------------------------------------
Date: 2025/02/01 02:11:33
Country: ca, product: macbookpro --> new items: 4
Country: xf, product: macbookpro --> new items: 4
Country: us, product: macbookpro --> new items: 4
------------------------------------------------------------
Date: 2025/02/01 03:14:17
No new entries.
------------------------------------------------------------
Date: 2025/02/01 04:10:50
No new entries.
------------------------------------------------------------
Date: 2025/02/01 05:08:23
No new entries.
------------------------------------------------------------
Date: 2025/02/01 06:11:46
No new entries.
------------------------------------------------------------
Date: 2025/02/01 07:07:46
No new entries.
------------------------------------------------------------
Date: 2025/02/01 08:10:45
No new entries.
------------------------------------------------------------
