Date: 2024/04/01 03:17:51
Country: us, product: iphone --> new items: 1
------------------------------------------------------------
Date: 2024/04/01 04:20:17
Country: ca, product: mini --> new items: 1
Country: xf, product: mini --> new items: 1
Country: us, product: mini --> new items: 1
------------------------------------------------------------
Date: 2024/04/01 05:17:02
Country: jp, product: macbookair --> new items: 10
------------------------------------------------------------
Date: 2024/04/01 06:22:21
Country: hk, product: macbookpro --> new items: 3
Country: hk, product: macbookair --> new items: 1
Country: jp, product: macbookpro --> new items: 11
Country: jp, product: macbookair --> new items: 13
------------------------------------------------------------
Date: 2024/04/01 08:22:41
Country: cn, product: watch --> new items: 1
Country: hk, product: macbookair --> new items: 2
Country: us, product: iphone --> new items: 1
------------------------------------------------------------
Date: 2024/04/01 09:18:34
Country: cn, product: macbookair --> new items: 4
------------------------------------------------------------
Date: 2024/04/01 11:15:31
Country: jp, product: macbookair --> new items: 1
------------------------------------------------------------
Date: 2024/04/01 20:19:16
Country: au, product: macbookair --> new items: 1
Country: ca, product: macbookpro --> new items: 1
Country: nz, product: macbookair --> new items: 1
Country: us, product: iphone --> new items: 1
------------------------------------------------------------
Date: 2024/04/01 23:18:28
Country: ca, product: macbookpro --> new items: 2
Country: xf, product: macbookpro --> new items: 2
Country: us, product: macbookpro --> new items: 2
------------------------------------------------------------
Date: 2024/04/02 01:15:41
Country: ca, product: macbookair --> new items: 8
Country: xf, product: macbookair --> new items: 8
Country: us, product: macbookair --> new items: 8
------------------------------------------------------------
Date: 2024/04/02 02:25:57
Country: ca, product: macstudio --> new items: 1
Country: ca, product: mini --> new items: 1
Country: ca, product: macbookpro --> new items: 8
Country: xf, product: macstudio --> new items: 1
Country: xf, product: mini --> new items: 1
Country: xf, product: macbookpro --> new items: 8
Country: jp, product: macstudio --> new items: 1
Country: us, product: macstudio --> new items: 1
Country: us, product: mini --> new items: 1
Country: us, product: macbookpro --> new items: 8
------------------------------------------------------------
Date: 2024/04/02 03:19:26
Country: ca, product: macstudio --> new items: 8
Country: xf, product: macstudio --> new items: 8
Country: cn, product: macbookair --> new items: 1
Country: us, product: macpro --> new items: 3
Country: us, product: macstudio --> new items: 8
------------------------------------------------------------
Date: 2024/04/02 04:19:34
Country: ca, product: macpro --> new items: 3
Country: ca, product: macstudio --> new items: 7
Country: xf, product: macpro --> new items: 3
Country: xf, product: macstudio --> new items: 7
Country: us, product: macstudio --> new items: 7
------------------------------------------------------------
Date: 2024/04/02 05:15:50
Country: tw, product: macbookpro --> new items: 9
Country: tw, product: macbookair --> new items: 29
------------------------------------------------------------
Date: 2024/04/02 06:22:08
Country: us, product: iphone --> new items: 1
------------------------------------------------------------
Date: 2024/04/02 08:20:54
Country: jp, product: imac --> new items: 5
------------------------------------------------------------
Date: 2024/04/02 09:17:18
Country: cn, product: ipad --> new items: 1
Country: de, product: imac --> new items: 3
Country: it, product: imac --> new items: 3
Country: nl, product: imac --> new items: 1
Country: at, product: imac --> new items: 3
------------------------------------------------------------
Date: 2024/04/02 10:18:34
Country: cn, product: ipad --> new items: 1
Country: fr, product: imac --> new items: 6
Country: ie, product: iphone --> new items: 1
------------------------------------------------------------
Date: 2024/04/02 11:14:27
Country: cn, product: ipad --> new items: 1
Country: ie, product: ipad --> new items: 1
Country: uk, product: ipad --> new items: 1
------------------------------------------------------------
Date: 2024/04/02 12:32:08
Country: de, product: macbookair --> new items: 1
Country: at, product: macbookair --> new items: 1
------------------------------------------------------------
Date: 2024/04/02 14:15:30
Country: cn, product: macbookpro --> new items: 1
Country: ie, product: imac --> new items: 8
Country: uk, product: imac --> new items: 8
------------------------------------------------------------
Date: 2024/04/02 15:17:40
Country: ie, product: macpro --> new items: 1
Country: uk, product: macpro --> new items: 1
------------------------------------------------------------
Date: 2024/04/02 16:21:34
Country: ie, product: macbookair --> new items: 1
Country: jp, product: macbookair --> new items: 1
Country: cx, product: imac --> new items: 1
Country: ch, product: imac --> new items: 1
Country: uk, product: macbookair --> new items: 1
------------------------------------------------------------
Date: 2024/04/02 17:17:21
Country: ca, product: macstudio --> new items: 1
Country: ca, product: mini --> new items: 6
Country: xf, product: macstudio --> new items: 4
Country: xf, product: mini --> new items: 12
Country: cn, product: macbookpro --> new items: 13
Country: us, product: macstudio --> new items: 1
Country: us, product: mini --> new items: 6
------------------------------------------------------------
Date: 2024/04/02 18:20:56
Country: ca, product: macstudio --> new items: 3
Country: ca, product: mini --> new items: 5
Country: ie, product: macbookpro --> new items: 2
Country: ie, product: macbookair --> new items: 6
Country: uk, product: macbookpro --> new items: 2
Country: uk, product: macbookair --> new items: 6
Country: us, product: macstudio --> new items: 3
Country: us, product: mini --> new items: 5
------------------------------------------------------------
Date: 2024/04/02 19:13:04
Country: ca, product: macbookair --> new items: 1
------------------------------------------------------------
Date: 2024/04/02 20:16:41
Country: xf, product: macbookair --> new items: 1
Country: us, product: macbookair --> new items: 1
------------------------------------------------------------
Date: 2024/04/02 23:17:43
Country: ca, product: macstudio --> new items: 3
Country: ca, product: mini --> new items: 8
Country: ie, product: mini --> new items: 2
Country: ie, product: macbookair --> new items: 4
Country: uk, product: mini --> new items: 2
Country: uk, product: macbookair --> new items: 5
------------------------------------------------------------
Date: 2024/04/03 01:11:44
Country: ca, product: mini --> new items: 7
Country: ca, product: macbookair --> new items: 15
Country: xf, product: macstudio --> new items: 3
Country: xf, product: mini --> new items: 15
Country: xf, product: macbookair --> new items: 15
Country: cn, product: macbookpro --> new items: 1
Country: ie, product: macbookair --> new items: 12
Country: uk, product: macbookair --> new items: 12
Country: us, product: macstudio --> new items: 3
Country: us, product: mini --> new items: 15
Country: us, product: macbookair --> new items: 16
------------------------------------------------------------
Date: 2024/04/03 02:23:21
Country: ca, product: macbookair --> new items: 4
Country: xf, product: macbookair --> new items: 6
Country: ie, product: macstudio --> new items: 5
Country: sg, product: macbookpro --> new items: 5
Country: sg, product: macbookair --> new items: 3
Country: uk, product: macstudio --> new items: 5
Country: us, product: macbookair --> new items: 4
------------------------------------------------------------
Date: 2024/04/03 05:16:26
Country: nz, product: macbookpro --> new items: 4
------------------------------------------------------------
Date: 2024/04/03 06:21:21
Country: au, product: macbookpro --> new items: 3
Country: us, product: iphone --> new items: 1
------------------------------------------------------------
Date: 2024/04/03 07:15:39
Country: au, product: macbookpro --> new items: 10
Country: cn, product: watch --> new items: 1
Country: ie, product: macbookair --> new items: 6
Country: uk, product: macbookair --> new items: 6
------------------------------------------------------------
Date: 2024/04/03 08:21:01
Country: de, product: macbookpro --> new items: 1
Country: at, product: macbookpro --> new items: 1
------------------------------------------------------------
Date: 2024/04/03 09:17:25
Country: cn, product: macbookair --> new items: 4
Country: cn, product: watch --> new items: 1
------------------------------------------------------------
Date: 2024/04/03 11:14:06
Country: fr, product: macbookair --> new items: 15
Country: at, product: macbookair --> new items: 5
Country: ch, product: macbookair --> new items: 1
------------------------------------------------------------
Date: 2024/04/03 12:30:42
Country: de, product: macbookair --> new items: 5
Country: es, product: macbookair --> new items: 3
Country: ie, product: macbookair --> new items: 1
Country: it, product: macbookair --> new items: 4
Country: nl, product: macbookair --> new items: 1
Country: cx, product: macbookair --> new items: 1
------------------------------------------------------------
Date: 2024/04/03 13:29:22
Country: bx, product: mini --> new items: 2
Country: be, product: mini --> new items: 2
Country: de, product: mini --> new items: 2
Country: fr, product: mini --> new items: 1
Country: nl, product: mini --> new items: 2
Country: at, product: mini --> new items: 2
Country: uk, product: macbookair --> new items: 1
------------------------------------------------------------
Date: 2024/04/03 15:16:42
Country: cn, product: watch --> new items: 1
------------------------------------------------------------
Date: 2024/04/03 16:19:59
Country: xf, product: macbookpro --> new items: 5
Country: xf, product: macbookair --> new items: 4
------------------------------------------------------------
Date: 2024/04/03 17:14:44
Country: ca, product: macbookpro --> new items: 3
Country: ca, product: macbookair --> new items: 14
Country: xf, product: macbookair --> new items: 11
Country: fr, product: acc --> new items: 1
Country: it, product: macbookair --> new items: 2
Country: cx, product: macbookair --> new items: 1
Country: ch, product: macbookair --> new items: 1
Country: us, product: macbookpro --> new items: 3
Country: us, product: macbookair --> new items: 16
------------------------------------------------------------
Date: 2024/04/03 18:20:51
Country: ca, product: macstudio --> new items: 11
Country: ca, product: macbookair --> new items: 1
Country: xf, product: macstudio --> new items: 10
Country: fr, product: macbookair --> new items: 1
Country: us, product: macstudio --> new items: 10
------------------------------------------------------------
Date: 2024/04/03 19:15:04
Country: ca, product: macstudio --> new items: 5
Country: ca, product: macbookpro --> new items: 6
Country: xf, product: macstudio --> new items: 5
Country: xf, product: macbookpro --> new items: 6
Country: us, product: ipad --> new items: 1
Country: us, product: macstudio --> new items: 5
Country: us, product: macbookpro --> new items: 6
------------------------------------------------------------
Date: 2024/04/03 20:19:42
Country: ca, product: macbookpro --> new items: 1
Country: xf, product: macbookpro --> new items: 1
Country: cn, product: macbookpro --> new items: 1
Country: us, product: iphone --> new items: 1
Country: us, product: macbookpro --> new items: 1
------------------------------------------------------------
Date: 2024/04/03 21:15:28
Country: ie, product: macbookpro --> new items: 1
Country: uk, product: macbookpro --> new items: 1
------------------------------------------------------------
Date: 2024/04/03 22:15:04
Country: bx, product: macstudio --> new items: 2
Country: be, product: macstudio --> new items: 2
Country: ca, product: macbookpro --> new items: 2
Country: xf, product: macbookpro --> new items: 1
Country: es, product: macbookair --> new items: 1
Country: fr, product: macstudio --> new items: 1
Country: ie, product: macbookair --> new items: 4
Country: it, product: macbookair --> new items: 1
Country: jp, product: macbookair --> new items: 1
Country: nl, product: macstudio --> new items: 2
Country: uk, product: macbookair --> new items: 4
Country: uk, product: atv --> new items: 2
Country: us, product: macbookpro --> new items: 1
------------------------------------------------------------
Date: 2024/04/03 23:16:39
Country: ca, product: macbookpro --> new items: 1
Country: xf, product: macbookpro --> new items: 2
Country: de, product: imac --> new items: 1
Country: de, product: macbookpro --> new items: 3
Country: de, product: macbookair --> new items: 1
Country: es, product: ipad --> new items: 5
Country: es, product: iphone --> new items: 2
Country: es, product: macstudio --> new items: 1
Country: ie, product: ipad --> new items: 3
Country: ie, product: iphone --> new items: 1
Country: ie, product: imac --> new items: 2
Country: ie, product: mini --> new items: 3
Country: ie, product: macbookpro --> new items: 9
Country: ie, product: macbookair --> new items: 2
Country: ie, product: atv --> new items: 2
Country: it, product: ipad --> new items: 5
Country: it, product: iphone --> new items: 2
Country: it, product: imac --> new items: 1
Country: it, product: macstudio --> new items: 1
Country: it, product: mini --> new items: 3
Country: it, product: macbookpro --> new items: 4
Country: it, product: macbookair --> new items: 1
Country: jp, product: ipad --> new items: 6
Country: jp, product: imac --> new items: 4
Country: jp, product: macstudio --> new items: 4
Country: jp, product: mini --> new items: 6
Country: jp, product: macbookpro --> new items: 13
Country: jp, product: macbookair --> new items: 17
Country: at, product: imac --> new items: 1
Country: at, product: macbookpro --> new items: 3
Country: at, product: macbookair --> new items: 1
Country: sg, product: mini --> new items: 1
Country: cx, product: ipad --> new items: 5
Country: ch, product: ipad --> new items: 5
Country: uk, product: ipad --> new items: 3
Country: uk, product: iphone --> new items: 1
Country: uk, product: imac --> new items: 2
Country: uk, product: mini --> new items: 3
Country: uk, product: macbookpro --> new items: 9
Country: uk, product: macbookair --> new items: 2
Country: us, product: macbookpro --> new items: 2
------------------------------------------------------------
Date: 2024/04/04 01:13:00
Country: ca, product: macbookpro --> new items: 1
Country: xf, product: macbookpro --> new items: 1
Country: us, product: macbookpro --> new items: 1
------------------------------------------------------------
Date: 2024/04/04 04:21:44
Country: au, product: mini --> new items: 7
Country: cn, product: macbookpro --> new items: 1
Country: nz, product: mini --> new items: 7
------------------------------------------------------------
Date: 2024/04/04 07:17:04
Country: ca, product: macbookair --> new items: 1
Country: cn, product: macbookair --> new items: 1
Country: jp, product: acc --> new items: 1
------------------------------------------------------------
Date: 2024/04/04 08:21:35
Country: jp, product: atv --> new items: 2
Country: kr, product: atv --> new items: 2
------------------------------------------------------------
Date: 2024/04/04 10:17:46
Country: fr, product: iphone --> new items: 1
Country: fr, product: macstudio --> new items: 3
------------------------------------------------------------
Date: 2024/04/04 13:17:56
Country: at, product: macbookair --> new items: 13
------------------------------------------------------------
Date: 2024/04/04 14:17:15
Country: de, product: macbookair --> new items: 13
Country: es, product: macbookair --> new items: 2
Country: fr, product: macbookair --> new items: 10
Country: it, product: macbookair --> new items: 5
------------------------------------------------------------
Date: 2024/04/04 15:17:01
Country: ie, product: macbookpro --> new items: 1
Country: uk, product: macbookpro --> new items: 1
------------------------------------------------------------
Date: 2024/04/04 17:14:29
Country: es, product: macbookpro --> new items: 1
Country: fr, product: macbookpro --> new items: 9
Country: it, product: macbookpro --> new items: 1
Country: nl, product: macbookpro --> new items: 2
Country: at, product: macbookpro --> new items: 10
------------------------------------------------------------
Date: 2024/04/04 18:21:46
Country: de, product: macbookpro --> new items: 10
------------------------------------------------------------
Date: 2024/04/04 19:15:01
Country: us, product: mini --> new items: 11
------------------------------------------------------------
Date: 2024/04/04 20:17:20
Country: ca, product: mini --> new items: 11
Country: xf, product: mini --> new items: 10
Country: es, product: iphone --> new items: 1
Country: ie, product: mini --> new items: 4
Country: it, product: iphone --> new items: 1
Country: uk, product: mini --> new items: 4
------------------------------------------------------------
Date: 2024/04/04 21:14:30
Country: ca, product: macbookair --> new items: 2
Country: xf, product: macbookair --> new items: 2
Country: us, product: macbookair --> new items: 2
------------------------------------------------------------
Date: 2024/04/04 23:17:22
Country: ca, product: macbookpro --> new items: 5
Country: xf, product: macbookpro --> new items: 8
Country: xf, product: macbookair --> new items: 4
Country: jp, product: macstudio --> new items: 1
Country: us, product: macbookpro --> new items: 8
Country: us, product: macbookair --> new items: 4
------------------------------------------------------------
Date: 2024/04/05 01:12:12
Country: ca, product: macbookpro --> new items: 3
Country: ca, product: macbookair --> new items: 4
Country: us, product: watch --> new items: 2
------------------------------------------------------------
Date: 2024/04/05 02:23:13
Country: es, product: ipad --> new items: 1
Country: it, product: ipad --> new items: 1
Country: sg, product: atv --> new items: 1
Country: cx, product: ipad --> new items: 1
Country: ch, product: ipad --> new items: 1
------------------------------------------------------------
Date: 2024/04/05 03:19:33
Country: ca, product: macbookpro --> new items: 1
Country: xf, product: macbookpro --> new items: 1
Country: us, product: macbookpro --> new items: 1
------------------------------------------------------------
Date: 2024/04/05 07:15:36
Country: cn, product: macbookair --> new items: 2
Country: jp, product: acc --> new items: 1
------------------------------------------------------------
Date: 2024/04/05 09:16:16
Country: jp, product: imac --> new items: 1
Country: jp, product: macstudio --> new items: 7
Country: jp, product: mini --> new items: 5
Country: jp, product: macbookpro --> new items: 14
Country: jp, product: macbookair --> new items: 5
------------------------------------------------------------
Date: 2024/04/05 11:13:59
Country: hk, product: mini --> new items: 5
------------------------------------------------------------
Date: 2024/04/05 12:30:14
Country: jp, product: macbookpro --> new items: 1
------------------------------------------------------------
Date: 2024/04/05 14:17:39
Country: cn, product: ipad --> new items: 1
Country: ie, product: ipad --> new items: 2
Country: uk, product: ipad --> new items: 2
------------------------------------------------------------
Date: 2024/04/05 15:17:08
Country: de, product: imac --> new items: 1
Country: es, product: imac --> new items: 4
Country: fr, product: imac --> new items: 3
Country: ie, product: imac --> new items: 3
Country: it, product: imac --> new items: 3
Country: at, product: imac --> new items: 1
Country: cx, product: imac --> new items: 2
Country: ch, product: imac --> new items: 2
Country: uk, product: imac --> new items: 3
Country: us, product: macbookair --> new items: 1
------------------------------------------------------------
Date: 2024/04/05 16:22:22
Country: ca, product: macbookair --> new items: 1
Country: xf, product: macbookair --> new items: 6
Country: us, product: macbookair --> new items: 5
------------------------------------------------------------
Date: 2024/04/05 17:16:30
Country: ca, product: imac --> new items: 83
Country: ca, product: mini --> new items: 1
Country: ca, product: macbookpro --> new items: 7
Country: ca, product: macbookair --> new items: 41
Country: xf, product: imac --> new items: 83
Country: xf, product: mini --> new items: 1
Country: xf, product: macbookpro --> new items: 7
Country: xf, product: macbookair --> new items: 36
Country: cn, product: ipad --> new items: 1
Country: ie, product: macbookpro --> new items: 7
Country: uk, product: macbookpro --> new items: 7
Country: us, product: imac --> new items: 83
Country: us, product: mini --> new items: 1
Country: us, product: macbookpro --> new items: 7
Country: us, product: macbookair --> new items: 36
------------------------------------------------------------
Date: 2024/04/05 18:20:46
Country: bx, product: atv --> new items: 2
Country: be, product: atv --> new items: 2
Country: ca, product: macbookpro --> new items: 5
Country: ca, product: macbookair --> new items: 1
Country: xf, product: macbookpro --> new items: 5
Country: xf, product: macbookair --> new items: 3
Country: de, product: atv --> new items: 2
Country: es, product: atv --> new items: 2
Country: fr, product: atv --> new items: 2
Country: it, product: atv --> new items: 2
Country: nl, product: atv --> new items: 2
Country: at, product: atv --> new items: 2
Country: cx, product: atv --> new items: 2
Country: ch, product: atv --> new items: 2
Country: us, product: imac --> new items: 1
Country: us, product: macbookpro --> new items: 5
Country: us, product: macbookair --> new items: 3
------------------------------------------------------------
Date: 2024/04/05 19:14:49
Country: ca, product: imac --> new items: 1
Country: ca, product: mini --> new items: 4
Country: ca, product: macbookpro --> new items: 1
Country: ca, product: macbookair --> new items: 9
Country: xf, product: imac --> new items: 1
Country: xf, product: macstudio --> new items: 4
Country: xf, product: mini --> new items: 4
Country: xf, product: macbookpro --> new items: 2
Country: xf, product: macbookair --> new items: 16
Country: us, product: mini --> new items: 4
Country: us, product: macbookpro --> new items: 1
Country: us, product: macbookair --> new items: 7
------------------------------------------------------------
Date: 2024/04/05 20:17:44
Country: ca, product: macstudio --> new items: 7
Country: ca, product: macbookpro --> new items: 1
Country: ca, product: macbookair --> new items: 11
Country: xf, product: macstudio --> new items: 3
Country: xf, product: macbookair --> new items: 3
Country: us, product: macstudio --> new items: 7
Country: us, product: macbookpro --> new items: 1
Country: us, product: macbookair --> new items: 11
------------------------------------------------------------
Date: 2024/04/05 21:15:06
Country: ca, product: macstudio --> new items: 1
Country: ca, product: mini --> new items: 1
Country: ca, product: macbookair --> new items: 1
Country: xf, product: macstudio --> new items: 1
Country: xf, product: mini --> new items: 1
Country: xf, product: macbookair --> new items: 1
Country: cn, product: ipad --> new items: 1
Country: us, product: macstudio --> new items: 1
Country: us, product: mini --> new items: 1
Country: us, product: macbookair --> new items: 1
------------------------------------------------------------
Date: 2024/04/05 23:18:02
Country: ca, product: macbookpro --> new items: 1
Country: xf, product: macbookpro --> new items: 1
Country: us, product: macbookpro --> new items: 1
------------------------------------------------------------
Date: 2024/04/06 02:21:37
Country: ca, product: acc --> new items: 2
Country: xf, product: acc --> new items: 2
Country: kr, product: ipad --> new items: 1
Country: us, product: acc --> new items: 2
------------------------------------------------------------
Date: 2024/04/06 10:16:54
Country: cn, product: macbookpro --> new items: 1
------------------------------------------------------------
Date: 2024/04/06 16:21:25
Country: cn, product: macbookpro --> new items: 1
------------------------------------------------------------
Date: 2024/04/06 17:15:11
Country: es, product: iphone --> new items: 1
Country: it, product: iphone --> new items: 1
------------------------------------------------------------
Date: 2024/04/06 19:12:47
Country: xf, product: macbookpro --> new items: 1
------------------------------------------------------------
Date: 2024/04/06 20:18:03
Country: jp, product: macbookair --> new items: 1
------------------------------------------------------------
Date: 2024/04/06 22:15:20
Country: de, product: macbookpro --> new items: 1
Country: at, product: macbookpro --> new items: 1
------------------------------------------------------------
Date: 2024/04/07 01:18:05
Country: cn, product: macbookpro --> new items: 1
------------------------------------------------------------
Date: 2024/04/07 02:26:09
Country: xf, product: imac --> new items: 1
Country: us, product: imac --> new items: 1
------------------------------------------------------------
Date: 2024/04/07 03:17:49
Country: ca, product: imac --> new items: 1
------------------------------------------------------------
Date: 2024/04/07 13:20:05
Country: ca, product: acc --> new items: 1
Country: xf, product: acc --> new items: 1
Country: us, product: acc --> new items: 1
------------------------------------------------------------
Date: 2024/04/07 15:17:16
Country: ca, product: macbookpro --> new items: 1
Country: xf, product: macbookpro --> new items: 1
Country: us, product: macbookpro --> new items: 1
------------------------------------------------------------
Date: 2024/04/07 19:12:50
Country: cn, product: macbookpro --> new items: 1
------------------------------------------------------------
Date: 2024/04/07 21:15:26
Country: jp, product: ipad --> new items: 1
------------------------------------------------------------
Date: 2024/04/08 04:20:32
Country: au, product: acc --> new items: 2
------------------------------------------------------------
Date: 2024/04/08 05:17:10
Country: fr, product: iphone --> new items: 2
------------------------------------------------------------
Date: 2024/04/08 06:22:47
Country: ca, product: macbookpro --> new items: 1
Country: xf, product: macbookpro --> new items: 1
Country: hk, product: macbookpro --> new items: 7
Country: us, product: macbookpro --> new items: 1
------------------------------------------------------------
Date: 2024/04/08 07:17:21
Country: tw, product: atv --> new items: 2
------------------------------------------------------------
Date: 2024/04/08 08:21:14
Country: bx, product: iphone --> new items: 1
Country: be, product: iphone --> new items: 1
Country: cn, product: watch --> new items: 2
Country: de, product: iphone --> new items: 1
Country: es, product: iphone --> new items: 1
Country: it, product: iphone --> new items: 1
Country: nl, product: iphone --> new items: 1
Country: at, product: iphone --> new items: 1
Country: cx, product: iphone --> new items: 1
Country: ch, product: iphone --> new items: 1
------------------------------------------------------------
Date: 2024/04/08 12:31:14
Country: ie, product: iphone --> new items: 2
Country: sg, product: macstudio --> new items: 1
Country: uk, product: iphone --> new items: 2
------------------------------------------------------------
Date: 2024/04/08 15:16:16
Country: us, product: ipad --> new items: 1
Country: us, product: iphone --> new items: 1
------------------------------------------------------------
Date: 2024/04/08 17:16:34
Country: jp, product: acc --> new items: 1
------------------------------------------------------------
Date: 2024/04/08 18:24:11
Country: cn, product: watch --> new items: 1
Country: uk, product: macbookair --> new items: 5
------------------------------------------------------------
Date: 2024/04/08 19:14:00
Country: cn, product: macbookpro --> new items: 6
Country: ie, product: macbookair --> new items: 4
------------------------------------------------------------
Date: 2024/04/08 20:19:17
Country: bx, product: macbookair --> new items: 1
Country: be, product: macbookair --> new items: 1
Country: jp, product: macbookpro --> new items: 1
------------------------------------------------------------
Date: 2024/04/08 23:17:38
Country: ca, product: macbookpro --> new items: 2
Country: xf, product: macbookpro --> new items: 2
Country: us, product: macbookpro --> new items: 2
------------------------------------------------------------
Date: 2024/04/09 03:19:47
Country: tw, product: macstudio --> new items: 1
------------------------------------------------------------
Date: 2024/04/09 04:20:59
Country: au, product: mini --> new items: 3
Country: au, product: macbookair --> new items: 3
Country: nz, product: mini --> new items: 3
Country: nz, product: macbookair --> new items: 3
Country: tw, product: macstudio --> new items: 5
Country: tw, product: mini --> new items: 11
Country: tw, product: macbookair --> new items: 3
------------------------------------------------------------
Date: 2024/04/09 05:16:06
Country: au, product: macstudio --> new items: 6
Country: cn, product: watch --> new items: 1
Country: nz, product: macstudio --> new items: 8
------------------------------------------------------------
Date: 2024/04/09 06:22:04
Country: au, product: macstudio --> new items: 4
Country: au, product: macbookpro --> new items: 1
Country: ca, product: macbookpro --> new items: 2
Country: xf, product: macbookpro --> new items: 1
Country: nz, product: macstudio --> new items: 2
Country: nz, product: macbookpro --> new items: 1
Country: us, product: macbookpro --> new items: 1
------------------------------------------------------------
Date: 2024/04/09 07:17:19
Country: cn, product: ipad --> new items: 2
Country: cn, product: watch --> new items: 1
------------------------------------------------------------
Date: 2024/04/09 08:20:46
Country: au, product: macbookpro --> new items: 8
Country: nz, product: macbookpro --> new items: 8
Country: tw, product: macbookair --> new items: 1
------------------------------------------------------------
Date: 2024/04/09 10:20:50
Country: de, product: macbookair --> new items: 1
Country: fr, product: macbookair --> new items: 3
Country: it, product: macbookair --> new items: 2
Country: at, product: imac --> new items: 1
Country: at, product: macbookair --> new items: 1
------------------------------------------------------------
Date: 2024/04/09 11:13:51
Country: de, product: imac --> new items: 1
Country: es, product: imac --> new items: 2
Country: fr, product: imac --> new items: 7
Country: it, product: imac --> new items: 4
Country: nl, product: imac --> new items: 3
------------------------------------------------------------
Date: 2024/04/09 15:17:56
Country: bx, product: macbookpro --> new items: 1
------------------------------------------------------------
Date: 2024/04/09 16:20:10
Country: au, product: watch --> new items: 9
Country: be, product: macbookpro --> new items: 1
Country: cn, product: watch --> new items: 12
Country: de, product: macbookpro --> new items: 8
Country: fr, product: macbookpro --> new items: 1
Country: it, product: macbookpro --> new items: 1
Country: nl, product: macbookpro --> new items: 1
Country: nz, product: watch --> new items: 9
Country: at, product: macbookpro --> new items: 8
------------------------------------------------------------
Date: 2024/04/09 17:14:55
Country: ca, product: macbookpro --> new items: 1
Country: ca, product: macbookair --> new items: 11
Country: xf, product: macbookpro --> new items: 1
Country: xf, product: macbookair --> new items: 11
Country: us, product: macbookpro --> new items: 1
Country: us, product: macbookair --> new items: 11
------------------------------------------------------------
Date: 2024/04/09 18:18:58
Country: ca, product: macpro --> new items: 1
Country: ca, product: macstudio --> new items: 1
Country: xf, product: macpro --> new items: 1
Country: xf, product: macstudio --> new items: 1
Country: us, product: macpro --> new items: 1
Country: us, product: macstudio --> new items: 1
------------------------------------------------------------
Date: 2024/04/09 19:12:01
Country: ca, product: mini --> new items: 3
Country: xf, product: mini --> new items: 3
Country: us, product: mini --> new items: 3
------------------------------------------------------------
Date: 2024/04/09 20:16:51
Country: es, product: iphone --> new items: 1
Country: it, product: iphone --> new items: 1
------------------------------------------------------------
Date: 2024/04/09 21:15:47
Country: it, product: macbookpro --> new items: 1
------------------------------------------------------------
Date: 2024/04/09 23:17:18
Country: ca, product: macstudio --> new items: 2
Country: ca, product: macbookpro --> new items: 6
Country: xf, product: macstudio --> new items: 3
Country: xf, product: macbookpro --> new items: 9
Country: us, product: macstudio --> new items: 2
Country: us, product: macbookpro --> new items: 6
------------------------------------------------------------
Date: 2024/04/10 01:11:50
Country: ca, product: macstudio --> new items: 1
Country: ca, product: macbookpro --> new items: 3
Country: xf, product: macbookpro --> new items: 1
Country: us, product: macstudio --> new items: 1
Country: us, product: macbookpro --> new items: 3
------------------------------------------------------------
Date: 2024/04/10 03:19:01
Country: ca, product: macstudio --> new items: 1
Country: ca, product: acc --> new items: 1
Country: xf, product: macstudio --> new items: 3
Country: cn, product: macbookpro --> new items: 1
Country: us, product: macstudio --> new items: 3
Country: us, product: acc --> new items: 1
------------------------------------------------------------
Date: 2024/04/10 04:19:12
Country: ca, product: macstudio --> new items: 2
------------------------------------------------------------
Date: 2024/04/10 06:22:40
Country: au, product: macbookair --> new items: 1
Country: nz, product: macbookair --> new items: 1
Country: us, product: ipad --> new items: 1
------------------------------------------------------------
Date: 2024/04/10 08:23:49
Country: ca, product: macbookpro --> new items: 1
Country: xf, product: macbookpro --> new items: 1
Country: cn, product: ipad --> new items: 1
Country: us, product: macbookpro --> new items: 1
------------------------------------------------------------
Date: 2024/04/10 15:18:11
Country: it, product: macbookpro --> new items: 2
Country: uk, product: imac --> new items: 4
------------------------------------------------------------
Date: 2024/04/10 16:23:33
Country: de, product: imac --> new items: 1
Country: ie, product: imac --> new items: 4
Country: us, product: macbookpro --> new items: 4
------------------------------------------------------------
Date: 2024/04/10 17:14:26
Country: ca, product: macbookpro --> new items: 4
Country: xf, product: macbookpro --> new items: 10
Country: us, product: macbookpro --> new items: 6
------------------------------------------------------------
Date: 2024/04/10 18:23:13
Country: ca, product: macbookpro --> new items: 6
------------------------------------------------------------
Date: 2024/04/10 21:15:40
Country: xf, product: acc --> new items: 1
Country: ie, product: macbookpro --> new items: 2
Country: ie, product: macbookair --> new items: 1
Country: uk, product: macbookpro --> new items: 2
Country: us, product: acc --> new items: 1
------------------------------------------------------------
Date: 2024/04/10 23:18:07
Country: de, product: ipad --> new items: 1
Country: de, product: macstudio --> new items: 1
Country: de, product: mini --> new items: 1
Country: de, product: macbookpro --> new items: 2
Country: de, product: macbookair --> new items: 1
Country: ie, product: ipad --> new items: 1
Country: it, product: iphone --> new items: 2
Country: jp, product: ipad --> new items: 6
Country: jp, product: imac --> new items: 2
Country: jp, product: macstudio --> new items: 2
Country: jp, product: mini --> new items: 3
Country: jp, product: macbookpro --> new items: 9
Country: jp, product: macbookair --> new items: 11
Country: nl, product: macbookpro --> new items: 1
Country: at, product: ipad --> new items: 1
Country: at, product: macstudio --> new items: 1
Country: at, product: mini --> new items: 1
Country: at, product: macbookpro --> new items: 2
Country: at, product: macbookair --> new items: 1
Country: pl, product: ipad --> new items: 1
Country: sg, product: macstudio --> new items: 1
Country: uk, product: ipad --> new items: 1
Country: uk, product: iphone --> new items: 3
Country: uk, product: mini --> new items: 1
Country: uk, product: macbookpro --> new items: 5
Country: uk, product: macbookair --> new items: 10
------------------------------------------------------------
Date: 2024/04/11 01:13:33
Country: ca, product: macbookpro --> new items: 1
Country: xf, product: macbookpro --> new items: 1
Country: es, product: iphone --> new items: 2
Country: ie, product: iphone --> new items: 2
Country: ie, product: mini --> new items: 1
Country: ie, product: macbookpro --> new items: 5
Country: ie, product: macbookair --> new items: 9
Country: it, product: macstudio --> new items: 1
Country: it, product: mini --> new items: 1
Country: it, product: macbookpro --> new items: 2
Country: it, product: macbookair --> new items: 1
Country: us, product: macbookpro --> new items: 1
------------------------------------------------------------
Date: 2024/04/11 07:16:43
Country: ca, product: acc --> new items: 1
Country: xf, product: acc --> new items: 1
Country: us, product: acc --> new items: 1
------------------------------------------------------------
Date: 2024/04/11 08:23:10
Country: cn, product: macbookair --> new items: 2
Country: jp, product: ipad --> new items: 6
------------------------------------------------------------
Date: 2024/04/11 09:17:41
Country: cn, product: watch --> new items: 28
------------------------------------------------------------
Date: 2024/04/11 10:18:38
Country: cn, product: macbookair --> new items: 1
Country: ie, product: iphone --> new items: 1
Country: uk, product: iphone --> new items: 1
------------------------------------------------------------
Date: 2024/04/11 11:15:00
Country: it, product: macbookair --> new items: 1
------------------------------------------------------------
Date: 2024/04/11 16:19:38
Country: es, product: macbookpro --> new items: 2
Country: it, product: macbookpro --> new items: 2
------------------------------------------------------------
Date: 2024/04/11 19:13:23
Country: ca, product: macstudio --> new items: 1
Country: xf, product: macstudio --> new items: 1
Country: us, product: macstudio --> new items: 1
------------------------------------------------------------
Date: 2024/04/11 20:17:56
Country: au, product: macbookpro --> new items: 1
Country: ca, product: macbookpro --> new items: 4
Country: xf, product: macbookpro --> new items: 4
Country: nz, product: macbookpro --> new items: 1
Country: us, product: macbookpro --> new items: 4
------------------------------------------------------------
Date: 2024/04/11 21:16:08
Country: xf, product: macbookair --> new items: 1
Country: us, product: macbookair --> new items: 1
------------------------------------------------------------
Date: 2024/04/11 22:16:16
Country: ca, product: macbookpro --> new items: 1
Country: xf, product: macbookpro --> new items: 1
Country: xf, product: acc --> new items: 2
Country: ie, product: macbookpro --> new items: 6
Country: uk, product: macbookpro --> new items: 6
Country: us, product: macbookpro --> new items: 1
------------------------------------------------------------
Date: 2024/04/11 23:18:11
Country: ca, product: macbookpro --> new items: 5
Country: ca, product: macbookair --> new items: 2
Country: ca, product: acc --> new items: 2
Country: xf, product: macbookpro --> new items: 5
Country: xf, product: macbookair --> new items: 2
Country: us, product: macbookpro --> new items: 5
Country: us, product: macbookair --> new items: 2
Country: us, product: acc --> new items: 2
------------------------------------------------------------
Date: 2024/04/12 01:13:00
Country: ca, product: macstudio --> new items: 2
Country: ca, product: macbookpro --> new items: 7
Country: xf, product: macstudio --> new items: 2
Country: xf, product: macbookpro --> new items: 7
Country: at, product: macbookpro --> new items: 1
Country: us, product: macstudio --> new items: 2
Country: us, product: macbookpro --> new items: 7
------------------------------------------------------------
Date: 2024/04/12 02:27:45
Country: ca, product: macbookpro --> new items: 2
Country: xf, product: macbookpro --> new items: 2
Country: us, product: macbookpro --> new items: 2
------------------------------------------------------------
Date: 2024/04/12 03:18:50
Country: hk, product: ipad --> new items: 1
Country: sg, product: ipad --> new items: 1
Country: sg, product: macbookair --> new items: 1
------------------------------------------------------------
Date: 2024/04/12 04:21:11
Country: hk, product: macbookpro --> new items: 1
------------------------------------------------------------
Date: 2024/04/12 05:19:06
Country: cn, product: watch --> new items: 1
Country: hk, product: macbookpro --> new items: 6
------------------------------------------------------------
Date: 2024/04/12 06:22:11
Country: au, product: watch --> new items: 34
Country: nz, product: watch --> new items: 34
------------------------------------------------------------
Date: 2024/04/12 07:18:11
Country: au, product: watch --> new items: 3
Country: nz, product: watch --> new items: 3
------------------------------------------------------------
Date: 2024/04/12 08:21:27
Country: au, product: atv --> new items: 2
Country: cn, product: watch --> new items: 2
Country: at, product: ipad --> new items: 1
------------------------------------------------------------
Date: 2024/04/12 09:17:44
Country: de, product: ipad --> new items: 1
Country: ie, product: iphone --> new items: 2
Country: pl, product: ipad --> new items: 1
Country: uk, product: iphone --> new items: 2
------------------------------------------------------------
Date: 2024/04/12 10:18:15
Country: ie, product: iphone --> new items: 1
Country: uk, product: iphone --> new items: 1
------------------------------------------------------------
Date: 2024/04/12 12:30:52
Country: ie, product: imac --> new items: 3
Country: uk, product: imac --> new items: 3
------------------------------------------------------------
Date: 2024/04/12 13:18:23
Country: ca, product: macbookair --> new items: 1
Country: xf, product: macbookair --> new items: 1
Country: us, product: macbookair --> new items: 1
------------------------------------------------------------
Date: 2024/04/12 15:17:00
Country: ie, product: acc --> new items: 1
Country: uk, product: acc --> new items: 1
------------------------------------------------------------
Date: 2024/04/12 16:20:40
Country: cn, product: watch --> new items: 12
------------------------------------------------------------
Date: 2024/04/12 17:16:35
Country: ca, product: macbookpro --> new items: 1
Country: xf, product: macbookpro --> new items: 1
Country: ch, product: macbookpro --> new items: 1
Country: us, product: macbookpro --> new items: 1
------------------------------------------------------------
Date: 2024/04/12 18:17:52
Country: ca, product: macbookpro --> new items: 90
Country: ca, product: macbookair --> new items: 1
Country: xf, product: macbookpro --> new items: 90
Country: xf, product: macbookair --> new items: 1
Country: us, product: macbookpro --> new items: 90
Country: us, product: macbookair --> new items: 1
------------------------------------------------------------
Date: 2024/04/12 19:15:02
Country: ca, product: macbookpro --> new items: 7
Country: xf, product: macbookpro --> new items: 1
Country: de, product: ipad --> new items: 2
Country: es, product: ipad --> new items: 1
Country: it, product: ipad --> new items: 1
Country: nl, product: ipad --> new items: 2
Country: pl, product: ipad --> new items: 2
Country: cx, product: ipad --> new items: 1
Country: ch, product: ipad --> new items: 1
Country: us, product: macbookpro --> new items: 7
------------------------------------------------------------
Date: 2024/04/12 20:16:42
Country: au, product: macbookpro --> new items: 1
Country: bx, product: ipad --> new items: 2
Country: be, product: ipad --> new items: 2
Country: xf, product: macbookpro --> new items: 6
Country: de, product: macbookair --> new items: 1
Country: at, product: ipad --> new items: 2
Country: at, product: macbookair --> new items: 1
------------------------------------------------------------
Date: 2024/04/12 21:14:29
Country: ca, product: macbookair --> new items: 1
------------------------------------------------------------
Date: 2024/04/12 22:13:31
Country: de, product: macbookpro --> new items: 1
Country: es, product: ipad --> new items: 1
Country: es, product: iphone --> new items: 1
Country: ie, product: ipad --> new items: 22
Country: ie, product: iphone --> new items: 11
Country: ie, product: macstudio --> new items: 7
Country: ie, product: mini --> new items: 8
Country: ie, product: macbookpro --> new items: 36
Country: ie, product: macbookair --> new items: 41
Country: ie, product: watch --> new items: 3
Country: ie, product: atv --> new items: 1
Country: ie, product: acc --> new items: 2
Country: it, product: ipad --> new items: 1
Country: it, product: iphone --> new items: 1
Country: at, product: macbookpro --> new items: 1
Country: cx, product: ipad --> new items: 1
Country: ch, product: ipad --> new items: 1
Country: uk, product: ipad --> new items: 16
Country: uk, product: iphone --> new items: 11
Country: uk, product: macstudio --> new items: 7
Country: uk, product: mini --> new items: 7
Country: uk, product: macbookpro --> new items: 32
Country: uk, product: macbookair --> new items: 37
Country: uk, product: watch --> new items: 4
Country: uk, product: atv --> new items: 1
Country: uk, product: acc --> new items: 2
------------------------------------------------------------
Date: 2024/04/12 23:13:24
Country: ca, product: macbookpro --> new items: 2
Country: xf, product: macbookpro --> new items: 2
Country: uk, product: ipad --> new items: 6
Country: uk, product: mini --> new items: 1
Country: uk, product: macbookpro --> new items: 4
Country: uk, product: macbookair --> new items: 4
Country: us, product: macbookpro --> new items: 2
------------------------------------------------------------
Date: 2024/04/13 01:00:20
Country: bx, product: iphone --> new items: 1
Country: be, product: iphone --> new items: 1
Country: de, product: iphone --> new items: 1
Country: de, product: macbookpro --> new items: 1
Country: es, product: ipad --> new items: 1
Country: ie, product: ipad --> new items: 2
Country: ie, product: imac --> new items: 6
Country: ie, product: macpro --> new items: 1
Country: ie, product: macstudio --> new items: 3
Country: ie, product: mini --> new items: 2
Country: ie, product: macbookpro --> new items: 7
Country: ie, product: macbookair --> new items: 12
Country: it, product: ipad --> new items: 1
Country: it, product: macbookair --> new items: 1
Country: nl, product: iphone --> new items: 1
Country: nl, product: macbookpro --> new items: 1
Country: at, product: iphone --> new items: 1
Country: at, product: macbookpro --> new items: 1
Country: cx, product: ipad --> new items: 1
Country: cx, product: iphone --> new items: 1
Country: ch, product: ipad --> new items: 1
Country: ch, product: iphone --> new items: 1
Country: tw, product: mini --> new items: 1
Country: uk, product: ipad --> new items: 2
Country: uk, product: imac --> new items: 6
Country: uk, product: macpro --> new items: 1
Country: uk, product: macstudio --> new items: 3
Country: uk, product: mini --> new items: 2
Country: uk, product: macbookpro --> new items: 7
Country: uk, product: macbookair --> new items: 12
------------------------------------------------------------
Date: 2024/04/13 03:14:36
Country: ca, product: mini --> new items: 4
Country: xf, product: mini --> new items: 4
Country: us, product: mini --> new items: 4
------------------------------------------------------------
Date: 2024/04/13 06:16:51
Country: au, product: acc --> new items: 1
Country: ca, product: macbookpro --> new items: 1
Country: xf, product: macbookpro --> new items: 1
Country: us, product: macbookpro --> new items: 1
------------------------------------------------------------
Date: 2024/04/13 08:16:03
Country: jp, product: macbookpro --> new items: 11
Country: jp, product: macbookair --> new items: 13
------------------------------------------------------------
Date: 2024/04/13 09:13:19
Country: jp, product: macbookpro --> new items: 12
------------------------------------------------------------
Date: 2024/04/13 10:14:19
Country: ie, product: iphone --> new items: 1
------------------------------------------------------------
Date: 2024/04/13 11:11:52
Country: uk, product: iphone --> new items: 1
------------------------------------------------------------
Date: 2024/04/13 12:27:14
Country: jp, product: macbookair --> new items: 1
------------------------------------------------------------
Date: 2024/04/14 01:40:14
Country: ie, product: macstudio --> new items: 1
Country: uk, product: macstudio --> new items: 1
------------------------------------------------------------
Date: 2024/04/14 08:16:13
Country: cn, product: macbookpro --> new items: 1
------------------------------------------------------------
Date: 2024/04/14 22:09:47
Country: it, product: macbookpro --> new items: 1
------------------------------------------------------------
Date: 2024/04/15 03:50:15
Country: au, product: macbookpro --> new items: 1
Country: nz, product: macbookpro --> new items: 1
------------------------------------------------------------
Date: 2024/04/15 04:31:27
Country: au, product: macbookair --> new items: 1
Country: jp, product: imac --> new items: 3
Country: nz, product: macbookair --> new items: 1
------------------------------------------------------------
Date: 2024/04/15 07:13:21
Country: cn, product: ipad --> new items: 1
Country: cn, product: imac --> new items: 1
------------------------------------------------------------
Date: 2024/04/15 08:17:24
Country: cn, product: macbookpro --> new items: 1
Country: cn, product: macbookair --> new items: 1
Country: cn, product: watch --> new items: 1
Country: de, product: imac --> new items: 1
Country: fr, product: imac --> new items: 1
Country: it, product: macbookpro --> new items: 1
Country: at, product: imac --> new items: 1
------------------------------------------------------------
Date: 2024/04/15 09:15:51
Country: cn, product: macstudio --> new items: 2
Country: cn, product: mini --> new items: 17
Country: cn, product: macbookpro --> new items: 16
Country: cn, product: macbookair --> new items: 1
Country: de, product: imac --> new items: 2
Country: es, product: imac --> new items: 1
Country: fr, product: imac --> new items: 3
Country: it, product: imac --> new items: 1
Country: at, product: imac --> new items: 2
------------------------------------------------------------
Date: 2024/04/15 11:13:56
Country: es, product: mini --> new items: 1
Country: it, product: macbookpro --> new items: 1
------------------------------------------------------------
Date: 2024/04/15 12:30:16
Country: cn, product: macbookpro --> new items: 1
Country: ie, product: macbookpro --> new items: 1
Country: uk, product: macbookpro --> new items: 1
------------------------------------------------------------
Date: 2024/04/15 14:15:18
Country: ie, product: macbookpro --> new items: 1
Country: ie, product: macbookair --> new items: 1
Country: uk, product: macbookpro --> new items: 1
Country: uk, product: macbookair --> new items: 1
------------------------------------------------------------
Date: 2024/04/15 17:13:46
Country: ca, product: macstudio --> new items: 3
Country: ca, product: mini --> new items: 8
Country: ca, product: macbookpro --> new items: 1
Country: xf, product: macstudio --> new items: 4
Country: xf, product: mini --> new items: 8
Country: xf, product: macbookpro --> new items: 1
Country: us, product: macstudio --> new items: 4
Country: us, product: mini --> new items: 8
Country: us, product: macbookpro --> new items: 1
------------------------------------------------------------
Date: 2024/04/15 18:21:15
Country: ca, product: macstudio --> new items: 5
Country: xf, product: macstudio --> new items: 5
Country: us, product: macstudio --> new items: 5
------------------------------------------------------------
Date: 2024/04/15 20:17:08
Country: de, product: macbookair --> new items: 1
Country: it, product: imac --> new items: 1
Country: at, product: macbookair --> new items: 1
------------------------------------------------------------
Date: 2024/04/15 21:16:43
Country: ca, product: macbookpro --> new items: 2
Country: xf, product: macbookpro --> new items: 2
Country: us, product: macbookpro --> new items: 2
------------------------------------------------------------
Date: 2024/04/15 22:15:27
Country: de, product: iphone --> new items: 65
------------------------------------------------------------
Date: 2024/04/16 01:12:21
Country: ca, product: macbookpro --> new items: 1
Country: xf, product: macbookpro --> new items: 1
Country: us, product: macbookpro --> new items: 1
------------------------------------------------------------
Date: 2024/04/16 02:23:47
Country: xf, product: imac --> new items: 1
Country: sg, product: macbookpro --> new items: 10
Country: us, product: imac --> new items: 1
------------------------------------------------------------
Date: 2024/04/16 03:19:25
Country: tw, product: macbookpro --> new items: 10
Country: tw, product: macbookair --> new items: 2
------------------------------------------------------------
Date: 2024/04/16 05:17:08
Country: es, product: acc --> new items: 1
Country: it, product: acc --> new items: 1
------------------------------------------------------------
Date: 2024/04/16 06:21:55
Country: au, product: macbookpro --> new items: 3
------------------------------------------------------------
Date: 2024/04/16 07:18:54
Country: au, product: macbookpro --> new items: 6
Country: cn, product: watch --> new items: 1
Country: es, product: macbookpro --> new items: 2
Country: fr, product: macbookpro --> new items: 5
Country: it, product: macbookpro --> new items: 3
Country: nl, product: macbookpro --> new items: 1
Country: at, product: macbookpro --> new items: 2
Country: tw, product: acc --> new items: 1
------------------------------------------------------------
Date: 2024/04/16 08:20:57
Country: au, product: macbookpro --> new items: 1
Country: de, product: macbookpro --> new items: 1
Country: nz, product: macbookpro --> new items: 1
------------------------------------------------------------
Date: 2024/04/16 10:17:43
Country: cn, product: watch --> new items: 3
Country: de, product: macbookair --> new items: 3
Country: fr, product: macbookair --> new items: 2
Country: at, product: macbookair --> new items: 3
------------------------------------------------------------
Date: 2024/04/16 12:31:50
Country: bx, product: macbookpro --> new items: 1
Country: be, product: macbookpro --> new items: 1
Country: de, product: macbookpro --> new items: 28
Country: es, product: macbookpro --> new items: 3
Country: fr, product: macbookpro --> new items: 4
Country: it, product: macbookpro --> new items: 3
Country: nl, product: macbookpro --> new items: 3
Country: at, product: macbookpro --> new items: 28
Country: pl, product: macbookpro --> new items: 1
Country: cx, product: macbookpro --> new items: 4
Country: ch, product: macbookpro --> new items: 4
------------------------------------------------------------
Date: 2024/04/16 13:19:08
Country: bx, product: macbookpro --> new items: 1
Country: be, product: macbookpro --> new items: 1
Country: de, product: macbookpro --> new items: 1
Country: es, product: macbookpro --> new items: 2
Country: at, product: macbookpro --> new items: 1
Country: pl, product: macbookpro --> new items: 2
Country: cx, product: macbookpro --> new items: 2
Country: ch, product: macbookpro --> new items: 2
------------------------------------------------------------
Date: 2024/04/16 14:16:50
Country: xf, product: macbookpro --> new items: 1
Country: de, product: macbookpro --> new items: 3
Country: nl, product: macbookpro --> new items: 1
Country: at, product: macbookpro --> new items: 3
------------------------------------------------------------
Date: 2024/04/16 15:17:32
Country: cn, product: mini --> new items: 1
Country: ie, product: macbookpro --> new items: 2
Country: nl, product: macbookpro --> new items: 1
Country: uk, product: macbookpro --> new items: 2
------------------------------------------------------------
Date: 2024/04/16 16:21:51
Country: uk, product: macbookair --> new items: 4
------------------------------------------------------------
Date: 2024/04/16 17:15:51
Country: ca, product: macbookpro --> new items: 2
Country: xf, product: macbookpro --> new items: 2
Country: ie, product: macbookair --> new items: 4
Country: us, product: macbookpro --> new items: 2
------------------------------------------------------------
Date: 2024/04/16 21:16:05
Country: ie, product: macbookair --> new items: 2
Country: uk, product: macbookair --> new items: 2
------------------------------------------------------------
Date: 2024/04/16 22:17:26
Country: ie, product: macbookpro --> new items: 4
Country: uk, product: macbookpro --> new items: 4
------------------------------------------------------------
Date: 2024/04/16 23:17:34
Country: cn, product: watch --> new items: 1
------------------------------------------------------------
Date: 2024/04/17 02:25:49
Country: xf, product: mini --> new items: 1
Country: us, product: mini --> new items: 1
------------------------------------------------------------
Date: 2024/04/17 03:17:58
Country: ca, product: mini --> new items: 6
Country: xf, product: mini --> new items: 5
Country: us, product: mini --> new items: 5
------------------------------------------------------------
Date: 2024/04/17 05:16:18
Country: cn, product: watch --> new items: 1
------------------------------------------------------------
Date: 2024/04/17 11:15:26
Country: es, product: iphone --> new items: 1
Country: ie, product: macbookpro --> new items: 1
Country: it, product: iphone --> new items: 1
Country: uk, product: macbookpro --> new items: 1
------------------------------------------------------------
Date: 2024/04/17 12:31:39
Country: de, product: macbookair --> new items: 10
Country: fr, product: macbookair --> new items: 3
Country: it, product: macbookair --> new items: 2
Country: nl, product: macbookair --> new items: 1
Country: at, product: macbookair --> new items: 10
------------------------------------------------------------
Date: 2024/04/17 13:18:47
Country: ie, product: imac --> new items: 5
Country: nl, product: macbookair --> new items: 1
Country: uk, product: imac --> new items: 5
------------------------------------------------------------
Date: 2024/04/17 15:19:59
Country: ca, product: iphone --> new items: 1
Country: xf, product: iphone --> new items: 1
------------------------------------------------------------
Date: 2024/04/17 16:22:53
Country: ca, product: imac --> new items: 1
Country: xf, product: imac --> new items: 1
Country: cn, product: watch --> new items: 3
Country: us, product: imac --> new items: 1
------------------------------------------------------------
Date: 2024/04/17 17:14:43
Country: ca, product: mini --> new items: 2
Country: xf, product: mini --> new items: 2
Country: us, product: mini --> new items: 2
------------------------------------------------------------
Date: 2024/04/17 22:15:29
Country: ca, product: acc --> new items: 1
Country: xf, product: acc --> new items: 1
Country: us, product: acc --> new items: 1
------------------------------------------------------------
Date: 2024/04/17 23:18:22
Country: ca, product: acc --> new items: 1
Country: xf, product: acc --> new items: 1
Country: us, product: acc --> new items: 1
------------------------------------------------------------
Date: 2024/04/18 01:12:27
Country: ca, product: macbookair --> new items: 13
Country: xf, product: macbookair --> new items: 14
Country: us, product: macbookair --> new items: 13
------------------------------------------------------------
Date: 2024/04/18 02:25:42
Country: ca, product: macbookpro --> new items: 5
Country: xf, product: macbookpro --> new items: 5
Country: us, product: macbookpro --> new items: 5
------------------------------------------------------------
Date: 2024/04/18 07:16:46
Country: cn, product: watch --> new items: 2
------------------------------------------------------------
Date: 2024/04/18 08:21:47
Country: jp, product: ipad --> new items: 11
Country: jp, product: iphone --> new items: 2
------------------------------------------------------------
Date: 2024/04/18 09:17:27
Country: cn, product: watch --> new items: 1
------------------------------------------------------------
Date: 2024/04/18 10:20:14
Country: ca, product: imac --> new items: 1
Country: xf, product: imac --> new items: 1
Country: us, product: imac --> new items: 1
------------------------------------------------------------
Date: 2024/04/18 14:16:08
Country: ca, product: macbookair --> new items: 1
Country: xf, product: macbookair --> new items: 1
Country: us, product: macbookair --> new items: 1
------------------------------------------------------------
Date: 2024/04/18 15:17:48
Country: us, product: iphone --> new items: 2
------------------------------------------------------------
Date: 2024/04/18 16:21:47
Country: ca, product: iphone --> new items: 2
Country: xf, product: iphone --> new items: 2
------------------------------------------------------------
Date: 2024/04/18 17:15:00
Country: bx, product: macpro --> new items: 1
Country: be, product: macpro --> new items: 1
Country: ca, product: macbookpro --> new items: 2
Country: ca, product: macbookair --> new items: 2
Country: xf, product: macstudio --> new items: 3
Country: xf, product: macbookpro --> new items: 11
Country: xf, product: macbookair --> new items: 1
Country: at, product: macpro --> new items: 1
Country: us, product: macbookpro --> new items: 1
Country: us, product: macbookair --> new items: 1
------------------------------------------------------------
Date: 2024/04/18 18:21:39
Country: ca, product: macstudio --> new items: 4
Country: ca, product: macbookpro --> new items: 16
Country: xf, product: macstudio --> new items: 1
Country: xf, product: macbookpro --> new items: 8
Country: de, product: macpro --> new items: 2
Country: at, product: macpro --> new items: 1
Country: us, product: macstudio --> new items: 4
Country: us, product: macbookpro --> new items: 17
------------------------------------------------------------
Date: 2024/04/18 20:17:34
Country: au, product: macbookair --> new items: 1
Country: ie, product: macbookpro --> new items: 1
Country: nz, product: macbookair --> new items: 1
Country: uk, product: macbookpro --> new items: 1
------------------------------------------------------------
Date: 2024/04/19 01:13:35
Country: au, product: macbookpro --> new items: 1
Country: au, product: watch --> new items: 22
Country: ca, product: macbookpro --> new items: 1
Country: xf, product: macbookpro --> new items: 1
Country: de, product: macbookpro --> new items: 1
Country: es, product: ipad --> new items: 2
Country: es, product: iphone --> new items: 2
Country: es, product: macbookpro --> new items: 5
Country: es, product: macbookair --> new items: 1
Country: ie, product: ipad --> new items: 9
Country: ie, product: iphone --> new items: 6
Country: ie, product: imac --> new items: 2
Country: ie, product: macbookpro --> new items: 1
Country: ie, product: macbookair --> new items: 8
Country: ie, product: watch --> new items: 1
Country: it, product: ipad --> new items: 2
Country: it, product: iphone --> new items: 2
Country: it, product: macbookpro --> new items: 2
Country: jp, product: ipad --> new items: 1
Country: jp, product: imac --> new items: 1
Country: jp, product: macstudio --> new items: 1
Country: jp, product: mini --> new items: 2
Country: jp, product: macbookpro --> new items: 8
Country: jp, product: macbookair --> new items: 2
Country: nz, product: macbookpro --> new items: 1
Country: nz, product: watch --> new items: 22
Country: at, product: macbookpro --> new items: 1
Country: cx, product: ipad --> new items: 2
Country: ch, product: ipad --> new items: 2
Country: uk, product: ipad --> new items: 9
Country: uk, product: iphone --> new items: 6
Country: uk, product: imac --> new items: 2
Country: uk, product: macbookpro --> new items: 1
Country: uk, product: macbookair --> new items: 8
Country: uk, product: watch --> new items: 2
Country: us, product: ipad --> new items: 3
Country: us, product: macbookpro --> new items: 2
------------------------------------------------------------
Date: 2024/04/19 02:26:51
Country: ca, product: macbookpro --> new items: 1
Country: ca, product: acc --> new items: 1
Country: xf, product: macbookpro --> new items: 1
Country: xf, product: acc --> new items: 1
Country: us, product: macbookpro --> new items: 1
Country: us, product: acc --> new items: 1
------------------------------------------------------------
Date: 2024/04/19 05:16:52
Country: au, product: watch --> new items: 3
Country: hk, product: macbookpro --> new items: 12
Country: jp, product: acc --> new items: 2
Country: nz, product: watch --> new items: 3
------------------------------------------------------------
Date: 2024/04/19 06:22:42
Country: au, product: watch --> new items: 2
Country: au, product: acc --> new items: 1
Country: ca, product: macpro --> new items: 1
Country: xf, product: macpro --> new items: 1
Country: fr, product: acc --> new items: 1
Country: nz, product: watch --> new items: 2
Country: us, product: macpro --> new items: 1
Country: us, product: macbookpro --> new items: 1
------------------------------------------------------------
Date: 2024/04/19 08:21:14
Country: xf, product: imac --> new items: 1
Country: cn, product: macbookpro --> new items: 1
Country: ie, product: watch --> new items: 1
Country: uk, product: watch --> new items: 1
------------------------------------------------------------
Date: 2024/04/19 09:18:13
Country: ca, product: imac --> new items: 1
Country: cn, product: macbookpro --> new items: 2
Country: cn, product: macbookair --> new items: 2
Country: us, product: imac --> new items: 1
------------------------------------------------------------
Date: 2024/04/19 10:18:31
Country: sg, product: macbookpro --> new items: 4
Country: sg, product: macbookair --> new items: 1
------------------------------------------------------------
Date: 2024/04/19 11:14:16
Country: sg, product: macbookpro --> new items: 19
Country: sg, product: macbookair --> new items: 23
------------------------------------------------------------
Date: 2024/04/19 12:31:03
Country: de, product: imac --> new items: 1
Country: es, product: imac --> new items: 10
Country: fr, product: imac --> new items: 11
Country: it, product: imac --> new items: 12
Country: at, product: imac --> new items: 1
------------------------------------------------------------
Date: 2024/04/19 13:19:35
Country: ie, product: imac --> new items: 2
------------------------------------------------------------
Date: 2024/04/19 14:15:30
Country: uk, product: imac --> new items: 2
------------------------------------------------------------
Date: 2024/04/19 17:15:34
Country: ca, product: atv --> new items: 2
Country: xf, product: atv --> new items: 2
Country: us, product: iphone --> new items: 2
Country: us, product: atv --> new items: 2
------------------------------------------------------------
Date: 2024/04/19 18:20:32
Country: us, product: watch --> new items: 3
------------------------------------------------------------
Date: 2024/04/19 20:17:10
Country: au, product: macbookpro --> new items: 1
Country: ca, product: macstudio --> new items: 1
Country: xf, product: macstudio --> new items: 1
Country: nz, product: macbookpro --> new items: 1
Country: us, product: macstudio --> new items: 1
------------------------------------------------------------
Date: 2024/04/19 21:15:06
Country: ca, product: macbookair --> new items: 2
Country: xf, product: macbookair --> new items: 1
Country: de, product: macbookpro --> new items: 1
Country: fr, product: macbookpro --> new items: 2
Country: nl, product: macbookpro --> new items: 1
Country: at, product: macbookpro --> new items: 1
Country: us, product: macbookair --> new items: 1
------------------------------------------------------------
Date: 2024/04/20 01:12:52
Country: ie, product: watch --> new items: 1
Country: uk, product: watch --> new items: 2
------------------------------------------------------------
Date: 2024/04/20 04:21:23
Country: cn, product: macbookair --> new items: 1
------------------------------------------------------------
Date: 2024/04/20 06:20:23
Country: ca, product: imac --> new items: 1
Country: xf, product: imac --> new items: 1
Country: us, product: imac --> new items: 1
------------------------------------------------------------
Date: 2024/04/20 15:16:36
Country: es, product: iphone --> new items: 1
Country: it, product: iphone --> new items: 1
------------------------------------------------------------
Date: 2024/04/20 20:16:53
Country: ca, product: macbookpro --> new items: 1
Country: ca, product: acc --> new items: 1
Country: xf, product: macbookpro --> new items: 1
Country: xf, product: acc --> new items: 1
Country: pl, product: macbookair --> new items: 1
Country: us, product: macbookpro --> new items: 1
Country: us, product: acc --> new items: 1
------------------------------------------------------------
Date: 2024/04/20 21:14:46
Country: ca, product: macbookpro --> new items: 1
Country: ca, product: atv --> new items: 1
Country: xf, product: macbookpro --> new items: 1
Country: xf, product: atv --> new items: 1
Country: us, product: macbookpro --> new items: 1
Country: us, product: atv --> new items: 1
------------------------------------------------------------
Date: 2024/04/21 05:16:12
Country: xf, product: atv --> new items: 1
------------------------------------------------------------
Date: 2024/04/21 06:22:11
Country: ca, product: atv --> new items: 1
Country: us, product: atv --> new items: 1
------------------------------------------------------------
Date: 2024/04/21 14:24:33
No new entries.
------------------------------------------------------------
Date: 2024/04/21 13:08:00
No new entries.
------------------------------------------------------------
Date: 2024/04/21 14:06:57
No new entries.
------------------------------------------------------------
Date: 2024/04/21 15:07:36
Country: ca, product: macbookpro --> new items: 1
------------------------------------------------------------
Date: 2024/04/21 16:07:58
Country: xf, product: macbookpro --> new items: 1
Country: us, product: macbookpro --> new items: 1
------------------------------------------------------------
Date: 2024/04/21 17:07:23
No new entries.
------------------------------------------------------------
Date: 2024/04/21 18:10:07
No new entries.
------------------------------------------------------------
Date: 2024/04/21 19:07:05
No new entries.
------------------------------------------------------------
Date: 2024/04/21 20:07:47
Country: au, product: macbookpro --> new items: 1
Country: nz, product: macbookpro --> new items: 1
------------------------------------------------------------
Date: 2024/04/21 21:07:16
No new entries.
------------------------------------------------------------
Date: 2024/04/21 22:07:24
No new entries.
------------------------------------------------------------
Date: 2024/04/21 23:06:29
No new entries.
------------------------------------------------------------
Date: 2024/04/22 00:34:44
No new entries.
------------------------------------------------------------
Date: 2024/04/22 01:45:00
No new entries.
------------------------------------------------------------
Date: 2024/04/22 02:19:31
No new entries.
------------------------------------------------------------
Date: 2024/04/22 03:08:48
No new entries.
------------------------------------------------------------
Date: 2024/04/22 04:09:13
No new entries.
------------------------------------------------------------
Date: 2024/04/22 05:08:04
No new entries.
------------------------------------------------------------
Date: 2024/04/22 06:10:17
No new entries.
------------------------------------------------------------
Date: 2024/04/22 07:07:51
No new entries.
------------------------------------------------------------
Date: 2024/04/22 08:10:27
Country: cn, product: acc --> new items: 1
Country: hk, product: macbookpro --> new items: 3
------------------------------------------------------------
Date: 2024/04/22 09:08:44
Country: bx, product: ipad --> new items: 1
Country: be, product: ipad --> new items: 1
Country: de, product: ipad --> new items: 4
Country: es, product: ipad --> new items: 1
Country: it, product: ipad --> new items: 1
Country: nl, product: ipad --> new items: 1
Country: at, product: ipad --> new items: 4
Country: pl, product: ipad --> new items: 4
Country: cx, product: ipad --> new items: 1
Country: ch, product: ipad --> new items: 1
------------------------------------------------------------
Date: 2024/04/22 10:09:04
Country: cn, product: mini --> new items: 4
------------------------------------------------------------
Date: 2024/04/22 11:06:10
Country: jp, product: macbookpro --> new items: 21
Country: jp, product: macbookair --> new items: 5
------------------------------------------------------------
Date: 2024/04/22 12:13:35
Country: de, product: imac --> new items: 1
Country: fr, product: imac --> new items: 4
Country: jp, product: macbookpro --> new items: 14
Country: at, product: imac --> new items: 1
------------------------------------------------------------
Date: 2024/04/22 13:08:07
Country: nl, product: imac --> new items: 1
------------------------------------------------------------
Date: 2024/04/22 14:07:30
No new entries.
------------------------------------------------------------
Date: 2024/04/22 15:07:54
Country: cn, product: macstudio --> new items: 1
Country: ie, product: macbookair --> new items: 2
Country: uk, product: macbookair --> new items: 2
------------------------------------------------------------
Date: 2024/04/22 16:08:59
Country: bx, product: iphone --> new items: 7
Country: be, product: iphone --> new items: 7
Country: de, product: iphone --> new items: 7
Country: es, product: iphone --> new items: 1
Country: ie, product: macbookair --> new items: 6
Country: it, product: iphone --> new items: 1
Country: nl, product: iphone --> new items: 7
Country: at, product: iphone --> new items: 7
Country: cx, product: iphone --> new items: 7
Country: ch, product: iphone --> new items: 7
Country: uk, product: macbookair --> new items: 6
------------------------------------------------------------
Date: 2024/04/22 17:06:21
Country: ca, product: mini --> new items: 15
Country: xf, product: mini --> new items: 15
Country: pl, product: macbookpro --> new items: 1
Country: us, product: mini --> new items: 15
------------------------------------------------------------
Date: 2024/04/22 18:08:40
Country: de, product: macbookpro --> new items: 1
Country: fr, product: macbookair --> new items: 1
Country: cx, product: macbookpro --> new items: 1
Country: ch, product: macbookpro --> new items: 1
------------------------------------------------------------
Date: 2024/04/22 19:06:38
Country: ca, product: acc --> new items: 1
Country: xf, product: acc --> new items: 1
Country: cn, product: macstudio --> new items: 1
Country: de, product: macbookpro --> new items: 1
Country: at, product: macbookpro --> new items: 2
------------------------------------------------------------
Date: 2024/04/22 20:08:24
Country: cn, product: acc --> new items: 1
Country: ie, product: macbookpro --> new items: 1
Country: uk, product: macbookpro --> new items: 1
Country: us, product: acc --> new items: 1
------------------------------------------------------------
Date: 2024/04/22 21:07:09
Country: ca, product: mini --> new items: 2
Country: ca, product: macbookpro --> new items: 10
Country: xf, product: mini --> new items: 2
Country: xf, product: macbookpro --> new items: 11
Country: us, product: mini --> new items: 2
Country: us, product: macbookpro --> new items: 10
------------------------------------------------------------
Date: 2024/04/22 22:08:44
Country: ca, product: macbookpro --> new items: 14
Country: ca, product: atv --> new items: 1
Country: xf, product: macbookpro --> new items: 13
Country: xf, product: atv --> new items: 1
Country: us, product: macbookpro --> new items: 14
Country: us, product: atv --> new items: 1
------------------------------------------------------------
Date: 2024/04/22 23:06:50
Country: ca, product: macbookpro --> new items: 11
Country: ca, product: macbookair --> new items: 14
Country: xf, product: macbookpro --> new items: 11
Country: xf, product: macbookair --> new items: 13
Country: ie, product: macbookpro --> new items: 3
Country: uk, product: macbookpro --> new items: 3
Country: us, product: macbookpro --> new items: 17
Country: us, product: macbookair --> new items: 13
------------------------------------------------------------
Date: 2024/04/23 00:33:39
Country: ca, product: macbookpro --> new items: 16
Country: ca, product: macbookair --> new items: 1
Country: xf, product: macbookpro --> new items: 16
Country: xf, product: macbookair --> new items: 1
Country: ie, product: macbookpro --> new items: 8
Country: ie, product: macbookair --> new items: 5
Country: uk, product: macbookpro --> new items: 8
Country: uk, product: macbookair --> new items: 5
Country: us, product: macbookpro --> new items: 10
Country: us, product: macbookair --> new items: 1
------------------------------------------------------------
Date: 2024/04/23 01:43:34
Country: cn, product: imac --> new items: 74
Country: jp, product: imac --> new items: 81
------------------------------------------------------------
Date: 2024/04/23 02:19:28
No new entries.
------------------------------------------------------------
Date: 2024/04/23 03:08:17
Country: jp, product: macbookpro --> new items: 1
------------------------------------------------------------
Date: 2024/04/23 04:08:45
Country: cn, product: mini --> new items: 1
Country: tw, product: macbookpro --> new items: 18
Country: tw, product: macbookair --> new items: 17
------------------------------------------------------------
Date: 2024/04/23 05:07:17
Country: cn, product: macstudio --> new items: 1
Country: jp, product: imac --> new items: 3
------------------------------------------------------------
Date: 2024/04/23 06:09:46
Country: jp, product: imac --> new items: 6
Country: jp, product: macbookpro --> new items: 4
Country: jp, product: macbookair --> new items: 9
------------------------------------------------------------
Date: 2024/04/23 07:07:00
Country: jp, product: macbookpro --> new items: 1
Country: jp, product: macbookair --> new items: 1
------------------------------------------------------------
Date: 2024/04/23 08:09:52
Country: jp, product: mini --> new items: 4
------------------------------------------------------------
Date: 2024/04/23 09:07:52
No new entries.
------------------------------------------------------------
Date: 2024/04/23 10:07:35
No new entries.
------------------------------------------------------------
Date: 2024/04/23 11:07:03
Country: sg, product: mini --> new items: 5
Country: sg, product: macbookpro --> new items: 5
Country: sg, product: macbookair --> new items: 2
------------------------------------------------------------
Date: 2024/04/23 12:13:52
Country: de, product: macbookpro --> new items: 1
Country: at, product: macbookpro --> new items: 1
Country: pl, product: macbookpro --> new items: 1
------------------------------------------------------------
Date: 2024/04/23 13:08:10
Country: ca, product: imac --> new items: 1
Country: xf, product: imac --> new items: 1
Country: us, product: imac --> new items: 1
------------------------------------------------------------
Date: 2024/04/23 14:07:13
No new entries.
------------------------------------------------------------
Date: 2024/04/23 15:07:38
Country: it, product: imac --> new items: 1
------------------------------------------------------------
Date: 2024/04/23 16:09:12
Country: cn, product: macstudio --> new items: 1
Country: ie, product: macbookpro --> new items: 1
Country: uk, product: macbookpro --> new items: 1
------------------------------------------------------------
Date: 2024/04/23 17:06:26
Country: ca, product: macbookair --> new items: 1
Country: xf, product: macbookair --> new items: 1
Country: es, product: macbookair --> new items: 5
Country: it, product: macbookair --> new items: 10
Country: us, product: macbookair --> new items: 1
------------------------------------------------------------
Date: 2024/04/23 18:09:43
Country: cn, product: macstudio --> new items: 1
Country: it, product: imac --> new items: 1
Country: cx, product: imac --> new items: 1
Country: ch, product: imac --> new items: 1
------------------------------------------------------------
