Date: 2026/04/01 01:25:45
Country: au, product: macbookair --> new items: 1
Country: ca, product: macbookair --> new items: 26
Country: xf, product: macbookair --> new items: 40
Country: uk, product: iphone --> new items: 1
Country: us, product: macbookair --> new items: 25
------------------------------------------------------------
Date: 2026/04/01 04:39:09
Country: au, product: ipad --> new items: 1
Country: be, product: watch --> new items: 1
Country: ca, product: macbookair --> new items: 5
Country: cn, product: macbookair --> new items: 1
Country: de, product: macbookair --> new items: 1
Country: de, product: watch --> new items: 1
Country: jp, product: mini --> new items: 2
Country: jp, product: macbookpro --> new items: 7
Country: jp, product: macbookair --> new items: 31
Country: nl, product: watch --> new items: 1
Country: nz, product: ipad --> new items: 1
Country: at, product: macbookair --> new items: 1
Country: at, product: watch --> new items: 1
Country: cx, product: watch --> new items: 1
Country: ch, product: watch --> new items: 1
Country: us, product: iphone --> new items: 2
Country: us, product: macbookair --> new items: 6
------------------------------------------------------------
