Date: 2025/03/01 00:49:55
Country: au, product: macbookpro --> new items: 2
Country: au, product: macbookair --> new items: 1
Country: au, product: watch --> new items: 1
Country: bx, product: iphone --> new items: 1
Country: bx, product: mini --> new items: 1
Country: bx, product: macbookpro --> new items: 2
Country: be, product: iphone --> new items: 1
Country: be, product: macbookpro --> new items: 2
Country: ca, product: iphone --> new items: 1
Country: ca, product: imac --> new items: 2
Country: ca, product: macstudio --> new items: 2
Country: ca, product: mini --> new items: 1
Country: ca, product: macbookpro --> new items: 26
Country: ca, product: macbookair --> new items: 14
Country: xf, product: iphone --> new items: 1
Country: xf, product: imac --> new items: 2
Country: xf, product: macstudio --> new items: 2
Country: xf, product: mini --> new items: 1
Country: xf, product: macbookpro --> new items: 26
Country: xf, product: macbookair --> new items: 15
Country: de, product: iphone --> new items: 1
Country: de, product: mini --> new items: 3
Country: de, product: macbookpro --> new items: 4
Country: de, product: macbookair --> new items: 2
Country: es, product: iphone --> new items: 3
Country: es, product: imac --> new items: 1
Country: es, product: mini --> new items: 1
Country: es, product: macbookpro --> new items: 7
Country: es, product: macbookair --> new items: 4
Country: hk, product: ipad --> new items: 1
Country: hk, product: macbookair --> new items: 1
Country: it, product: iphone --> new items: 3
Country: it, product: mini --> new items: 1
Country: it, product: macbookpro --> new items: 1
Country: jp, product: iphone --> new items: 1
Country: jp, product: imac --> new items: 2
Country: jp, product: macstudio --> new items: 1
Country: jp, product: watch --> new items: 2
Country: nl, product: iphone --> new items: 1
Country: nl, product: mini --> new items: 1
Country: nl, product: macbookair --> new items: 1
Country: nz, product: macbookpro --> new items: 2
Country: nz, product: macbookair --> new items: 1
Country: nz, product: watch --> new items: 1
Country: at, product: iphone --> new items: 1
Country: at, product: mini --> new items: 3
Country: at, product: macbookpro --> new items: 4
Country: at, product: macbookair --> new items: 2
Country: pl, product: mini --> new items: 1
Country: sg, product: ipad --> new items: 1
Country: sg, product: macbookpro --> new items: 2
Country: sg, product: macbookair --> new items: 5
Country: kr, product: ipad --> new items: 1
Country: kr, product: macbookpro --> new items: 2
Country: cx, product: iphone --> new items: 1
Country: cx, product: macbookpro --> new items: 2
Country: ch, product: iphone --> new items: 1
Country: ch, product: macbookpro --> new items: 2
Country: tw, product: mini --> new items: 1
Country: tw, product: macbookpro --> new items: 3
Country: tw, product: macbookair --> new items: 2
Country: us, product: iphone --> new items: 3
Country: us, product: macstudio --> new items: 1
Country: us, product: macbookpro --> new items: 4
Country: us, product: macbookair --> new items: 3
------------------------------------------------------------
