Date: 2024/11/01 00:48:19
Country: bx, product: atv --> new items: 2
Country: be, product: atv --> new items: 2
Country: ca, product: ipad --> new items: 1
Country: ca, product: macbookair --> new items: 8
Country: xf, product: ipad --> new items: 1
Country: xf, product: macbookair --> new items: 8
Country: de, product: macbookair --> new items: 4
Country: de, product: atv --> new items: 2
Country: es, product: atv --> new items: 2
Country: fr, product: macbookair --> new items: 1
Country: fr, product: atv --> new items: 2
Country: it, product: macbookair --> new items: 1
Country: nl, product: macbookpro --> new items: 1
Country: nl, product: atv --> new items: 2
Country: nz, product: watch --> new items: 7
Country: at, product: atv --> new items: 2
Country: cx, product: atv --> new items: 2
Country: ch, product: atv --> new items: 2
Country: us, product: ipad --> new items: 2
Country: us, product: macbookair --> new items: 7
------------------------------------------------------------
Date: 2024/11/01 02:20:19
Country: au, product: watch --> new items: 7
Country: jp, product: ipad --> new items: 29
Country: jp, product: macbookpro --> new items: 1
Country: us, product: macbookair --> new items: 1
------------------------------------------------------------
Date: 2024/11/01 03:24:56
No new entries.
------------------------------------------------------------
Date: 2024/11/01 04:11:38
No new entries.
------------------------------------------------------------
Date: 2024/11/01 05:10:06
No new entries.
------------------------------------------------------------
Date: 2024/11/01 06:13:57
No new entries.
------------------------------------------------------------
Date: 2024/11/01 07:09:21
No new entries.
------------------------------------------------------------
Date: 2024/11/01 08:12:32
No new entries.
------------------------------------------------------------
Date: 2024/11/01 09:09:46
Country: us, product: macbookpro --> new items: 1
------------------------------------------------------------
Date: 2024/11/01 10:10:44
No new entries.
------------------------------------------------------------
Date: 2024/11/01 11:08:01
No new entries.
------------------------------------------------------------
Date: 2024/11/01 12:16:43
Country: ie, product: iphone --> new items: 1
------------------------------------------------------------
Date: 2024/11/01 13:17:08
Country: ie, product: macbookpro --> new items: 1
------------------------------------------------------------
Date: 2024/11/01 14:08:56
Country: ie, product: macbookpro --> new items: 1
------------------------------------------------------------
Date: 2024/11/01 15:09:27
Country: uk, product: macbookpro --> new items: 1
------------------------------------------------------------
Date: 2024/11/01 16:10:51
Country: uk, product: iphone --> new items: 1
------------------------------------------------------------
Date: 2024/11/01 17:08:11
Country: ie, product: macbookpro --> new items: 1
------------------------------------------------------------
Date: 2024/11/01 18:12:26
Country: ie, product: iphone --> new items: 1
Country: ie, product: watch --> new items: 1
------------------------------------------------------------
Date: 2024/11/01 19:07:47
No new entries.
------------------------------------------------------------
Date: 2024/11/01 20:10:06
No new entries.
------------------------------------------------------------
