Date: 2026/02/01 01:17:37
Country: bx, product: iphone --> new items: 1
Country: be, product: iphone --> new items: 1
Country: de, product: iphone --> new items: 1
Country: ie, product: iphone --> new items: 1
Country: nl, product: iphone --> new items: 1
Country: at, product: iphone --> new items: 1
Country: cx, product: iphone --> new items: 1
Country: ch, product: iphone --> new items: 1
------------------------------------------------------------
Date: 2026/02/01 04:20:09
Country: nl, product: macbookpro --> new items: 1
------------------------------------------------------------
Date: 2026/02/01 05:53:19
No new entries.
------------------------------------------------------------
Date: 2026/02/01 06:36:35
Country: au, product: macbookair --> new items: 1
------------------------------------------------------------
Date: 2026/02/01 07:29:57
Country: cn, product: macbookair --> new items: 1
Country: jp, product: iphone --> new items: 1
Country: nz, product: macbookair --> new items: 1
------------------------------------------------------------
