Date: 2026/06/01 02:40:51
Country: de, product: macbookair --> new items: 1
Country: jp, product: atv --> new items: 1
Country: at, product: macbookair --> new items: 1
Country: us, product: ipad --> new items: 2
------------------------------------------------------------
Date: 2026/06/01 08:22:57
Country: au, product: macstudio --> new items: 6
Country: au, product: mini --> new items: 11
Country: au, product: macbookpro --> new items: 4
Country: bx, product: ipad --> new items: 2
Country: be, product: ipad --> new items: 2
Country: cn, product: ipad --> new items: 1
Country: de, product: ipad --> new items: 2
Country: es, product: ipad --> new items: 1
Country: ie, product: ipad --> new items: 1
Country: it, product: ipad --> new items: 1
Country: jp, product: macbookpro --> new items: 19
Country: jp, product: macbookair --> new items: 15
Country: nl, product: ipad --> new items: 2
Country: nz, product: macstudio --> new items: 6
Country: nz, product: mini --> new items: 11
Country: nz, product: macbookpro --> new items: 4
Country: at, product: ipad --> new items: 2
Country: at, product: macbookair --> new items: 1
Country: cx, product: ipad --> new items: 1
Country: ch, product: ipad --> new items: 1
------------------------------------------------------------
