Date: 2024/09/01 00:48:26
No new entries.
------------------------------------------------------------
Date: 2024/09/01 02:17:11
Country: jp, product: imac --> new items: 1
------------------------------------------------------------
Date: 2024/09/01 03:15:49
No new entries.
------------------------------------------------------------
Date: 2024/09/01 04:11:24
Country: cn, product: mini --> new items: 1
------------------------------------------------------------
Date: 2024/09/01 05:09:42
No new entries.
------------------------------------------------------------
Date: 2024/09/01 06:12:18
No new entries.
------------------------------------------------------------
Date: 2024/09/01 07:07:43
No new entries.
------------------------------------------------------------
