Date: 2024/08/01 00:41:45
Country: ca, product: mini --> new items: 2
Country: ca, product: macbookair --> new items: 1
Country: xf, product: mini --> new items: 2
Country: xf, product: macbookair --> new items: 1
Country: ie, product: macbookair --> new items: 16
Country: uk, product: macbookair --> new items: 16
Country: us, product: mini --> new items: 2
------------------------------------------------------------
Date: 2024/08/01 02:05:16
Country: es, product: atv --> new items: 1
------------------------------------------------------------
Date: 2024/08/01 03:09:45
Country: jp, product: watch --> new items: 2
Country: us, product: macbookair --> new items: 1
------------------------------------------------------------
Date: 2024/08/01 04:10:16
Country: ca, product: macbookair --> new items: 3
Country: xf, product: macbookair --> new items: 11
Country: jp, product: watch --> new items: 27
Country: jp, product: acc --> new items: 1
Country: us, product: macbookair --> new items: 3
------------------------------------------------------------
Date: 2024/08/01 05:08:35
Country: ca, product: macbookair --> new items: 7
Country: cn, product: macbookpro --> new items: 1
Country: us, product: macbookair --> new items: 7
------------------------------------------------------------
