Date: 2025/12/01 01:03:05
Country: us, product: ipad --> new items: 1
------------------------------------------------------------
Date: 2025/12/01 03:42:08
Country: de, product: macbookpro --> new items: 1
Country: at, product: macbookpro --> new items: 1
------------------------------------------------------------
Date: 2025/12/01 04:41:06
Country: us, product: iphone --> new items: 1
------------------------------------------------------------
Date: 2025/12/01 05:20:11
Country: jp, product: macbookair --> new items: 1
------------------------------------------------------------
Date: 2025/12/01 06:18:44
No new entries.
------------------------------------------------------------
Date: 2025/12/01 07:15:19
Country: uk, product: iphone --> new items: 1
------------------------------------------------------------
Date: 2025/12/01 08:17:59
Country: jp, product: imac --> new items: 1
------------------------------------------------------------
