Date: 2025/10/01 00:54:53
Country: ca, product: macbookpro --> new items: 18
Country: xf, product: macbookpro --> new items: 18
Country: us, product: macbookpro --> new items: 18
------------------------------------------------------------
Date: 2025/10/01 02:27:28
Country: ca, product: imac --> new items: 1
Country: ca, product: macbookpro --> new items: 14
Country: xf, product: imac --> new items: 1
Country: xf, product: macbookpro --> new items: 15
Country: us, product: iphone --> new items: 1
Country: us, product: imac --> new items: 1
Country: us, product: macbookpro --> new items: 15
------------------------------------------------------------
Date: 2025/10/01 03:37:07
Country: ca, product: macbookpro --> new items: 1
------------------------------------------------------------
Date: 2025/10/01 04:12:59
No new entries.
------------------------------------------------------------
Date: 2025/10/01 05:11:02
No new entries.
------------------------------------------------------------
Date: 2025/10/01 06:15:48
No new entries.
------------------------------------------------------------
Date: 2025/10/01 07:10:50
Country: de, product: macbookair --> new items: 1
Country: es, product: macbookair --> new items: 1
Country: fr, product: macbookair --> new items: 4
Country: it, product: macbookair --> new items: 1
Country: at, product: macbookair --> new items: 1
Country: tw, product: macstudio --> new items: 1
Country: tw, product: macbookpro --> new items: 8
Country: tw, product: macbookair --> new items: 4
------------------------------------------------------------
