Date: 2024/07/01 00:41:34
No new entries.
------------------------------------------------------------
Date: 2024/07/01 02:03:51
Country: cn, product: ipad --> new items: 1
------------------------------------------------------------
Date: 2024/07/01 03:09:41
No new entries.
------------------------------------------------------------
Date: 2024/07/01 04:10:02
No new entries.
------------------------------------------------------------
Date: 2024/07/01 05:08:38
Country: cn, product: macbookair --> new items: 1
------------------------------------------------------------
Date: 2024/07/01 06:12:28
No new entries.
------------------------------------------------------------
Date: 2024/07/01 07:08:45
Country: cn, product: ipad --> new items: 1
------------------------------------------------------------
Date: 2024/07/01 08:11:26
Country: be, product: ipad --> new items: 1
Country: nl, product: ipad --> new items: 1
------------------------------------------------------------
Date: 2024/07/01 09:10:13
Country: bx, product: ipad --> new items: 1
Country: cn, product: ipad --> new items: 1
Country: nl, product: macbookpro --> new items: 1
------------------------------------------------------------
Date: 2024/07/01 10:10:07
Country: cn, product: mini --> new items: 4
Country: cn, product: macbookair --> new items: 1
Country: de, product: macbookpro --> new items: 1
Country: jp, product: iphone --> new items: 1
Country: at, product: macbookpro --> new items: 1
Country: tw, product: mini --> new items: 3
------------------------------------------------------------
