Date: 2026/01/01 01:02:24
Country: jp, product: mini --> new items: 1
------------------------------------------------------------
Date: 2026/01/01 03:41:35
No new entries.
------------------------------------------------------------
Date: 2026/01/01 04:39:54
No new entries.
------------------------------------------------------------
Date: 2026/01/01 05:19:30
Country: jp, product: macbookpro --> new items: 1
------------------------------------------------------------
Date: 2026/01/01 06:19:12
No new entries.
------------------------------------------------------------
Date: 2026/01/01 07:15:14
No new entries.
------------------------------------------------------------
Date: 2026/01/01 08:16:21
Country: cn, product: macbookair --> new items: 1
------------------------------------------------------------
Date: 2026/01/01 09:15:43
Country: bx, product: macbookpro --> new items: 1
Country: be, product: macbookpro --> new items: 1
Country: uk, product: iphone --> new items: 1
------------------------------------------------------------
Date: 2026/01/01 10:12:51
Country: bx, product: atv --> new items: 1
Country: be, product: atv --> new items: 1
Country: de, product: atv --> new items: 1
Country: nl, product: atv --> new items: 1
Country: at, product: atv --> new items: 1
Country: cx, product: atv --> new items: 1
Country: ch, product: atv --> new items: 1
------------------------------------------------------------
