Date: 2024/06/01 00:37:48
No new entries.
------------------------------------------------------------
Date: 2024/06/01 01:55:47
No new entries.
------------------------------------------------------------
Date: 2024/06/01 02:28:08
No new entries.
------------------------------------------------------------
Date: 2024/06/01 03:09:43
No new entries.
------------------------------------------------------------
Date: 2024/06/01 04:08:59
Country: ca, product: macbookpro --> new items: 7
Country: xf, product: macbookpro --> new items: 7
Country: us, product: macbookpro --> new items: 6
------------------------------------------------------------
Date: 2024/06/01 05:08:10
Country: us, product: macbookpro --> new items: 1
------------------------------------------------------------
Date: 2024/06/01 06:09:58
No new entries.
------------------------------------------------------------
Date: 2024/06/01 07:06:37
Country: jp, product: macbookpro --> new items: 41
Country: jp, product: macbookair --> new items: 19
------------------------------------------------------------
Date: 2024/06/01 08:09:01
Country: cn, product: macbookpro --> new items: 1
------------------------------------------------------------
Date: 2024/06/01 09:09:44
Country: nl, product: macbookair --> new items: 1
------------------------------------------------------------
Date: 2024/06/01 10:08:13
Country: jp, product: watch --> new items: 1
------------------------------------------------------------
Date: 2024/06/01 11:07:49
No new entries.
------------------------------------------------------------
Date: 2024/06/01 12:12:27
No new entries.
------------------------------------------------------------
Date: 2024/06/01 13:07:06
No new entries.
------------------------------------------------------------
