Date: 2024/10/01 00:48:10
Country: au, product: ipad --> new items: 1
Country: au, product: macstudio --> new items: 1
Country: au, product: mini --> new items: 1
Country: au, product: macbookpro --> new items: 1
Country: au, product: macbookair --> new items: 3
Country: bx, product: macbookair --> new items: 2
Country: be, product: macbookair --> new items: 2
Country: ca, product: ipad --> new items: 1
Country: ca, product: imac --> new items: 3
Country: ca, product: macpro --> new items: 1
Country: ca, product: macstudio --> new items: 1
Country: ca, product: mini --> new items: 1
Country: ca, product: macbookpro --> new items: 5
Country: ca, product: macbookair --> new items: 7
Country: xf, product: ipad --> new items: 1
Country: xf, product: imac --> new items: 3
Country: xf, product: macpro --> new items: 1
Country: xf, product: macstudio --> new items: 1
Country: xf, product: mini --> new items: 1
Country: xf, product: macbookpro --> new items: 5
Country: xf, product: macbookair --> new items: 7
Country: de, product: imac --> new items: 2
Country: de, product: macstudio --> new items: 1
Country: de, product: macbookpro --> new items: 5
Country: de, product: macbookair --> new items: 6
Country: es, product: imac --> new items: 1
Country: es, product: macstudio --> new items: 1
Country: es, product: macbookpro --> new items: 1
Country: es, product: macbookair --> new items: 1
Country: fr, product: macbookpro --> new items: 1
Country: hk, product: imac --> new items: 1
Country: hk, product: macbookpro --> new items: 1
Country: hk, product: macbookair --> new items: 1
Country: ie, product: imac --> new items: 2
Country: ie, product: macbookpro --> new items: 6
Country: ie, product: macbookair --> new items: 3
Country: it, product: iphone --> new items: 1
Country: it, product: mini --> new items: 1
Country: jp, product: ipad --> new items: 2
Country: jp, product: imac --> new items: 6
Country: jp, product: macbookpro --> new items: 6
Country: jp, product: macbookair --> new items: 22
Country: jp, product: watch --> new items: 3
Country: nz, product: ipad --> new items: 1
Country: nz, product: macstudio --> new items: 1
Country: nz, product: mini --> new items: 1
Country: nz, product: macbookpro --> new items: 1
Country: nz, product: macbookair --> new items: 3
Country: at, product: imac --> new items: 2
Country: at, product: macstudio --> new items: 1
Country: at, product: macbookpro --> new items: 5
Country: at, product: macbookair --> new items: 6
Country: pl, product: macbookpro --> new items: 1
Country: pl, product: macbookair --> new items: 2
Country: sg, product: macstudio --> new items: 1
Country: sg, product: macbookpro --> new items: 2
Country: sg, product: macbookair --> new items: 2
Country: kr, product: mini --> new items: 1
Country: kr, product: macbookair --> new items: 1
Country: cx, product: imac --> new items: 1
Country: cx, product: macbookair --> new items: 2
Country: ch, product: imac --> new items: 1
Country: ch, product: macbookair --> new items: 2
Country: tw, product: imac --> new items: 1
Country: tw, product: macstudio --> new items: 1
Country: us, product: homepod --> new items: 1
Country: us, product: imac --> new items: 1
Country: us, product: macpro --> new items: 1
Country: us, product: macstudio --> new items: 1
Country: us, product: mini --> new items: 1
Country: us, product: macbookpro --> new items: 4
Country: us, product: macbookair --> new items: 5
------------------------------------------------------------
Date: 2024/10/01 02:20:30
No new entries.
------------------------------------------------------------
Date: 2024/10/01 03:23:41
No new entries.
------------------------------------------------------------
Date: 2024/10/01 04:11:36
No new entries.
------------------------------------------------------------
Date: 2024/10/01 05:09:18
Country: us, product: mini --> new items: 18
Country: us, product: macbookpro --> new items: 31
Country: us, product: macbookair --> new items: 28
------------------------------------------------------------
Date: 2024/10/01 06:13:31
No new entries.
------------------------------------------------------------
Date: 2024/10/01 07:09:37
Country: be, product: ipad --> new items: 1
Country: be, product: macbookair --> new items: 5
Country: ch, product: macbookair --> new items: 3
------------------------------------------------------------
Date: 2024/10/01 08:13:01
No new entries.
------------------------------------------------------------
Date: 2024/10/01 09:10:18
No new entries.
------------------------------------------------------------
Date: 2024/10/01 10:10:12
No new entries.
------------------------------------------------------------
Date: 2024/10/01 11:07:53
Country: cn, product: macbookpro --> new items: 1
Country: cn, product: macbookair --> new items: 1
------------------------------------------------------------
Date: 2024/10/01 12:17:10
Country: fr, product: macbookair --> new items: 1
Country: jp, product: mini --> new items: 1
------------------------------------------------------------
Date: 2024/10/01 13:18:52
Country: au, product: macstudio --> new items: 2
Country: bx, product: macbookair --> new items: 4
Country: de, product: macbookair --> new items: 1
Country: es, product: macbookair --> new items: 3
Country: nl, product: imac --> new items: 1
Country: nl, product: macbookair --> new items: 2
Country: nz, product: macstudio --> new items: 2
Country: at, product: macbookair --> new items: 1
Country: pl, product: macstudio --> new items: 2
Country: pl, product: macbookair --> new items: 2
Country: cx, product: macbookair --> new items: 3
Country: ch, product: macbookair --> new items: 1
Country: tw, product: mini --> new items: 5
Country: tw, product: macbookpro --> new items: 23
Country: tw, product: macbookair --> new items: 12
------------------------------------------------------------
Date: 2024/10/01 14:08:56
Country: au, product: macstudio --> new items: 1
Country: au, product: mini --> new items: 1
Country: au, product: macbookpro --> new items: 1
Country: au, product: macbookair --> new items: 3
Country: be, product: macbookair --> new items: 2
Country: ca, product: mini --> new items: 1
Country: ca, product: macbookpro --> new items: 1
Country: xf, product: mini --> new items: 1
Country: xf, product: macbookpro --> new items: 1
Country: de, product: imac --> new items: 1
Country: de, product: macbookpro --> new items: 1
Country: ie, product: imac --> new items: 2
Country: ie, product: macbookpro --> new items: 2
Country: ie, product: macbookair --> new items: 3
Country: it, product: mini --> new items: 1
Country: it, product: macbookair --> new items: 1
Country: nl, product: macbookpro --> new items: 2
Country: nl, product: macbookair --> new items: 2
Country: at, product: imac --> new items: 1
Country: at, product: macbookpro --> new items: 1
Country: us, product: imac --> new items: 1
Country: us, product: macbookair --> new items: 3
------------------------------------------------------------
Date: 2024/10/01 15:09:06
Country: be, product: macbookair --> new items: 1
Country: fr, product: macbookair --> new items: 1
Country: ie, product: macbookpro --> new items: 4
Country: pl, product: macbookpro --> new items: 1
Country: us, product: macbookpro --> new items: 1
Country: us, product: macbookair --> new items: 1
------------------------------------------------------------
Date: 2024/10/01 16:10:47
Country: au, product: macstudio --> new items: 2
Country: nl, product: imac --> new items: 1
Country: nl, product: macbookpro --> new items: 1
Country: nl, product: macbookair --> new items: 1
Country: ch, product: macbookair --> new items: 1
------------------------------------------------------------
Date: 2024/10/01 17:07:59
Country: au, product: macbookpro --> new items: 5
Country: au, product: macbookair --> new items: 3
Country: bx, product: ipad --> new items: 1
Country: bx, product: mini --> new items: 1
Country: bx, product: macbookair --> new items: 3
Country: be, product: mini --> new items: 1
Country: be, product: macbookair --> new items: 3
Country: ca, product: mini --> new items: 16
Country: ca, product: macbookpro --> new items: 29
Country: ca, product: macbookair --> new items: 22
Country: xf, product: mini --> new items: 16
Country: xf, product: macbookpro --> new items: 29
Country: xf, product: macbookair --> new items: 22
Country: de, product: macstudio --> new items: 1
Country: de, product: mini --> new items: 1
Country: de, product: macbookair --> new items: 7
Country: es, product: mini --> new items: 2
Country: es, product: macbookair --> new items: 6
Country: fr, product: mini --> new items: 3
Country: fr, product: macbookpro --> new items: 1
Country: fr, product: macbookair --> new items: 1
Country: ie, product: ipad --> new items: 1
Country: ie, product: mini --> new items: 10
Country: ie, product: macbookpro --> new items: 1
Country: ie, product: macbookair --> new items: 1
Country: it, product: mini --> new items: 3
Country: it, product: macbookair --> new items: 3
Country: nl, product: ipad --> new items: 1
Country: nl, product: mini --> new items: 1
Country: nl, product: macbookpro --> new items: 2
Country: nl, product: macbookair --> new items: 4
Country: nz, product: macbookpro --> new items: 5
Country: nz, product: macbookair --> new items: 3
Country: at, product: macstudio --> new items: 1
Country: at, product: mini --> new items: 1
Country: at, product: macbookair --> new items: 8
Country: pl, product: macbookpro --> new items: 1
Country: pl, product: macbookair --> new items: 1
Country: cx, product: macbookpro --> new items: 1
Country: cx, product: macbookair --> new items: 2
Country: ch, product: macbookpro --> new items: 1
Country: ch, product: macbookair --> new items: 2
Country: uk, product: ipad --> new items: 1
Country: uk, product: mini --> new items: 10
Country: uk, product: macbookpro --> new items: 1
Country: uk, product: macbookair --> new items: 1
Country: us, product: iphone --> new items: 3
Country: us, product: homepod --> new items: 1
Country: us, product: macbookair --> new items: 1
------------------------------------------------------------
Date: 2024/10/01 18:12:04
Country: ca, product: ipad --> new items: 1
Country: ca, product: macbookpro --> new items: 1
Country: ca, product: macbookair --> new items: 8
Country: xf, product: macbookpro --> new items: 1
Country: xf, product: macbookair --> new items: 8
Country: us, product: ipad --> new items: 1
Country: us, product: macbookpro --> new items: 1
Country: us, product: macbookair --> new items: 8
------------------------------------------------------------
Date: 2024/10/01 19:07:31
Country: ca, product: ipad --> new items: 1
Country: ca, product: macbookpro --> new items: 1
Country: ca, product: macbookair --> new items: 5
Country: xf, product: ipad --> new items: 1
Country: xf, product: macbookpro --> new items: 1
Country: xf, product: macbookair --> new items: 5
Country: us, product: ipad --> new items: 1
Country: us, product: macbookpro --> new items: 1
Country: us, product: macbookair --> new items: 5
------------------------------------------------------------
Date: 2024/10/01 20:09:56
Country: ca, product: ipad --> new items: 1
Country: ca, product: macbookpro --> new items: 3
Country: ca, product: macbookair --> new items: 2
Country: xf, product: ipad --> new items: 1
Country: xf, product: macbookpro --> new items: 3
Country: xf, product: macbookair --> new items: 2
Country: uk, product: macbookpro --> new items: 4
Country: us, product: iphone --> new items: 1
Country: us, product: macbookpro --> new items: 3
Country: us, product: macbookair --> new items: 2
------------------------------------------------------------
Date: 2024/10/01 21:09:13
Country: bx, product: acc --> new items: 1
Country: be, product: acc --> new items: 1
Country: de, product: acc --> new items: 1
Country: ie, product: macbookpro --> new items: 4
Country: nl, product: acc --> new items: 1
Country: at, product: acc --> new items: 1
Country: pl, product: acc --> new items: 1
Country: cx, product: acc --> new items: 1
Country: ch, product: acc --> new items: 1
------------------------------------------------------------
Date: 2024/10/01 22:08:38
Country: de, product: macbookair --> new items: 1
Country: es, product: macbookair --> new items: 1
Country: it, product: macbookair --> new items: 2
Country: at, product: macbookair --> new items: 1
Country: us, product: ipad --> new items: 1
------------------------------------------------------------
