Date: 2025/08/01 01:04:10
Country: au, product: watch --> new items: 5
Country: jp, product: iphone --> new items: 1
Country: nz, product: watch --> new items: 5
------------------------------------------------------------
Date: 2025/08/01 03:48:19
Country: au, product: watch --> new items: 1
Country: au, product: acc --> new items: 1
Country: ca, product: imac --> new items: 1
Country: ca, product: macbookair --> new items: 2
Country: xf, product: imac --> new items: 1
Country: xf, product: macbookair --> new items: 2
Country: nz, product: watch --> new items: 1
Country: us, product: imac --> new items: 1
Country: us, product: macbookair --> new items: 2
------------------------------------------------------------
Date: 2025/08/01 04:45:09
Country: de, product: imac --> new items: 1
Country: fr, product: imac --> new items: 1
Country: jp, product: macbookair --> new items: 1
Country: jp, product: watch --> new items: 1
Country: at, product: imac --> new items: 1
------------------------------------------------------------
Date: 2025/08/01 05:24:35
Country: it, product: imac --> new items: 1
------------------------------------------------------------
Date: 2025/08/01 06:19:36
No new entries.
------------------------------------------------------------
Date: 2025/08/01 07:18:04
Country: cn, product: acc --> new items: 1
Country: jp, product: ipad --> new items: 1
Country: jp, product: iphone --> new items: 2
Country: jp, product: macbookair --> new items: 1
Country: jp, product: watch --> new items: 1
Country: pl, product: macbookpro --> new items: 1
------------------------------------------------------------
Date: 2025/08/01 08:16:17
Country: cn, product: ipad --> new items: 1
Country: jp, product: iphone --> new items: 3
Country: jp, product: macbookpro --> new items: 1
Country: jp, product: macbookair --> new items: 2
Country: jp, product: watch --> new items: 2
------------------------------------------------------------
Date: 2025/08/01 09:16:49
Country: de, product: imac --> new items: 8
Country: fr, product: imac --> new items: 6
Country: it, product: imac --> new items: 11
Country: at, product: imac --> new items: 8
Country: sg, product: macbookpro --> new items: 8
Country: cx, product: imac --> new items: 8
Country: ch, product: imac --> new items: 8
------------------------------------------------------------
Date: 2025/08/01 10:12:59
Country: de, product: macbookair --> new items: 1
Country: es, product: imac --> new items: 12
Country: jp, product: iphone --> new items: 1
Country: at, product: macbookair --> new items: 1
Country: kr, product: ipad --> new items: 1
------------------------------------------------------------
Date: 2025/08/01 11:10:27
Country: jp, product: watch --> new items: 1
------------------------------------------------------------
Date: 2025/08/01 12:21:53
Country: at, product: macbookair --> new items: 1
------------------------------------------------------------
Date: 2025/08/01 13:31:37
Country: bx, product: macbookair --> new items: 1
Country: be, product: macbookair --> new items: 1
Country: de, product: macbookair --> new items: 1
Country: es, product: macbookpro --> new items: 1
Country: ie, product: macbookair --> new items: 1
Country: jp, product: macbookpro --> new items: 1
Country: nl, product: macbookpro --> new items: 1
Country: uk, product: macbookair --> new items: 1
------------------------------------------------------------
Date: 2025/08/01 14:14:03
Country: fr, product: macbookpro --> new items: 1
Country: it, product: macbookair --> new items: 1
Country: jp, product: iphone --> new items: 1
------------------------------------------------------------
Date: 2025/08/01 15:12:16
Country: de, product: macbookair --> new items: 1
Country: es, product: macbookair --> new items: 1
Country: jp, product: iphone --> new items: 1
Country: at, product: macbookair --> new items: 1
------------------------------------------------------------
Date: 2025/08/01 16:14:19
Country: ca, product: macbookair --> new items: 1
Country: de, product: macbookpro --> new items: 1
Country: at, product: macbookpro --> new items: 1
Country: us, product: macbookair --> new items: 1
------------------------------------------------------------
Date: 2025/08/01 17:14:23
Country: ca, product: imac --> new items: 1
Country: xf, product: imac --> new items: 1
------------------------------------------------------------
Date: 2025/08/01 18:16:00
Country: ca, product: imac --> new items: 2
Country: xf, product: imac --> new items: 2
Country: us, product: imac --> new items: 3
------------------------------------------------------------
Date: 2025/08/01 19:11:47
Country: ca, product: imac --> new items: 2
Country: ca, product: macbookair --> new items: 1
Country: xf, product: imac --> new items: 2
Country: xf, product: macbookair --> new items: 1
Country: de, product: imac --> new items: 1
Country: at, product: imac --> new items: 1
Country: us, product: iphone --> new items: 1
Country: us, product: imac --> new items: 2
Country: us, product: macbookair --> new items: 1
------------------------------------------------------------
Date: 2025/08/01 20:12:17
Country: de, product: macbookair --> new items: 1
Country: jp, product: macbookpro --> new items: 1
Country: at, product: macbookair --> new items: 1
Country: uk, product: ipad --> new items: 1
Country: us, product: iphone --> new items: 2
------------------------------------------------------------
Date: 2025/08/01 21:10:25
Country: ca, product: imac --> new items: 3
Country: xf, product: imac --> new items: 3
Country: jp, product: macbookair --> new items: 1
Country: us, product: imac --> new items: 3
------------------------------------------------------------
Date: 2025/08/01 22:10:49
Country: ca, product: imac --> new items: 6
Country: xf, product: imac --> new items: 6
Country: de, product: macbookair --> new items: 1
Country: fr, product: macbookpro --> new items: 6
Country: fr, product: macbookair --> new items: 1
Country: it, product: macbookair --> new items: 2
Country: at, product: macbookair --> new items: 1
Country: us, product: iphone --> new items: 1
Country: us, product: imac --> new items: 2
------------------------------------------------------------
Date: 2025/08/01 23:11:28
Country: bx, product: atv --> new items: 1
Country: ca, product: imac --> new items: 2
Country: ca, product: macbookair --> new items: 1
Country: xf, product: imac --> new items: 2
Country: xf, product: macbookair --> new items: 1
Country: de, product: macbookpro --> new items: 10
Country: de, product: macbookair --> new items: 1
Country: jp, product: ipad --> new items: 1
Country: at, product: macbookpro --> new items: 10
Country: at, product: macbookair --> new items: 1
Country: us, product: imac --> new items: 5
------------------------------------------------------------
Date: 2025/08/02 00:54:59
Country: ca, product: imac --> new items: 3
Country: xf, product: imac --> new items: 3
Country: jp, product: ipad --> new items: 1
Country: jp, product: macbookair --> new items: 1
Country: us, product: imac --> new items: 4
Country: us, product: macbookair --> new items: 1
------------------------------------------------------------
