Date: 2026/07/01 02:48:35
Country: au, product: macbookpro --> new items: 1
Country: ca, product: imac --> new items: 8
Country: ca, product: macbookpro --> new items: 30
Country: ca, product: macbookair --> new items: 6
Country: xf, product: imac --> new items: 8
Country: xf, product: macbookpro --> new items: 30
Country: xf, product: macbookair --> new items: 6
Country: de, product: homepod --> new items: 1
Country: jp, product: imac --> new items: 21
Country: jp, product: macbookpro --> new items: 14
Country: jp, product: macbookair --> new items: 25
Country: nz, product: macbookpro --> new items: 1
Country: at, product: homepod --> new items: 1
Country: kr, product: macbookair --> new items: 1
Country: tw, product: macbookpro --> new items: 2
Country: tw, product: macbookair --> new items: 34
Country: us, product: imac --> new items: 8
Country: us, product: macbookpro --> new items: 30
Country: us, product: macbookair --> new items: 6
------------------------------------------------------------
Date: 2026/07/01 07:02:51
Country: ca, product: macbookpro --> new items: 9
Country: ca, product: macbookair --> new items: 1
Country: xf, product: macbookpro --> new items: 9
Country: xf, product: macbookair --> new items: 1
Country: jp, product: macbookpro --> new items: 1
Country: kr, product: macbookair --> new items: 2
Country: tw, product: macbookpro --> new items: 8
Country: tw, product: macbookair --> new items: 19
Country: us, product: iphone --> new items: 1
Country: us, product: macbookpro --> new items: 9
Country: us, product: macbookair --> new items: 1
------------------------------------------------------------
Date: 2026/07/01 11:15:43
Country: au, product: macbookpro --> new items: 21
Country: bx, product: macbookair --> new items: 1
Country: be, product: macbookair --> new items: 1
Country: cn, product: ipad --> new items: 1
Country: cn, product: macbookair --> new items: 1
Country: de, product: macbookpro --> new items: 1
Country: de, product: macbookair --> new items: 1
Country: ie, product: homepod --> new items: 2
Country: nl, product: macbookpro --> new items: 1
Country: nz, product: macbookpro --> new items: 21
Country: at, product: macbookpro --> new items: 1
Country: at, product: macbookair --> new items: 1
Country: sg, product: macbookpro --> new items: 11
Country: sg, product: macbookair --> new items: 6
Country: kr, product: macbookair --> new items: 1
Country: tw, product: macbookair --> new items: 2
Country: uk, product: iphone --> new items: 1
Country: uk, product: homepod --> new items: 2
------------------------------------------------------------
Date: 2026/07/01 14:04:55
Country: bx, product: macbookair --> new items: 1
Country: be, product: macbookair --> new items: 1
Country: ca, product: imac --> new items: 1
Country: xf, product: imac --> new items: 1
Country: de, product: macbookpro --> new items: 2
Country: de, product: macbookair --> new items: 1
Country: ie, product: iphone --> new items: 3
Country: at, product: macbookpro --> new items: 3
Country: at, product: macbookair --> new items: 1
Country: uk, product: iphone --> new items: 6
Country: us, product: imac --> new items: 1
------------------------------------------------------------
Date: 2026/07/01 17:04:33
Country: bx, product: macbookpro --> new items: 1
Country: be, product: macbookpro --> new items: 1
Country: ca, product: imac --> new items: 9
Country: xf, product: imac --> new items: 9
Country: de, product: macstudio --> new items: 1
Country: de, product: macbookpro --> new items: 1
Country: de, product: macbookair --> new items: 1
Country: at, product: macstudio --> new items: 1
Country: at, product: macbookair --> new items: 1
Country: pl, product: macbookpro --> new items: 1
Country: kr, product: macbookpro --> new items: 1
Country: uk, product: iphone --> new items: 1
Country: us, product: imac --> new items: 9
------------------------------------------------------------
Date: 2026/07/01 19:28:33
Country: ca, product: imac --> new items: 2
Country: ca, product: macbookpro --> new items: 3
Country: ca, product: macbookair --> new items: 11
Country: xf, product: imac --> new items: 2
Country: xf, product: macbookpro --> new items: 3
Country: xf, product: macbookair --> new items: 11
Country: de, product: macbookair --> new items: 3
Country: at, product: macbookair --> new items: 3
Country: us, product: imac --> new items: 2
Country: us, product: macbookpro --> new items: 3
Country: us, product: macbookair --> new items: 11
------------------------------------------------------------
Date: 2026/07/01 21:15:54
Country: bx, product: watch --> new items: 1
Country: be, product: watch --> new items: 1
Country: ca, product: mini --> new items: 1
Country: ca, product: macbookpro --> new items: 8
Country: xf, product: mini --> new items: 1
Country: xf, product: macbookpro --> new items: 8
Country: cn, product: macbookpro --> new items: 1
Country: de, product: macbookpro --> new items: 1
Country: de, product: macbookair --> new items: 1
Country: nl, product: watch --> new items: 1
Country: at, product: macbookpro --> new items: 1
Country: at, product: macbookair --> new items: 1
Country: at, product: watch --> new items: 1
Country: cx, product: watch --> new items: 1
Country: ch, product: watch --> new items: 1
Country: us, product: mini --> new items: 3
Country: us, product: macbookpro --> new items: 8
------------------------------------------------------------
Date: 2026/07/01 23:00:52
Country: bx, product: mini --> new items: 2
Country: be, product: mini --> new items: 2
Country: ca, product: imac --> new items: 4
Country: ca, product: macbookair --> new items: 2
Country: xf, product: imac --> new items: 5
Country: xf, product: macbookair --> new items: 2
Country: de, product: macbookpro --> new items: 1
Country: de, product: watch --> new items: 1
Country: nl, product: mini --> new items: 2
Country: at, product: macbookpro --> new items: 1
Country: us, product: imac --> new items: 4
Country: us, product: macbookair --> new items: 2
------------------------------------------------------------
Date: 2026/07/02 02:08:16
Country: ca, product: imac --> new items: 1
Country: ca, product: macstudio --> new items: 1
Country: xf, product: macbookpro --> new items: 1
Country: de, product: mini --> new items: 1
Country: de, product: macbookpro --> new items: 1
Country: de, product: macbookair --> new items: 1
Country: at, product: mini --> new items: 1
Country: at, product: macbookpro --> new items: 1
Country: at, product: macbookair --> new items: 1
Country: us, product: iphone --> new items: 1
Country: us, product: imac --> new items: 1
Country: us, product: macstudio --> new items: 1
Country: us, product: macbookpro --> new items: 1
------------------------------------------------------------
Date: 2026/07/02 06:28:43
Country: ca, product: macbookpro --> new items: 1
Country: ca, product: macbookair --> new items: 1
Country: xf, product: macbookair --> new items: 1
Country: de, product: mini --> new items: 1
Country: at, product: mini --> new items: 1
Country: kr, product: macbookpro --> new items: 1
Country: kr, product: macbookair --> new items: 1
Country: us, product: macbookair --> new items: 1
------------------------------------------------------------
Date: 2026/07/02 09:50:36
Country: cn, product: macbookair --> new items: 1
Country: de, product: macbookpro --> new items: 1
Country: de, product: macbookair --> new items: 1
Country: fr, product: macbookpro --> new items: 1
Country: nl, product: macbookair --> new items: 1
Country: at, product: macbookpro --> new items: 1
Country: at, product: macbookair --> new items: 1
Country: kr, product: macbookpro --> new items: 1
------------------------------------------------------------
Date: 2026/07/02 12:00:46
Country: cn, product: ipad --> new items: 1
Country: cn, product: macbookair --> new items: 1
Country: de, product: mini --> new items: 1
Country: de, product: macbookair --> new items: 1
Country: fr, product: macbookair --> new items: 1
Country: at, product: mini --> new items: 1
Country: at, product: macbookair --> new items: 1
Country: kr, product: macbookpro --> new items: 1
------------------------------------------------------------
Date: 2026/07/02 15:04:01
Country: bx, product: macbookpro --> new items: 1
Country: bx, product: watch --> new items: 1
Country: be, product: macbookpro --> new items: 1
Country: be, product: watch --> new items: 1
Country: de, product: macbookpro --> new items: 1
Country: de, product: macbookair --> new items: 4
Country: de, product: watch --> new items: 1
Country: es, product: macbookpro --> new items: 2
Country: fr, product: macbookpro --> new items: 3
Country: fr, product: macbookair --> new items: 1
Country: it, product: mini --> new items: 1
Country: it, product: macbookpro --> new items: 3
Country: nl, product: watch --> new items: 1
Country: at, product: macbookpro --> new items: 1
Country: at, product: macbookair --> new items: 4
Country: at, product: watch --> new items: 1
Country: cx, product: watch --> new items: 1
Country: ch, product: watch --> new items: 1
------------------------------------------------------------
Date: 2026/07/02 17:24:58
Country: bx, product: ipad --> new items: 1
Country: bx, product: imac --> new items: 3
Country: be, product: ipad --> new items: 1
Country: be, product: imac --> new items: 3
Country: ca, product: macbookair --> new items: 1
Country: de, product: ipad --> new items: 1
Country: de, product: imac --> new items: 7
Country: es, product: ipad --> new items: 1
Country: fr, product: imac --> new items: 7
Country: ie, product: macbookair --> new items: 1
Country: it, product: ipad --> new items: 1
Country: nl, product: ipad --> new items: 1
Country: nl, product: imac --> new items: 1
Country: at, product: ipad --> new items: 1
Country: at, product: imac --> new items: 7
Country: cx, product: ipad --> new items: 1
Country: cx, product: imac --> new items: 1
Country: ch, product: ipad --> new items: 1
Country: ch, product: imac --> new items: 1
Country: us, product: iphone --> new items: 2
Country: us, product: macbookair --> new items: 1
------------------------------------------------------------
