Date: 2025/01/01 00:49:12
No new entries.
------------------------------------------------------------
Date: 2025/01/01 02:18:32
No new entries.
------------------------------------------------------------
Date: 2025/01/01 03:21:27
No new entries.
------------------------------------------------------------
Date: 2025/01/01 04:12:03
No new entries.
------------------------------------------------------------
Date: 2025/01/01 05:09:33
No new entries.
------------------------------------------------------------
Date: 2025/01/01 06:13:50
No new entries.
------------------------------------------------------------
Date: 2025/01/01 07:09:28
No new entries.
------------------------------------------------------------
Date: 2025/01/01 08:12:13
No new entries.
------------------------------------------------------------
Date: 2025/01/01 09:10:05
No new entries.
------------------------------------------------------------
Date: 2025/01/01 10:10:11
No new entries.
------------------------------------------------------------
Date: 2025/01/01 11:07:28
No new entries.
------------------------------------------------------------
Date: 2025/01/01 12:16:35
No new entries.
------------------------------------------------------------
Date: 2025/01/01 13:15:01
No new entries.
------------------------------------------------------------
Date: 2025/01/01 14:08:27
No new entries.
------------------------------------------------------------
Date: 2025/01/01 15:08:56
No new entries.
------------------------------------------------------------
Date: 2025/01/01 16:10:31
No new entries.
------------------------------------------------------------
Date: 2025/01/01 17:08:00
No new entries.
------------------------------------------------------------
Date: 2025/01/01 18:11:52
No new entries.
------------------------------------------------------------
Date: 2025/01/01 19:06:51
No new entries.
------------------------------------------------------------
Date: 2025/01/01 20:09:37
No new entries.
------------------------------------------------------------
Date: 2025/01/01 21:09:02
No new entries.
------------------------------------------------------------
Date: 2025/01/01 22:08:08
No new entries.
------------------------------------------------------------
Date: 2025/01/01 23:08:40
No new entries.
------------------------------------------------------------
Date: 2025/01/02 00:43:07
No new entries.
------------------------------------------------------------
Date: 2025/01/02 02:10:01
No new entries.
------------------------------------------------------------
Date: 2025/01/02 03:13:18
No new entries.
------------------------------------------------------------
Date: 2025/01/02 04:11:28
No new entries.
------------------------------------------------------------
Date: 2025/01/02 05:09:36
No new entries.
------------------------------------------------------------
Date: 2025/01/02 06:13:10
No new entries.
------------------------------------------------------------
Date: 2025/01/02 07:09:02
No new entries.
------------------------------------------------------------
Date: 2025/01/02 08:12:17
No new entries.
------------------------------------------------------------
Date: 2025/01/02 09:09:44
No new entries.
------------------------------------------------------------
Date: 2025/01/02 10:09:43
No new entries.
------------------------------------------------------------
Date: 2025/01/02 11:07:39
No new entries.
------------------------------------------------------------
Date: 2025/01/02 12:16:44
No new entries.
------------------------------------------------------------
Date: 2025/01/02 13:15:53
No new entries.
------------------------------------------------------------
Date: 2025/01/02 14:08:17
No new entries.
------------------------------------------------------------
Date: 2025/01/02 15:08:50
No new entries.
------------------------------------------------------------
Date: 2025/01/02 16:11:05
No new entries.
------------------------------------------------------------
Date: 2025/01/02 17:08:16
No new entries.
------------------------------------------------------------
Date: 2025/01/02 18:12:39
No new entries.
------------------------------------------------------------
Date: 2025/01/02 19:06:53
No new entries.
------------------------------------------------------------
Date: 2025/01/02 20:09:52
No new entries.
------------------------------------------------------------
Date: 2025/01/02 21:08:04
No new entries.
------------------------------------------------------------
Date: 2025/01/02 22:08:23
No new entries.
------------------------------------------------------------
Date: 2025/01/02 23:08:58
No new entries.
------------------------------------------------------------
Date: 2025/01/03 00:43:42
No new entries.
------------------------------------------------------------
Date: 2025/01/03 02:11:40
No new entries.
------------------------------------------------------------
Date: 2025/01/03 03:14:21
No new entries.
------------------------------------------------------------
Date: 2025/01/03 04:11:35
No new entries.
------------------------------------------------------------
Date: 2025/01/03 05:09:21
No new entries.
------------------------------------------------------------
Date: 2025/01/03 06:13:24
No new entries.
------------------------------------------------------------
Date: 2025/01/03 07:08:56
No new entries.
------------------------------------------------------------
Date: 2025/01/03 08:12:22
No new entries.
------------------------------------------------------------
Date: 2025/01/03 09:10:15
No new entries.
------------------------------------------------------------
Date: 2025/01/03 10:09:48
No new entries.
------------------------------------------------------------
Date: 2025/01/03 11:07:36
No new entries.
------------------------------------------------------------
Date: 2025/01/03 12:16:45
No new entries.
------------------------------------------------------------
Date: 2025/01/03 13:16:06
No new entries.
------------------------------------------------------------
Date: 2025/01/03 14:08:43
No new entries.
------------------------------------------------------------
Date: 2025/01/03 15:09:12
No new entries.
------------------------------------------------------------
Date: 2025/01/03 16:10:59
No new entries.
------------------------------------------------------------
Date: 2025/01/03 17:08:14
No new entries.
------------------------------------------------------------
Date: 2025/01/03 18:12:26
No new entries.
------------------------------------------------------------
Date: 2025/01/03 19:07:08
No new entries.
------------------------------------------------------------
Date: 2025/01/03 20:09:51
No new entries.
------------------------------------------------------------
Date: 2025/01/03 21:07:43
No new entries.
------------------------------------------------------------
Date: 2025/01/03 22:08:23
No new entries.
------------------------------------------------------------
Date: 2025/01/03 23:09:15
No new entries.
------------------------------------------------------------
Date: 2025/01/04 00:42:35
No new entries.
------------------------------------------------------------
Date: 2025/01/04 02:08:22
No new entries.
------------------------------------------------------------
Date: 2025/01/04 03:12:40
No new entries.
------------------------------------------------------------
Date: 2025/01/04 04:10:38
No new entries.
------------------------------------------------------------
Date: 2025/01/04 05:08:28
No new entries.
------------------------------------------------------------
Date: 2025/01/04 06:11:52
No new entries.
------------------------------------------------------------
Date: 2025/01/04 07:08:02
No new entries.
------------------------------------------------------------
Date: 2025/01/04 08:10:55
No new entries.
------------------------------------------------------------
Date: 2025/01/04 09:08:34
No new entries.
------------------------------------------------------------
Date: 2025/01/04 10:08:53
No new entries.
------------------------------------------------------------
Date: 2025/01/04 11:06:59
No new entries.
------------------------------------------------------------
Date: 2025/01/04 12:15:22
No new entries.
------------------------------------------------------------
Date: 2025/01/04 13:13:51
No new entries.
------------------------------------------------------------
Date: 2025/01/04 14:07:31
No new entries.
------------------------------------------------------------
Date: 2025/01/04 15:07:52
No new entries.
------------------------------------------------------------
Date: 2025/01/04 16:09:32
No new entries.
------------------------------------------------------------
Date: 2025/01/04 17:07:08
No new entries.
------------------------------------------------------------
Date: 2025/01/04 18:11:47
No new entries.
------------------------------------------------------------
Date: 2025/01/04 19:06:22
No new entries.
------------------------------------------------------------
Date: 2025/01/04 20:09:25
No new entries.
------------------------------------------------------------
Date: 2025/01/04 21:07:39
No new entries.
------------------------------------------------------------
Date: 2025/01/04 22:07:28
No new entries.
------------------------------------------------------------
Date: 2025/01/04 23:07:59
No new entries.
------------------------------------------------------------
Date: 2025/01/05 00:48:23
No new entries.
------------------------------------------------------------
Date: 2025/01/05 02:17:17
No new entries.
------------------------------------------------------------
Date: 2025/01/05 03:18:07
No new entries.
------------------------------------------------------------
Date: 2025/01/05 04:11:03
No new entries.
------------------------------------------------------------
Date: 2025/01/05 05:08:42
No new entries.
------------------------------------------------------------
Date: 2025/01/05 06:15:21
No new entries.
------------------------------------------------------------
Date: 2025/01/05 07:08:05
No new entries.
------------------------------------------------------------
Date: 2025/01/05 08:11:00
No new entries.
------------------------------------------------------------
Date: 2025/01/05 09:08:40
No new entries.
------------------------------------------------------------
Date: 2025/01/05 10:09:06
No new entries.
------------------------------------------------------------
Date: 2025/01/05 11:06:40
No new entries.
------------------------------------------------------------
Date: 2025/01/05 12:15:15
Country: au, product: macstudio --> new items: 1
Country: au, product: macbookair --> new items: 27
Country: bx, product: macbookpro --> new items: 2
Country: bx, product: macbookair --> new items: 7
Country: be, product: macbookpro --> new items: 2
Country: be, product: macbookair --> new items: 7
Country: ca, product: mini --> new items: 34
Country: ca, product: macbookair --> new items: 30
Country: ca, product: acc --> new items: 1
Country: xf, product: mini --> new items: 34
Country: xf, product: macbookair --> new items: 30
Country: cn, product: ipad --> new items: 1
Country: cn, product: macbookair --> new items: 2
Country: cn, product: watch --> new items: 6
Country: de, product: mini --> new items: 2
Country: de, product: macbookpro --> new items: 5
Country: de, product: macbookair --> new items: 9
Country: es, product: macbookair --> new items: 9
Country: fr, product: mini --> new items: 2
Country: fr, product: macbookpro --> new items: 1
Country: fr, product: macbookair --> new items: 12
Country: hk, product: mini --> new items: 1
Country: hk, product: macbookair --> new items: 7
Country: ie, product: mini --> new items: 7
Country: ie, product: macbookpro --> new items: 2
Country: ie, product: macbookair --> new items: 16
Country: it, product: macbookpro --> new items: 1
Country: it, product: macbookair --> new items: 12
Country: jp, product: macbookair --> new items: 12
Country: nl, product: macbookpro --> new items: 6
Country: nl, product: macbookair --> new items: 9
Country: nz, product: macstudio --> new items: 1
Country: nz, product: macbookair --> new items: 27
Country: at, product: mini --> new items: 2
Country: at, product: macbookpro --> new items: 5
Country: at, product: macbookair --> new items: 9
Country: pl, product: macbookpro --> new items: 6
Country: pl, product: macbookair --> new items: 1
Country: sg, product: imac --> new items: 4
Country: sg, product: macbookpro --> new items: 2
Country: sg, product: macbookair --> new items: 7
Country: kr, product: mini --> new items: 2
Country: kr, product: macbookpro --> new items: 1
Country: cx, product: macbookpro --> new items: 4
Country: cx, product: macbookair --> new items: 6
Country: ch, product: macbookpro --> new items: 4
Country: ch, product: macbookair --> new items: 6
Country: tw, product: mini --> new items: 10
Country: tw, product: macbookpro --> new items: 4
Country: tw, product: macbookair --> new items: 5
Country: uk, product: mini --> new items: 7
Country: uk, product: macbookpro --> new items: 2
Country: uk, product: macbookair --> new items: 16
Country: us, product: mini --> new items: 34
Country: us, product: macbookair --> new items: 30
Country: us, product: acc --> new items: 1
------------------------------------------------------------
Date: 2025/01/05 13:13:14
Country: us, product: ipad --> new items: 1
------------------------------------------------------------
Date: 2025/01/05 14:07:10
No new entries.
------------------------------------------------------------
Date: 2025/01/05 15:07:42
No new entries.
------------------------------------------------------------
Date: 2025/01/05 16:09:40
Country: uk, product: imac --> new items: 1
------------------------------------------------------------
Date: 2025/01/05 17:06:57
Country: cn, product: ipad --> new items: 1
Country: ie, product: macbookair --> new items: 1
Country: jp, product: ipad --> new items: 1
Country: jp, product: macbookpro --> new items: 1
Country: uk, product: iphone --> new items: 1
Country: uk, product: macbookair --> new items: 1
------------------------------------------------------------
Date: 2025/01/05 18:11:07
No new entries.
------------------------------------------------------------
Date: 2025/01/05 19:06:44
No new entries.
------------------------------------------------------------
