Date: 2026/05/01 01:56:53
Country: ca, product: homepod --> new items: 1
Country: ca, product: macbookpro --> new items: 10
Country: xf, product: homepod --> new items: 1
Country: xf, product: mini --> new items: 1
Country: xf, product: macbookpro --> new items: 9
Country: xf, product: macbookair --> new items: 1
Country: us, product: homepod --> new items: 1
Country: us, product: macbookpro --> new items: 9
------------------------------------------------------------
Date: 2026/05/01 05:36:40
Country: au, product: macbookair --> new items: 16
Country: ca, product: macbookpro --> new items: 18
Country: ca, product: acc --> new items: 1
Country: xf, product: macbookpro --> new items: 18
Country: xf, product: acc --> new items: 1
Country: cn, product: ipad --> new items: 1
Country: de, product: macbookpro --> new items: 1
Country: fr, product: macstudio --> new items: 1
Country: jp, product: iphone --> new items: 5
Country: jp, product: watch --> new items: 3
Country: jp, product: acc --> new items: 1
Country: at, product: macbookpro --> new items: 1
Country: us, product: ipad --> new items: 3
Country: us, product: macbookpro --> new items: 19
Country: us, product: acc --> new items: 1
------------------------------------------------------------
Date: 2026/05/01 08:00:07
Country: cn, product: macbookpro --> new items: 1
Country: es, product: macbookair --> new items: 1
Country: jp, product: iphone --> new items: 18
Country: jp, product: imac --> new items: 1
Country: jp, product: macbookpro --> new items: 1
Country: jp, product: watch --> new items: 2
Country: nl, product: macbookair --> new items: 1
Country: nz, product: macbookair --> new items: 16
------------------------------------------------------------
Date: 2026/05/01 09:48:12
Country: bx, product: ipad --> new items: 7
Country: bx, product: macbookpro --> new items: 1
Country: be, product: ipad --> new items: 7
Country: be, product: macbookpro --> new items: 1
Country: ca, product: macbookpro --> new items: 1
Country: ca, product: macbookair --> new items: 1
Country: xf, product: macbookair --> new items: 1
Country: de, product: ipad --> new items: 7
Country: de, product: imac --> new items: 1
Country: es, product: ipad --> new items: 7
Country: fr, product: ipad --> new items: 1
Country: it, product: ipad --> new items: 7
Country: nl, product: ipad --> new items: 7
Country: at, product: ipad --> new items: 7
Country: at, product: imac --> new items: 1
Country: pl, product: ipad --> new items: 3
Country: cx, product: ipad --> new items: 7
Country: ch, product: ipad --> new items: 7
Country: us, product: macbookair --> new items: 1
------------------------------------------------------------
Date: 2026/05/01 11:00:46
Country: be, product: ipad --> new items: 1
Country: cn, product: macbookpro --> new items: 1
Country: ie, product: ipad --> new items: 1
Country: nl, product: ipad --> new items: 1
Country: at, product: ipad --> new items: 1
------------------------------------------------------------
Date: 2026/05/01 12:53:39
Country: ca, product: mini --> new items: 1
Country: ca, product: macbookpro --> new items: 1
Country: xf, product: mini --> new items: 1
Country: xf, product: macbookpro --> new items: 1
Country: cn, product: macbookpro --> new items: 1
Country: pl, product: ipad --> new items: 1
Country: us, product: mini --> new items: 1
Country: us, product: macbookpro --> new items: 1
------------------------------------------------------------
Date: 2026/05/01 14:12:54
Country: de, product: mini --> new items: 1
Country: at, product: mini --> new items: 1
Country: sg, product: macbookpro --> new items: 1
Country: us, product: iphone --> new items: 1
------------------------------------------------------------
Date: 2026/05/01 15:44:22
Country: bx, product: ipad --> new items: 1
Country: bx, product: iphone --> new items: 4
Country: be, product: ipad --> new items: 1
Country: be, product: iphone --> new items: 4
Country: cn, product: macbookair --> new items: 1
Country: de, product: ipad --> new items: 1
Country: de, product: iphone --> new items: 4
Country: de, product: mini --> new items: 1
Country: de, product: macbookpro --> new items: 1
Country: ie, product: ipad --> new items: 1
Country: nl, product: ipad --> new items: 1
Country: nl, product: iphone --> new items: 4
Country: at, product: ipad --> new items: 1
Country: at, product: iphone --> new items: 4
Country: at, product: mini --> new items: 1
Country: at, product: macbookpro --> new items: 1
Country: us, product: ipad --> new items: 3
------------------------------------------------------------
Date: 2026/05/01 16:42:50
Country: bx, product: watch --> new items: 1
Country: be, product: watch --> new items: 1
Country: xf, product: macbookpro --> new items: 3
Country: cn, product: macbookpro --> new items: 1
Country: de, product: macbookpro --> new items: 1
Country: de, product: macbookair --> new items: 2
Country: de, product: watch --> new items: 1
Country: es, product: macbookair --> new items: 1
Country: nl, product: watch --> new items: 1
Country: at, product: macbookpro --> new items: 1
Country: at, product: macbookair --> new items: 2
Country: at, product: watch --> new items: 1
Country: cx, product: watch --> new items: 1
Country: ch, product: watch --> new items: 1
Country: us, product: ipad --> new items: 3
Country: us, product: iphone --> new items: 2
Country: us, product: macbookpro --> new items: 3
------------------------------------------------------------
Date: 2026/05/01 17:48:55
Country: ca, product: macbookpro --> new items: 3
Country: at, product: mini --> new items: 1
Country: us, product: ipad --> new items: 1
------------------------------------------------------------
Date: 2026/05/01 18:55:26
Country: bx, product: mini --> new items: 1
Country: bx, product: watch --> new items: 1
Country: be, product: mini --> new items: 1
Country: be, product: watch --> new items: 1
Country: ca, product: mini --> new items: 1
Country: xf, product: mini --> new items: 1
Country: de, product: mini --> new items: 1
Country: de, product: macbookpro --> new items: 1
Country: es, product: macstudio --> new items: 1
Country: es, product: mini --> new items: 3
Country: nl, product: mini --> new items: 1
Country: at, product: macstudio --> new items: 1
Country: at, product: mini --> new items: 1
Country: at, product: macbookpro --> new items: 1
Country: at, product: watch --> new items: 1
Country: cx, product: macbookpro --> new items: 2
Country: ch, product: macbookpro --> new items: 2
Country: us, product: ipad --> new items: 4
Country: us, product: mini --> new items: 1
------------------------------------------------------------
Date: 2026/05/01 19:59:40
Country: bx, product: macbookpro --> new items: 3
Country: bx, product: macbookair --> new items: 1
Country: bx, product: watch --> new items: 1
Country: be, product: macbookpro --> new items: 3
Country: be, product: macbookair --> new items: 1
Country: ca, product: mini --> new items: 1
Country: ca, product: macbookpro --> new items: 1
Country: xf, product: iphone --> new items: 1
Country: xf, product: mini --> new items: 1
Country: xf, product: macbookpro --> new items: 1
Country: de, product: macbookpro --> new items: 1
Country: de, product: watch --> new items: 2
Country: es, product: macbookpro --> new items: 2
Country: fr, product: macstudio --> new items: 2
Country: nl, product: watch --> new items: 2
Country: at, product: macbookpro --> new items: 1
Country: at, product: watch --> new items: 1
Country: pl, product: macbookpro --> new items: 1
Country: cx, product: watch --> new items: 2
Country: ch, product: watch --> new items: 2
Country: us, product: ipad --> new items: 7
Country: us, product: mini --> new items: 1
Country: us, product: macbookpro --> new items: 1
------------------------------------------------------------
Date: 2026/05/01 20:54:00
Country: be, product: watch --> new items: 1
Country: ca, product: iphone --> new items: 1
Country: ca, product: imac --> new items: 2
Country: ca, product: macbookpro --> new items: 2
Country: ca, product: macbookair --> new items: 2
Country: xf, product: imac --> new items: 2
Country: xf, product: macbookpro --> new items: 2
Country: xf, product: macbookair --> new items: 2
Country: fr, product: macbookair --> new items: 1
Country: ie, product: macbookair --> new items: 1
Country: jp, product: ipad --> new items: 1
Country: jp, product: macbookair --> new items: 1
Country: pl, product: ipad --> new items: 1
Country: kr, product: ipad --> new items: 1
Country: uk, product: macbookair --> new items: 1
Country: us, product: ipad --> new items: 6
Country: us, product: iphone --> new items: 11
Country: us, product: imac --> new items: 2
Country: us, product: macbookpro --> new items: 2
Country: us, product: macbookair --> new items: 2
------------------------------------------------------------
Date: 2026/05/01 21:42:03
Country: de, product: macbookair --> new items: 1
Country: jp, product: macbookpro --> new items: 1
Country: at, product: macbookair --> new items: 1
------------------------------------------------------------
Date: 2026/05/01 22:39:29
Country: ca, product: ipad --> new items: 2
Country: xf, product: ipad --> new items: 2
Country: at, product: macbookpro --> new items: 1
Country: us, product: ipad --> new items: 9
------------------------------------------------------------
Date: 2026/05/01 23:41:17
Country: ca, product: ipad --> new items: 4
Country: ca, product: macbookpro --> new items: 1
Country: ca, product: macbookair --> new items: 1
Country: xf, product: ipad --> new items: 4
Country: xf, product: macbookair --> new items: 1
Country: de, product: macbookpro --> new items: 1
Country: fr, product: macbookair --> new items: 2
Country: us, product: ipad --> new items: 1
Country: us, product: iphone --> new items: 1
Country: us, product: macbookpro --> new items: 1
Country: us, product: macbookair --> new items: 1
------------------------------------------------------------
Date: 2026/05/02 01:45:55
Country: ca, product: iphone --> new items: 1
Country: pl, product: ipad --> new items: 1
Country: us, product: iphone --> new items: 1
------------------------------------------------------------
Date: 2026/05/02 04:51:02
Country: jp, product: macbookpro --> new items: 23
Country: jp, product: macbookair --> new items: 8
------------------------------------------------------------
Date: 2026/05/02 06:55:53
Country: ca, product: mini --> new items: 2
Country: xf, product: mini --> new items: 1
Country: jp, product: iphone --> new items: 1
Country: jp, product: macbookair --> new items: 1
Country: us, product: ipad --> new items: 1
Country: us, product: mini --> new items: 2
Country: us, product: macbookair --> new items: 1
------------------------------------------------------------
Date: 2026/05/02 08:17:13
Country: ca, product: macbookair --> new items: 1
Country: xf, product: macbookair --> new items: 1
Country: de, product: macbookpro --> new items: 1
Country: fr, product: macbookair --> new items: 1
Country: jp, product: iphone --> new items: 6
Country: jp, product: macbookpro --> new items: 1
Country: at, product: macbookpro --> new items: 1
Country: pl, product: macbookpro --> new items: 1
Country: uk, product: watch --> new items: 27
------------------------------------------------------------
Date: 2026/05/02 09:52:32
Country: cn, product: imac --> new items: 1
Country: de, product: macbookair --> new items: 1
Country: es, product: macbookpro --> new items: 1
Country: fr, product: macbookair --> new items: 1
Country: jp, product: ipad --> new items: 1
Country: jp, product: iphone --> new items: 2
Country: jp, product: imac --> new items: 1
Country: at, product: macbookair --> new items: 1
Country: pl, product: macbookair --> new items: 1
------------------------------------------------------------
Date: 2026/05/02 10:40:45
Country: bx, product: watch --> new items: 1
Country: be, product: watch --> new items: 1
Country: de, product: watch --> new items: 1
Country: nl, product: watch --> new items: 1
Country: at, product: watch --> new items: 1
Country: cx, product: watch --> new items: 1
Country: ch, product: watch --> new items: 1
------------------------------------------------------------
Date: 2026/05/02 11:35:58
Country: bx, product: ipad --> new items: 1
Country: be, product: ipad --> new items: 1
Country: de, product: ipad --> new items: 1
Country: de, product: mini --> new items: 2
Country: de, product: macbookpro --> new items: 1
Country: ie, product: ipad --> new items: 1
Country: jp, product: iphone --> new items: 1
Country: nl, product: ipad --> new items: 1
Country: at, product: ipad --> new items: 1
Country: at, product: mini --> new items: 2
Country: at, product: macbookpro --> new items: 1
------------------------------------------------------------
Date: 2026/05/02 12:43:31
Country: ca, product: macbookpro --> new items: 1
Country: xf, product: macbookpro --> new items: 1
Country: de, product: imac --> new items: 1
Country: de, product: macbookpro --> new items: 1
Country: de, product: macbookair --> new items: 1
Country: nl, product: macbookair --> new items: 1
Country: at, product: imac --> new items: 1
Country: at, product: macbookpro --> new items: 1
Country: at, product: macbookair --> new items: 2
Country: us, product: macbookpro --> new items: 1
------------------------------------------------------------
Date: 2026/05/02 14:04:17
Country: au, product: macbookair --> new items: 1
Country: xf, product: macbookpro --> new items: 1
Country: de, product: macbookair --> new items: 1
Country: jp, product: iphone --> new items: 4
Country: nl, product: macbookpro --> new items: 1
Country: nz, product: macbookair --> new items: 1
Country: at, product: mini --> new items: 1
Country: at, product: macbookair --> new items: 1
------------------------------------------------------------
Date: 2026/05/02 15:36:35
Country: bx, product: ipad --> new items: 1
Country: ca, product: macbookpro --> new items: 1
Country: de, product: ipad --> new items: 1
Country: de, product: macbookpro --> new items: 1
Country: es, product: ipad --> new items: 1
Country: es, product: macbookair --> new items: 1
Country: fr, product: macbookair --> new items: 1
Country: it, product: ipad --> new items: 1
Country: jp, product: macbookpro --> new items: 1
Country: nl, product: ipad --> new items: 1
Country: at, product: ipad --> new items: 1
Country: at, product: macbookpro --> new items: 1
Country: cx, product: ipad --> new items: 1
Country: us, product: macbookpro --> new items: 1
------------------------------------------------------------
Date: 2026/05/02 16:35:22
Country: bx, product: iphone --> new items: 1
Country: be, product: ipad --> new items: 1
Country: de, product: macbookpro --> new items: 1
Country: nl, product: macbookair --> new items: 1
Country: at, product: iphone --> new items: 1
Country: at, product: macbookpro --> new items: 1
Country: ch, product: ipad --> new items: 1
------------------------------------------------------------
Date: 2026/05/02 17:35:36
Country: bx, product: macbookpro --> new items: 1
Country: be, product: iphone --> new items: 1
Country: xf, product: macbookair --> new items: 1
Country: de, product: iphone --> new items: 1
Country: de, product: macbookpro --> new items: 1
Country: nl, product: iphone --> new items: 1
Country: pl, product: macbookpro --> new items: 1
------------------------------------------------------------
Date: 2026/05/02 18:41:29
Country: be, product: macbookpro --> new items: 1
Country: de, product: mini --> new items: 1
Country: at, product: mini --> new items: 1
Country: at, product: macbookpro --> new items: 1
Country: us, product: mini --> new items: 1
------------------------------------------------------------
Date: 2026/05/02 19:45:45
Country: ca, product: mini --> new items: 1
------------------------------------------------------------
Date: 2026/05/02 20:30:20
Country: au, product: macbookpro --> new items: 1
Country: nz, product: macbookpro --> new items: 1
Country: at, product: mini --> new items: 1
------------------------------------------------------------
Date: 2026/05/02 21:29:56
Country: de, product: mini --> new items: 1
Country: de, product: macbookpro --> new items: 1
Country: at, product: macbookpro --> new items: 1
Country: at, product: macbookair --> new items: 1
------------------------------------------------------------
Date: 2026/05/02 22:29:11
Country: de, product: macbookair --> new items: 3
Country: at, product: macbookpro --> new items: 1
Country: at, product: macbookair --> new items: 2
------------------------------------------------------------
Date: 2026/05/02 23:32:51
Country: de, product: macbookpro --> new items: 1
Country: jp, product: iphone --> new items: 1
------------------------------------------------------------
Date: 2026/05/03 01:49:10
Country: ca, product: macbookair --> new items: 1
Country: xf, product: iphone --> new items: 2
Country: xf, product: macbookair --> new items: 1
Country: es, product: macbookair --> new items: 1
Country: hk, product: mini --> new items: 1
Country: ie, product: watch --> new items: 1
Country: uk, product: iphone --> new items: 1
Country: uk, product: watch --> new items: 1
Country: us, product: macbookpro --> new items: 1
------------------------------------------------------------
Date: 2026/05/03 05:21:02
Country: hk, product: mini --> new items: 3
Country: hk, product: macbookpro --> new items: 3
Country: hk, product: macbookair --> new items: 22
Country: us, product: iphone --> new items: 1
------------------------------------------------------------
Date: 2026/05/03 07:46:00
No new entries.
------------------------------------------------------------
Date: 2026/05/03 09:12:08
Country: de, product: macbookair --> new items: 2
Country: at, product: macbookair --> new items: 2
------------------------------------------------------------
Date: 2026/05/03 10:43:38
Country: cn, product: macbookpro --> new items: 1
Country: de, product: macbookair --> new items: 1
Country: es, product: macbookair --> new items: 1
Country: hk, product: macbookair --> new items: 1
Country: jp, product: iphone --> new items: 1
Country: at, product: macbookair --> new items: 1
------------------------------------------------------------
Date: 2026/05/03 11:34:24
Country: de, product: watch --> new items: 34
------------------------------------------------------------
Date: 2026/05/03 12:43:16
Country: de, product: macbookair --> new items: 1
Country: nl, product: macbookpro --> new items: 1
Country: at, product: macbookair --> new items: 1
------------------------------------------------------------
Date: 2026/05/03 14:04:55
Country: de, product: macstudio --> new items: 1
Country: de, product: macbookpro --> new items: 2
Country: at, product: macstudio --> new items: 1
Country: at, product: macbookpro --> new items: 2
------------------------------------------------------------
Date: 2026/05/03 15:36:36
Country: bx, product: iphone --> new items: 1
Country: be, product: iphone --> new items: 1
Country: cn, product: macbookpro --> new items: 1
Country: de, product: iphone --> new items: 1
Country: de, product: macbookpro --> new items: 1
Country: jp, product: macbookpro --> new items: 1
Country: nl, product: iphone --> new items: 1
Country: at, product: iphone --> new items: 1
Country: at, product: macbookpro --> new items: 1
------------------------------------------------------------
Date: 2026/05/03 16:35:47
Country: de, product: macbookair --> new items: 1
Country: nl, product: macbookair --> new items: 1
Country: at, product: macbookair --> new items: 1
Country: pl, product: macbookair --> new items: 1
------------------------------------------------------------
Date: 2026/05/03 17:37:38
Country: de, product: macbookpro --> new items: 1
Country: at, product: macbookpro --> new items: 1
------------------------------------------------------------
Date: 2026/05/03 18:41:47
Country: de, product: macbookpro --> new items: 1
Country: at, product: macbookpro --> new items: 1
------------------------------------------------------------
Date: 2026/05/03 19:44:45
Country: bx, product: iphone --> new items: 1
Country: be, product: iphone --> new items: 1
Country: de, product: iphone --> new items: 1
Country: de, product: macbookpro --> new items: 1
Country: es, product: mini --> new items: 1
Country: es, product: macbookair --> new items: 1
Country: nl, product: iphone --> new items: 1
Country: at, product: iphone --> new items: 1
Country: at, product: macbookpro --> new items: 1
Country: us, product: iphone --> new items: 1
------------------------------------------------------------
Date: 2026/05/03 20:31:32
Country: ca, product: macbookpro --> new items: 1
Country: us, product: iphone --> new items: 1
Country: us, product: macbookpro --> new items: 1
------------------------------------------------------------
Date: 2026/05/03 21:31:47
No new entries.
------------------------------------------------------------
Date: 2026/05/03 22:29:35
Country: bx, product: watch --> new items: 1
Country: be, product: watch --> new items: 1
Country: at, product: watch --> new items: 1
Country: cx, product: watch --> new items: 1
------------------------------------------------------------
Date: 2026/05/03 23:33:42
Country: bx, product: iphone --> new items: 1
Country: bx, product: watch --> new items: 1
Country: be, product: iphone --> new items: 1
Country: be, product: watch --> new items: 1
Country: de, product: iphone --> new items: 1
Country: de, product: watch --> new items: 2
Country: nl, product: iphone --> new items: 1
Country: nl, product: watch --> new items: 2
Country: at, product: iphone --> new items: 1
Country: at, product: watch --> new items: 1
Country: cx, product: watch --> new items: 1
Country: ch, product: watch --> new items: 2
------------------------------------------------------------
Date: 2026/05/04 01:49:46
Country: jp, product: ipad --> new items: 1
------------------------------------------------------------
Date: 2026/05/04 05:24:06
Country: xf, product: macbookair --> new items: 1
Country: hk, product: imac --> new items: 7
Country: us, product: ipad --> new items: 1
Country: us, product: iphone --> new items: 1
------------------------------------------------------------
Date: 2026/05/04 08:14:49
Country: us, product: ipad --> new items: 1
Country: us, product: iphone --> new items: 1
------------------------------------------------------------
Date: 2026/05/04 10:54:14
Country: bx, product: iphone --> new items: 1
Country: bx, product: macbookpro --> new items: 1
Country: bx, product: macbookair --> new items: 1
Country: bx, product: watch --> new items: 1
Country: be, product: macbookpro --> new items: 1
Country: be, product: macbookair --> new items: 1
Country: be, product: watch --> new items: 1
Country: cn, product: watch --> new items: 1
Country: de, product: iphone --> new items: 1
Country: de, product: macstudio --> new items: 2
Country: de, product: macbookpro --> new items: 1
Country: de, product: watch --> new items: 1
Country: fr, product: iphone --> new items: 1
Country: jp, product: iphone --> new items: 1
Country: at, product: macstudio --> new items: 2
Country: at, product: macbookpro --> new items: 1
Country: at, product: watch --> new items: 1
Country: cx, product: watch --> new items: 1
Country: ch, product: watch --> new items: 1
Country: tw, product: macstudio --> new items: 3
Country: tw, product: macbookpro --> new items: 12
Country: tw, product: macbookair --> new items: 4
------------------------------------------------------------
Date: 2026/05/04 12:16:49
Country: bx, product: iphone --> new items: 1
Country: be, product: iphone --> new items: 2
Country: de, product: iphone --> new items: 1
Country: de, product: imac --> new items: 1
Country: nl, product: iphone --> new items: 2
Country: nl, product: macbookpro --> new items: 1
Country: nl, product: watch --> new items: 1
Country: at, product: iphone --> new items: 2
Country: at, product: imac --> new items: 1
------------------------------------------------------------
Date: 2026/05/04 15:01:43
Country: bx, product: ipad --> new items: 1
Country: bx, product: iphone --> new items: 2
Country: bx, product: macbookair --> new items: 1
Country: be, product: ipad --> new items: 1
Country: be, product: iphone --> new items: 2
Country: be, product: macbookair --> new items: 1
Country: ca, product: macbookpro --> new items: 1
Country: de, product: ipad --> new items: 1
Country: de, product: iphone --> new items: 2
Country: de, product: imac --> new items: 1
Country: de, product: macbookair --> new items: 1
Country: es, product: ipad --> new items: 1
Country: it, product: ipad --> new items: 1
Country: nl, product: ipad --> new items: 1
Country: nl, product: iphone --> new items: 2
Country: nl, product: macbookpro --> new items: 1
Country: at, product: ipad --> new items: 1
Country: at, product: iphone --> new items: 1
Country: at, product: imac --> new items: 1
Country: at, product: macbookair --> new items: 1
Country: pl, product: macbookpro --> new items: 1
Country: pl, product: macbookair --> new items: 1
Country: sg, product: imac --> new items: 6
Country: sg, product: macstudio --> new items: 1
Country: sg, product: mini --> new items: 5
Country: sg, product: macbookpro --> new items: 26
Country: sg, product: macbookair --> new items: 12
Country: cx, product: ipad --> new items: 1
Country: ch, product: ipad --> new items: 1
------------------------------------------------------------
Date: 2026/05/04 17:20:24
Country: cn, product: macbookpro --> new items: 1
Country: de, product: macbookpro --> new items: 1
Country: de, product: macbookair --> new items: 1
Country: nl, product: macbookair --> new items: 2
Country: at, product: iphone --> new items: 1
Country: at, product: macstudio --> new items: 1
Country: at, product: macbookpro --> new items: 1
Country: at, product: macbookair --> new items: 1
------------------------------------------------------------
Date: 2026/05/04 19:11:58
Country: bx, product: macbookpro --> new items: 2
Country: be, product: macbookpro --> new items: 2
Country: de, product: macbookpro --> new items: 1
Country: de, product: macbookair --> new items: 3
Country: fr, product: macbookpro --> new items: 1
Country: ie, product: macbookpro --> new items: 15
Country: ie, product: macbookair --> new items: 23
Country: it, product: macbookpro --> new items: 2
Country: nl, product: macbookpro --> new items: 2
Country: nl, product: macbookair --> new items: 1
Country: at, product: macbookpro --> new items: 1
Country: at, product: macbookair --> new items: 3
Country: cx, product: macbookpro --> new items: 1
Country: cx, product: macbookair --> new items: 1
Country: ch, product: macbookpro --> new items: 1
Country: ch, product: macbookair --> new items: 1
Country: uk, product: macbookpro --> new items: 15
Country: uk, product: macbookair --> new items: 23
------------------------------------------------------------
Date: 2026/05/04 20:56:52
Country: au, product: macbookair --> new items: 1
Country: bx, product: ipad --> new items: 1
Country: bx, product: macbookair --> new items: 1
Country: be, product: macbookair --> new items: 1
Country: de, product: macbookpro --> new items: 1
Country: es, product: ipad --> new items: 1
Country: es, product: macbookpro --> new items: 1
Country: nl, product: ipad --> new items: 1
Country: nz, product: macbookair --> new items: 1
Country: at, product: ipad --> new items: 1
Country: at, product: macbookpro --> new items: 1
Country: ch, product: ipad --> new items: 1
Country: us, product: ipad --> new items: 2
------------------------------------------------------------
Date: 2026/05/04 21:54:40
Country: be, product: ipad --> new items: 1
Country: ca, product: macbookpro --> new items: 1
Country: xf, product: macbookpro --> new items: 1
Country: de, product: ipad --> new items: 1
Country: it, product: ipad --> new items: 1
Country: cx, product: ipad --> new items: 1
Country: us, product: iphone --> new items: 1
Country: us, product: macbookpro --> new items: 1
------------------------------------------------------------
Date: 2026/05/04 22:46:43
Country: au, product: macbookair --> new items: 1
Country: ca, product: macbookpro --> new items: 7
Country: xf, product: macbookpro --> new items: 7
Country: nz, product: macbookair --> new items: 1
Country: sg, product: homepod --> new items: 2
Country: sg, product: acc --> new items: 1
Country: us, product: macbookpro --> new items: 7
------------------------------------------------------------
Date: 2026/05/04 23:42:26
Country: ca, product: macbookpro --> new items: 7
Country: xf, product: macbookpro --> new items: 1
Country: de, product: macbookair --> new items: 1
Country: at, product: macbookair --> new items: 1
Country: us, product: macbookpro --> new items: 7
------------------------------------------------------------
Date: 2026/05/05 01:50:34
Country: ca, product: macbookpro --> new items: 7
Country: xf, product: macbookpro --> new items: 13
Country: de, product: macbookair --> new items: 1
Country: jp, product: iphone --> new items: 1
Country: at, product: macbookair --> new items: 1
Country: us, product: macbookpro --> new items: 7
------------------------------------------------------------
Date: 2026/05/05 04:52:52
Country: ca, product: macbookair --> new items: 1
Country: xf, product: macbookair --> new items: 1
Country: tw, product: imac --> new items: 9
Country: us, product: ipad --> new items: 2
Country: us, product: iphone --> new items: 1
Country: us, product: macbookair --> new items: 1
------------------------------------------------------------
Date: 2026/05/05 07:10:53
Country: au, product: macstudio --> new items: 3
Country: au, product: mini --> new items: 5
Country: au, product: macbookair --> new items: 2
Country: bx, product: macbookair --> new items: 1
Country: be, product: macbookair --> new items: 1
Country: de, product: macbookpro --> new items: 4
Country: de, product: macbookair --> new items: 4
Country: es, product: macbookpro --> new items: 3
Country: es, product: macbookair --> new items: 2
Country: fr, product: macbookpro --> new items: 9
Country: fr, product: macbookair --> new items: 11
Country: ie, product: macbookpro --> new items: 1
Country: it, product: macbookpro --> new items: 4
Country: it, product: macbookair --> new items: 1
Country: jp, product: macbookair --> new items: 1
Country: nz, product: macstudio --> new items: 3
Country: nz, product: mini --> new items: 5
Country: nz, product: macbookair --> new items: 2
Country: at, product: macbookpro --> new items: 4
Country: at, product: macbookair --> new items: 4
Country: pl, product: macbookair --> new items: 2
Country: cx, product: macbookair --> new items: 1
Country: ch, product: macbookair --> new items: 1
Country: uk, product: macbookpro --> new items: 1
------------------------------------------------------------
Date: 2026/05/05 09:51:24
Country: au, product: macbookpro --> new items: 10
Country: au, product: macbookair --> new items: 12
Country: bx, product: watch --> new items: 1
Country: be, product: watch --> new items: 1
Country: de, product: macbookpro --> new items: 2
Country: de, product: macbookair --> new items: 3
Country: de, product: watch --> new items: 1
Country: es, product: macbookpro --> new items: 4
Country: fr, product: macbookpro --> new items: 2
Country: fr, product: macbookair --> new items: 5
Country: hk, product: ipad --> new items: 1
Country: it, product: macbookpro --> new items: 1
Country: it, product: macbookair --> new items: 1
Country: nl, product: macbookpro --> new items: 1
Country: nl, product: macbookair --> new items: 1
Country: nl, product: watch --> new items: 1
Country: nz, product: macbookpro --> new items: 10
Country: nz, product: macbookair --> new items: 12
Country: at, product: macbookpro --> new items: 2
Country: at, product: macbookair --> new items: 2
Country: at, product: watch --> new items: 1
Country: sg, product: ipad --> new items: 1
Country: cx, product: watch --> new items: 1
Country: ch, product: watch --> new items: 1
Country: uk, product: iphone --> new items: 1
------------------------------------------------------------
Date: 2026/05/05 11:09:04
Country: bx, product: iphone --> new items: 1
Country: be, product: iphone --> new items: 1
Country: de, product: iphone --> new items: 1
Country: de, product: macbookair --> new items: 1
Country: nl, product: iphone --> new items: 1
Country: at, product: iphone --> new items: 1
Country: at, product: macbookair --> new items: 1
------------------------------------------------------------
Date: 2026/05/05 13:09:06
Country: bx, product: macbookair --> new items: 1
Country: be, product: macbookair --> new items: 1
Country: ie, product: watch --> new items: 1
Country: uk, product: watch --> new items: 1
------------------------------------------------------------
Date: 2026/05/05 15:27:48
Country: bx, product: macbookpro --> new items: 1
Country: bx, product: watch --> new items: 1
Country: be, product: macbookpro --> new items: 1
Country: be, product: watch --> new items: 1
Country: de, product: macbookair --> new items: 1
Country: de, product: watch --> new items: 1
Country: nl, product: watch --> new items: 1
Country: at, product: macbookair --> new items: 1
Country: at, product: watch --> new items: 1
Country: cx, product: watch --> new items: 1
Country: ch, product: watch --> new items: 1
------------------------------------------------------------
Date: 2026/05/05 17:12:06
Country: bx, product: macbookpro --> new items: 1
Country: bx, product: macbookair --> new items: 1
Country: be, product: macbookpro --> new items: 1
Country: be, product: macbookair --> new items: 1
Country: de, product: macbookair --> new items: 1
Country: nl, product: macbookpro --> new items: 1
Country: at, product: macbookair --> new items: 1
Country: pl, product: macbookair --> new items: 1
Country: us, product: iphone --> new items: 1
------------------------------------------------------------
Date: 2026/05/05 19:03:07
Country: bx, product: ipad --> new items: 1
Country: bx, product: iphone --> new items: 2
Country: bx, product: macstudio --> new items: 1
Country: be, product: ipad --> new items: 1
Country: be, product: iphone --> new items: 2
Country: be, product: macstudio --> new items: 1
Country: ca, product: macbookair --> new items: 5
Country: xf, product: macbookair --> new items: 5
Country: de, product: ipad --> new items: 1
Country: de, product: iphone --> new items: 2
Country: de, product: macbookair --> new items: 1
Country: es, product: ipad --> new items: 1
Country: es, product: macstudio --> new items: 1
Country: fr, product: macbookair --> new items: 1
Country: it, product: ipad --> new items: 1
Country: it, product: macstudio --> new items: 1
Country: nl, product: ipad --> new items: 1
Country: nl, product: iphone --> new items: 2
Country: nl, product: macstudio --> new items: 1
Country: nl, product: macbookpro --> new items: 1
Country: nl, product: macbookair --> new items: 1
Country: at, product: ipad --> new items: 1
Country: at, product: iphone --> new items: 2
Country: pl, product: mini --> new items: 1
Country: cx, product: ipad --> new items: 1
Country: cx, product: macstudio --> new items: 1
Country: ch, product: ipad --> new items: 1
Country: ch, product: macstudio --> new items: 1
Country: us, product: macbookair --> new items: 5
------------------------------------------------------------
Date: 2026/05/05 20:52:10
Country: bx, product: watch --> new items: 2
Country: be, product: watch --> new items: 2
Country: ca, product: macbookair --> new items: 12
Country: xf, product: macbookair --> new items: 15
Country: de, product: watch --> new items: 2
Country: nl, product: macbookpro --> new items: 1
Country: nl, product: macbookair --> new items: 2
Country: nl, product: watch --> new items: 2
Country: at, product: macbookair --> new items: 1
Country: at, product: watch --> new items: 2
Country: sg, product: macbookpro --> new items: 1
Country: cx, product: watch --> new items: 2
Country: ch, product: watch --> new items: 2
Country: us, product: ipad --> new items: 1
Country: us, product: iphone --> new items: 2
Country: us, product: macbookair --> new items: 14
------------------------------------------------------------
Date: 2026/05/05 21:52:10
Country: ca, product: macbookair --> new items: 8
Country: xf, product: macbookair --> new items: 3
Country: de, product: macbookair --> new items: 2
Country: at, product: macbookair --> new items: 2
Country: us, product: ipad --> new items: 5
Country: us, product: iphone --> new items: 1
Country: us, product: macbookair --> new items: 4
------------------------------------------------------------
Date: 2026/05/05 22:44:50
Country: de, product: watch --> new items: 38
Country: uk, product: mini --> new items: 1
Country: us, product: ipad --> new items: 1
Country: us, product: iphone --> new items: 5
Country: us, product: watch --> new items: 2
------------------------------------------------------------
Date: 2026/05/05 23:38:58
Country: au, product: macbookpro --> new items: 1
Country: ca, product: iphone --> new items: 1
Country: xf, product: iphone --> new items: 1
Country: de, product: macbookair --> new items: 1
Country: fr, product: macbookpro --> new items: 1
Country: ie, product: macstudio --> new items: 6
Country: ie, product: mini --> new items: 11
Country: at, product: macbookair --> new items: 1
Country: uk, product: macstudio --> new items: 7
Country: uk, product: mini --> new items: 10
Country: us, product: ipad --> new items: 5
Country: us, product: iphone --> new items: 3
Country: us, product: watch --> new items: 1
------------------------------------------------------------
Date: 2026/05/06 01:49:18
Country: ca, product: macbookpro --> new items: 1
Country: ie, product: macbookair --> new items: 1
Country: nz, product: macbookpro --> new items: 1
Country: us, product: macbookpro --> new items: 1
------------------------------------------------------------
Date: 2026/05/06 05:19:11
Country: ca, product: iphone --> new items: 1
Country: ca, product: macbookair --> new items: 1
Country: xf, product: iphone --> new items: 1
Country: xf, product: macbookair --> new items: 1
Country: jp, product: ipad --> new items: 1
Country: nz, product: watch --> new items: 37
------------------------------------------------------------
Date: 2026/05/06 08:05:21
Country: au, product: macbookpro --> new items: 10
Country: au, product: macbookair --> new items: 7
Country: ca, product: mini --> new items: 1
Country: es, product: macbookair --> new items: 1
Country: nz, product: macbookpro --> new items: 10
Country: nz, product: macbookair --> new items: 5
Country: pl, product: macbookair --> new items: 1
------------------------------------------------------------
Date: 2026/05/06 10:54:57
Country: bx, product: ipad --> new items: 2
Country: bx, product: iphone --> new items: 4
Country: be, product: ipad --> new items: 1
Country: be, product: iphone --> new items: 4
Country: de, product: ipad --> new items: 2
Country: de, product: iphone --> new items: 4
Country: de, product: macbookpro --> new items: 2
Country: de, product: macbookair --> new items: 1
Country: es, product: ipad --> new items: 1
Country: ie, product: ipad --> new items: 1
Country: ie, product: iphone --> new items: 4
Country: it, product: ipad --> new items: 1
Country: jp, product: imac --> new items: 1
Country: jp, product: macbookpro --> new items: 1
Country: nl, product: ipad --> new items: 2
Country: nl, product: iphone --> new items: 4
Country: at, product: ipad --> new items: 1
Country: at, product: iphone --> new items: 4
Country: at, product: macbookpro --> new items: 2
Country: at, product: macbookair --> new items: 1
Country: pl, product: ipad --> new items: 1
Country: kr, product: macstudio --> new items: 2
Country: kr, product: mini --> new items: 3
Country: kr, product: macbookpro --> new items: 3
Country: kr, product: macbookair --> new items: 8
Country: cx, product: ipad --> new items: 1
Country: ch, product: ipad --> new items: 1
Country: uk, product: ipad --> new items: 7
Country: uk, product: iphone --> new items: 5
------------------------------------------------------------
Date: 2026/05/06 12:22:27
Country: bx, product: ipad --> new items: 1
Country: be, product: ipad --> new items: 2
Country: ca, product: iphone --> new items: 6
Country: ca, product: macbookpro --> new items: 4
Country: ca, product: macbookair --> new items: 10
Country: xf, product: iphone --> new items: 6
Country: xf, product: macbookpro --> new items: 3
Country: xf, product: macbookair --> new items: 8
Country: cn, product: macbookair --> new items: 1
Country: de, product: ipad --> new items: 1
Country: de, product: imac --> new items: 9
Country: de, product: macbookair --> new items: 2
Country: es, product: ipad --> new items: 1
Country: fr, product: imac --> new items: 12
Country: it, product: ipad --> new items: 1
Country: nl, product: ipad --> new items: 1
Country: nl, product: imac --> new items: 1
Country: nl, product: macbookair --> new items: 1
Country: at, product: ipad --> new items: 2
Country: at, product: imac --> new items: 9
Country: at, product: macbookpro --> new items: 1
Country: at, product: macbookair --> new items: 1
Country: sg, product: acc --> new items: 1
Country: cx, product: ipad --> new items: 1
Country: ch, product: ipad --> new items: 1
Country: tw, product: imac --> new items: 1
Country: us, product: ipad --> new items: 8
Country: us, product: iphone --> new items: 3
Country: us, product: macbookpro --> new items: 4
Country: us, product: macbookair --> new items: 10
------------------------------------------------------------
Date: 2026/05/06 15:20:53
Country: xf, product: macbookpro --> new items: 1
Country: de, product: macbookpro --> new items: 5
Country: at, product: macbookpro --> new items: 5
Country: us, product: iphone --> new items: 1
------------------------------------------------------------
Date: 2026/05/06 17:20:49
Country: bx, product: watch --> new items: 1
Country: be, product: watch --> new items: 1
Country: ca, product: macbookpro --> new items: 1
Country: ca, product: macbookair --> new items: 4
Country: xf, product: macbookpro --> new items: 1
Country: xf, product: macbookair --> new items: 2
Country: de, product: macbookair --> new items: 2
Country: de, product: watch --> new items: 1
Country: nl, product: watch --> new items: 1
Country: at, product: macbookair --> new items: 2
Country: at, product: watch --> new items: 1
Country: cx, product: watch --> new items: 1
Country: ch, product: watch --> new items: 1
Country: us, product: macbookpro --> new items: 1
Country: us, product: macbookair --> new items: 4
------------------------------------------------------------
Date: 2026/05/06 19:19:24
Country: ca, product: macbookair --> new items: 1
Country: xf, product: macbookair --> new items: 1
Country: de, product: imac --> new items: 3
Country: de, product: macbookpro --> new items: 2
Country: fr, product: imac --> new items: 1
Country: at, product: imac --> new items: 3
Country: at, product: macbookpro --> new items: 2
Country: kr, product: macbookpro --> new items: 1
Country: kr, product: macbookair --> new items: 1
Country: us, product: macbookair --> new items: 1
------------------------------------------------------------
Date: 2026/05/06 21:01:19
Country: ca, product: iphone --> new items: 1
Country: ca, product: macbookpro --> new items: 1
Country: xf, product: iphone --> new items: 1
Country: xf, product: macbookpro --> new items: 1
Country: de, product: mini --> new items: 1
Country: de, product: macbookair --> new items: 1
Country: nl, product: macbookpro --> new items: 1
Country: at, product: mini --> new items: 1
Country: at, product: macbookair --> new items: 1
Country: us, product: macbookpro --> new items: 1
------------------------------------------------------------
Date: 2026/05/06 22:38:42
Country: bx, product: ipad --> new items: 1
Country: be, product: ipad --> new items: 1
Country: ca, product: macbookair --> new items: 1
Country: xf, product: macbookair --> new items: 1
Country: de, product: ipad --> new items: 1
Country: de, product: macbookpro --> new items: 2
Country: de, product: macbookair --> new items: 1
Country: es, product: ipad --> new items: 1
Country: ie, product: macbookpro --> new items: 29
Country: it, product: ipad --> new items: 1
Country: nl, product: ipad --> new items: 1
Country: at, product: ipad --> new items: 1
Country: at, product: macbookpro --> new items: 2
Country: at, product: macbookair --> new items: 1
Country: cx, product: ipad --> new items: 1
Country: ch, product: ipad --> new items: 1
Country: us, product: macbookair --> new items: 1
------------------------------------------------------------
Date: 2026/05/06 23:39:49
Country: ca, product: macbookair --> new items: 1
Country: xf, product: macbookair --> new items: 1
Country: uk, product: macbookpro --> new items: 29
Country: us, product: macbookair --> new items: 1
------------------------------------------------------------
Date: 2026/05/07 01:53:27
Country: ca, product: macbookpro --> new items: 1
Country: xf, product: macbookpro --> new items: 1
Country: de, product: imac --> new items: 1
Country: at, product: imac --> new items: 1
Country: us, product: macbookpro --> new items: 1
------------------------------------------------------------
Date: 2026/05/07 05:22:12
Country: fr, product: ipad --> new items: 1
Country: it, product: ipad --> new items: 3
Country: jp, product: ipad --> new items: 1
------------------------------------------------------------
Date: 2026/05/07 08:12:51
Country: bx, product: ipad --> new items: 6
Country: be, product: ipad --> new items: 6
Country: cn, product: macbookpro --> new items: 1
Country: cn, product: watch --> new items: 1
Country: de, product: ipad --> new items: 6
Country: de, product: imac --> new items: 1
Country: de, product: macbookpro --> new items: 1
Country: de, product: macbookair --> new items: 1
Country: es, product: ipad --> new items: 6
Country: es, product: macbookpro --> new items: 2
Country: fr, product: macbookpro --> new items: 5
Country: ie, product: macbookpro --> new items: 1
Country: it, product: ipad --> new items: 3
Country: jp, product: ipad --> new items: 1
Country: nl, product: ipad --> new items: 6
Country: nl, product: macbookpro --> new items: 2
Country: nl, product: macbookair --> new items: 1
Country: at, product: ipad --> new items: 6
Country: at, product: imac --> new items: 1
Country: at, product: macbookpro --> new items: 1
Country: pl, product: ipad --> new items: 1
Country: pl, product: macbookpro --> new items: 1
Country: kr, product: macbookpro --> new items: 10
Country: kr, product: macbookair --> new items: 8
Country: cx, product: ipad --> new items: 6
Country: cx, product: macbookpro --> new items: 2
Country: ch, product: ipad --> new items: 6
Country: ch, product: macbookpro --> new items: 2
Country: uk, product: macbookpro --> new items: 1
Country: us, product: iphone --> new items: 1
------------------------------------------------------------
Date: 2026/05/07 10:59:22
Country: de, product: macbookair --> new items: 2
Country: ie, product: ipad --> new items: 1
Country: ie, product: imac --> new items: 8
Country: at, product: macbookair --> new items: 2
Country: pl, product: ipad --> new items: 1
Country: kr, product: macbookair --> new items: 1
Country: uk, product: ipad --> new items: 3
Country: uk, product: imac --> new items: 8
------------------------------------------------------------
Date: 2026/05/07 12:56:47
Country: de, product: macbookpro --> new items: 2
Country: de, product: macbookair --> new items: 1
Country: fr, product: macbookair --> new items: 1
Country: nl, product: macbookair --> new items: 2
Country: at, product: macbookpro --> new items: 2
Country: at, product: macbookair --> new items: 1
Country: uk, product: iphone --> new items: 1
------------------------------------------------------------
Date: 2026/05/07 15:25:04
Country: bx, product: ipad --> new items: 1
Country: be, product: ipad --> new items: 1
Country: be, product: macbookair --> new items: 1
Country: de, product: ipad --> new items: 1
Country: de, product: macbookpro --> new items: 2
Country: de, product: macbookair --> new items: 3
Country: es, product: ipad --> new items: 1
Country: it, product: ipad --> new items: 1
Country: nl, product: ipad --> new items: 1
Country: nl, product: macbookpro --> new items: 1
Country: nl, product: macbookair --> new items: 1
Country: at, product: ipad --> new items: 1
Country: at, product: macbookpro --> new items: 3
Country: at, product: macbookair --> new items: 3
Country: cx, product: ipad --> new items: 1
Country: ch, product: ipad --> new items: 1
Country: uk, product: macbookair --> new items: 1
Country: us, product: ipad --> new items: 1
Country: us, product: macbookpro --> new items: 1
------------------------------------------------------------
Date: 2026/05/07 17:39:42
Country: bx, product: macbookair --> new items: 1
Country: de, product: macbookpro --> new items: 3
Country: de, product: macbookair --> new items: 2
Country: at, product: macbookpro --> new items: 2
Country: at, product: macbookair --> new items: 2
Country: kr, product: macbookpro --> new items: 1
------------------------------------------------------------
Date: 2026/05/07 19:23:53
Country: bx, product: iphone --> new items: 1
Country: be, product: iphone --> new items: 1
Country: de, product: iphone --> new items: 1
Country: de, product: macbookpro --> new items: 1
Country: de, product: macbookair --> new items: 1
Country: nl, product: iphone --> new items: 1
Country: at, product: iphone --> new items: 1
Country: at, product: macbookpro --> new items: 1
Country: at, product: macbookair --> new items: 1
Country: us, product: ipad --> new items: 1
------------------------------------------------------------
Date: 2026/05/07 20:56:12
Country: ca, product: iphone --> new items: 1
Country: xf, product: iphone --> new items: 1
Country: xf, product: macbookair --> new items: 1
Country: de, product: macbookair --> new items: 1
Country: at, product: macbookair --> new items: 2
Country: us, product: iphone --> new items: 1
------------------------------------------------------------
Date: 2026/05/07 21:46:58
Country: de, product: macbookair --> new items: 1
Country: pl, product: ipad --> new items: 1
------------------------------------------------------------
Date: 2026/05/07 22:51:04
Country: ca, product: ipad --> new items: 2
Country: xf, product: ipad --> new items: 1
Country: de, product: macbookair --> new items: 1
Country: at, product: macbookair --> new items: 1
------------------------------------------------------------
Date: 2026/05/07 23:42:32
Country: xf, product: ipad --> new items: 1
Country: de, product: macbookair --> new items: 1
Country: at, product: macbookair --> new items: 1
Country: us, product: ipad --> new items: 13
Country: us, product: macbookair --> new items: 1
------------------------------------------------------------
Date: 2026/05/08 01:59:13
Country: us, product: ipad --> new items: 5
Country: us, product: iphone --> new items: 8
------------------------------------------------------------
Date: 2026/05/08 04:52:38
Country: ca, product: ipad --> new items: 1
Country: xf, product: ipad --> new items: 1
Country: cn, product: ipad --> new items: 15
Country: jp, product: iphone --> new items: 33
Country: us, product: ipad --> new items: 8
Country: us, product: iphone --> new items: 1
------------------------------------------------------------
Date: 2026/05/08 06:27:19
Country: au, product: macbookair --> new items: 1
Country: bx, product: iphone --> new items: 4
Country: be, product: iphone --> new items: 4
Country: de, product: iphone --> new items: 4
Country: de, product: macbookair --> new items: 1
Country: jp, product: iphone --> new items: 11
Country: nl, product: iphone --> new items: 4
Country: nz, product: macbookair --> new items: 1
Country: nz, product: watch --> new items: 1
Country: at, product: iphone --> new items: 4
Country: at, product: macbookair --> new items: 1
------------------------------------------------------------
Date: 2026/05/08 08:17:13
Country: au, product: watch --> new items: 2
Country: cn, product: ipad --> new items: 1
Country: cn, product: imac --> new items: 1
Country: de, product: macbookpro --> new items: 1
Country: ie, product: imac --> new items: 5
Country: nz, product: watch --> new items: 1
Country: at, product: macbookpro --> new items: 1
Country: sg, product: macbookair --> new items: 1
Country: uk, product: imac --> new items: 5
Country: us, product: homepod --> new items: 1
Country: us, product: acc --> new items: 1
------------------------------------------------------------
Date: 2026/05/08 10:15:35
Country: bx, product: iphone --> new items: 1
Country: bx, product: watch --> new items: 1
Country: be, product: iphone --> new items: 1
Country: be, product: watch --> new items: 1
Country: de, product: iphone --> new items: 1
Country: de, product: macbookair --> new items: 1
Country: de, product: watch --> new items: 1
Country: es, product: imac --> new items: 1
Country: nl, product: iphone --> new items: 1
Country: nl, product: watch --> new items: 1
Country: at, product: iphone --> new items: 1
Country: at, product: macbookpro --> new items: 1
Country: at, product: macbookair --> new items: 1
Country: at, product: watch --> new items: 1
Country: cx, product: watch --> new items: 1
Country: ch, product: watch --> new items: 1
Country: uk, product: iphone --> new items: 1
------------------------------------------------------------
Date: 2026/05/08 12:04:04
Country: bx, product: ipad --> new items: 1
Country: be, product: ipad --> new items: 1
Country: de, product: ipad --> new items: 1
Country: de, product: imac --> new items: 1
Country: es, product: ipad --> new items: 1
Country: it, product: ipad --> new items: 1
Country: nl, product: ipad --> new items: 1
Country: nl, product: macbookair --> new items: 1
Country: at, product: ipad --> new items: 1
Country: at, product: imac --> new items: 1
Country: cx, product: ipad --> new items: 1
Country: ch, product: ipad --> new items: 1
------------------------------------------------------------
Date: 2026/05/08 14:29:59
Country: ca, product: ipad --> new items: 1
Country: xf, product: ipad --> new items: 1
Country: de, product: macbookair --> new items: 1
Country: ie, product: macbookpro --> new items: 2
Country: nl, product: homepod --> new items: 2
Country: nl, product: macbookair --> new items: 1
Country: nl, product: acc --> new items: 2
Country: at, product: macbookair --> new items: 1
Country: pl, product: macbookair --> new items: 1
Country: uk, product: macbookpro --> new items: 1
Country: us, product: iphone --> new items: 1
------------------------------------------------------------
Date: 2026/05/08 16:07:47
Country: bx, product: macbookair --> new items: 1
Country: be, product: macbookair --> new items: 1
Country: xf, product: mini --> new items: 2
Country: xf, product: macbookair --> new items: 6
Country: de, product: macbookair --> new items: 2
Country: at, product: macbookair --> new items: 2
Country: us, product: ipad --> new items: 3
Country: us, product: mini --> new items: 6
Country: us, product: macbookair --> new items: 1
------------------------------------------------------------
Date: 2026/05/08 18:03:16
Country: ca, product: macbookpro --> new items: 9
Country: ca, product: macbookair --> new items: 18
Country: xf, product: macbookpro --> new items: 9
Country: xf, product: macbookair --> new items: 14
Country: cn, product: ipad --> new items: 2
Country: de, product: mini --> new items: 2
Country: de, product: macbookpro --> new items: 1
Country: de, product: macbookair --> new items: 1
Country: fr, product: macbookair --> new items: 1
Country: nl, product: macbookpro --> new items: 1
Country: nl, product: watch --> new items: 1
Country: at, product: mini --> new items: 2
Country: at, product: macbookpro --> new items: 1
Country: at, product: macbookair --> new items: 1
Country: sg, product: macbookpro --> new items: 1
Country: ch, product: watch --> new items: 1
Country: us, product: ipad --> new items: 10
Country: us, product: macbookpro --> new items: 9
Country: us, product: macbookair --> new items: 18
------------------------------------------------------------
Date: 2026/05/08 20:02:53
Country: bx, product: ipad --> new items: 1
Country: bx, product: iphone --> new items: 1
Country: bx, product: watch --> new items: 1
Country: be, product: ipad --> new items: 1
Country: be, product: iphone --> new items: 1
Country: be, product: watch --> new items: 1
Country: ca, product: macbookpro --> new items: 1
Country: xf, product: macbookpro --> new items: 2
Country: cn, product: ipad --> new items: 1
Country: de, product: iphone --> new items: 1
Country: de, product: macbookair --> new items: 3
Country: de, product: watch --> new items: 1
Country: fr, product: macstudio --> new items: 1
Country: nl, product: iphone --> new items: 1
Country: at, product: macbookair --> new items: 3
Country: at, product: watch --> new items: 1
Country: cx, product: watch --> new items: 1
Country: us, product: macbookpro --> new items: 1
------------------------------------------------------------
Date: 2026/05/08 21:48:35
Country: ca, product: macbookpro --> new items: 1
Country: de, product: ipad --> new items: 1
Country: es, product: ipad --> new items: 1
Country: it, product: ipad --> new items: 1
Country: nl, product: ipad --> new items: 1
Country: nl, product: macbookpro --> new items: 1
Country: at, product: ipad --> new items: 1
Country: at, product: iphone --> new items: 1
Country: cx, product: ipad --> new items: 1
Country: ch, product: ipad --> new items: 1
Country: us, product: macbookpro --> new items: 1
------------------------------------------------------------
Date: 2026/05/08 22:43:48
Country: bx, product: macbookpro --> new items: 1
Country: be, product: macbookpro --> new items: 1
Country: es, product: iphone --> new items: 1
Country: es, product: mini --> new items: 1
Country: it, product: iphone --> new items: 1
Country: nl, product: macbookair --> new items: 2
Country: pl, product: macbookair --> new items: 1
Country: cx, product: iphone --> new items: 1
Country: ch, product: iphone --> new items: 1
------------------------------------------------------------
Date: 2026/05/08 23:44:32
Country: de, product: macbookair --> new items: 1
Country: at, product: macbookair --> new items: 1
------------------------------------------------------------
Date: 2026/05/09 01:52:55
Country: xf, product: macbookair --> new items: 2
------------------------------------------------------------
Date: 2026/05/09 04:59:53
Country: ca, product: mini --> new items: 1
Country: ca, product: macbookpro --> new items: 1
Country: cn, product: macbookpro --> new items: 1
Country: de, product: macbookpro --> new items: 1
Country: de, product: macbookair --> new items: 1
Country: jp, product: iphone --> new items: 1
Country: at, product: macbookpro --> new items: 1
Country: kr, product: macbookpro --> new items: 1
Country: uk, product: homepod --> new items: 1
Country: uk, product: acc --> new items: 3
Country: us, product: mini --> new items: 2
------------------------------------------------------------
Date: 2026/05/09 07:08:02
Country: us, product: iphone --> new items: 2
------------------------------------------------------------
Date: 2026/05/09 09:06:38
Country: bx, product: iphone --> new items: 1
Country: de, product: iphone --> new items: 1
Country: de, product: macbookair --> new items: 1
Country: ie, product: ipad --> new items: 2
Country: at, product: macbookair --> new items: 1
Country: pl, product: macbookpro --> new items: 1
Country: uk, product: ipad --> new items: 2
Country: uk, product: iphone --> new items: 3
------------------------------------------------------------
Date: 2026/05/09 10:45:18
Country: de, product: macstudio --> new items: 1
Country: de, product: macbookpro --> new items: 2
Country: de, product: macbookair --> new items: 1
Country: jp, product: macbookpro --> new items: 1
Country: nl, product: macbookpro --> new items: 1
Country: at, product: macstudio --> new items: 1
Country: at, product: macbookpro --> new items: 2
Country: at, product: macbookair --> new items: 1
------------------------------------------------------------
Date: 2026/05/09 11:40:20
Country: uk, product: ipad --> new items: 2
------------------------------------------------------------
Date: 2026/05/09 12:51:42
Country: ca, product: macbookair --> new items: 1
Country: xf, product: macbookair --> new items: 1
Country: kr, product: macbookair --> new items: 1
Country: us, product: macbookair --> new items: 1
------------------------------------------------------------
Date: 2026/05/09 14:12:39
Country: bx, product: ipad --> new items: 1
Country: be, product: ipad --> new items: 1
Country: be, product: imac --> new items: 15
Country: be, product: macbookpro --> new items: 114
Country: be, product: macbookair --> new items: 80
Country: de, product: ipad --> new items: 1
Country: de, product: macbookair --> new items: 2
Country: es, product: ipad --> new items: 1
Country: it, product: ipad --> new items: 1
Country: nl, product: ipad --> new items: 1
Country: nl, product: macbookair --> new items: 1
Country: at, product: ipad --> new items: 1
Country: at, product: macbookair --> new items: 2
Country: cx, product: ipad --> new items: 1
Country: ch, product: ipad --> new items: 1
------------------------------------------------------------
Date: 2026/05/09 15:40:09
Country: es, product: macbookair --> new items: 1
------------------------------------------------------------
Date: 2026/05/09 16:40:08
Country: cn, product: ipad --> new items: 1
Country: de, product: macbookair --> new items: 1
Country: es, product: macbookair --> new items: 1
Country: at, product: macbookair --> new items: 1
Country: kr, product: macbookair --> new items: 1
------------------------------------------------------------
Date: 2026/05/09 17:40:16
No new entries.
------------------------------------------------------------
Date: 2026/05/09 18:42:29
Country: de, product: mini --> new items: 1
Country: es, product: macbookair --> new items: 1
Country: nl, product: macbookair --> new items: 1
Country: at, product: mini --> new items: 1
Country: pl, product: macbookpro --> new items: 1
Country: us, product: ipad --> new items: 1
------------------------------------------------------------
Date: 2026/05/09 19:49:36
Country: nl, product: macbookpro --> new items: 1
------------------------------------------------------------
Date: 2026/05/09 20:33:25
Country: ca, product: iphone --> new items: 1
Country: xf, product: iphone --> new items: 1
Country: de, product: macbookpro --> new items: 1
Country: jp, product: iphone --> new items: 1
Country: at, product: macbookpro --> new items: 1
Country: us, product: iphone --> new items: 2
------------------------------------------------------------
Date: 2026/05/09 21:33:14
Country: be, product: iphone --> new items: 74
------------------------------------------------------------
Date: 2026/05/09 22:32:02
Country: de, product: macbookpro --> new items: 1
Country: de, product: macbookair --> new items: 1
Country: nl, product: macbookair --> new items: 1
Country: at, product: macbookpro --> new items: 1
Country: at, product: macbookair --> new items: 1
Country: us, product: iphone --> new items: 1
------------------------------------------------------------
Date: 2026/05/09 23:35:56
Country: au, product: macbookair --> new items: 1
------------------------------------------------------------
Date: 2026/05/10 01:52:23
Country: kr, product: macbookair --> new items: 1
------------------------------------------------------------
Date: 2026/05/10 05:28:31
Country: kr, product: macbookair --> new items: 1
------------------------------------------------------------
Date: 2026/05/10 07:54:23
Country: xf, product: ipad --> new items: 22
Country: cn, product: macbookpro --> new items: 1
Country: de, product: macbookair --> new items: 1
Country: at, product: macbookair --> new items: 1
------------------------------------------------------------
Date: 2026/05/10 09:20:53
Country: cn, product: ipad --> new items: 1
------------------------------------------------------------
Date: 2026/05/10 10:53:19
Country: nl, product: macbookair --> new items: 1
------------------------------------------------------------
Date: 2026/05/10 11:41:02
No new entries.
------------------------------------------------------------
Date: 2026/05/10 12:52:45
Country: ca, product: macbookair --> new items: 1
Country: xf, product: macbookair --> new items: 1
Country: de, product: macbookpro --> new items: 1
Country: nl, product: macbookpro --> new items: 2
Country: at, product: macbookpro --> new items: 1
Country: us, product: macbookair --> new items: 1
------------------------------------------------------------
Date: 2026/05/10 14:15:29
Country: jp, product: iphone --> new items: 1
------------------------------------------------------------
