Date: 2025/09/01 00:59:03
Country: xf, product: macbookpro --> new items: 1
------------------------------------------------------------
Date: 2025/09/01 02:51:04
Country: ca, product: macbookpro --> new items: 1
------------------------------------------------------------
Date: 2025/09/01 03:46:00
Country: jp, product: macstudio --> new items: 6
Country: jp, product: mini --> new items: 13
Country: jp, product: macbookpro --> new items: 9
Country: jp, product: macbookair --> new items: 2
Country: nz, product: macbookpro --> new items: 1
------------------------------------------------------------
Date: 2025/09/01 04:20:40
Country: au, product: macbookpro --> new items: 1
Country: jp, product: atv --> new items: 1
------------------------------------------------------------
Date: 2025/09/01 05:11:19
Country: jp, product: macbookair --> new items: 5
Country: tw, product: atv --> new items: 2
------------------------------------------------------------
