Date: 2025/11/01 00:54:04
Country: bx, product: macbookpro --> new items: 2
Country: be, product: macbookpro --> new items: 2
Country: ca, product: macstudio --> new items: 4
Country: ca, product: macbookpro --> new items: 15
Country: xf, product: macbookpro --> new items: 7
Country: de, product: macbookpro --> new items: 3
Country: es, product: macbookpro --> new items: 2
Country: fr, product: macbookpro --> new items: 7
Country: ie, product: macbookpro --> new items: 6
Country: ie, product: macbookair --> new items: 5
Country: it, product: macbookpro --> new items: 2
Country: nl, product: macbookpro --> new items: 1
Country: at, product: macbookpro --> new items: 3
Country: cx, product: macbookpro --> new items: 1
Country: ch, product: macbookpro --> new items: 1
Country: uk, product: macbookpro --> new items: 6
Country: uk, product: macbookair --> new items: 6
Country: us, product: macstudio --> new items: 4
Country: us, product: macbookpro --> new items: 15
------------------------------------------------------------
Date: 2025/11/01 02:26:58
No new entries.
------------------------------------------------------------
Date: 2025/11/01 03:37:38
No new entries.
------------------------------------------------------------
Date: 2025/11/01 04:11:32
Country: jp, product: macbookpro --> new items: 20
------------------------------------------------------------
Date: 2025/11/01 05:09:54
No new entries.
------------------------------------------------------------
Date: 2025/11/01 06:14:01
Country: jp, product: macbookpro --> new items: 4
Country: jp, product: macbookair --> new items: 1
------------------------------------------------------------
Date: 2025/11/01 07:09:26
No new entries.
------------------------------------------------------------
Date: 2025/11/01 08:12:30
Country: de, product: macbookair --> new items: 1
Country: at, product: macbookair --> new items: 1
------------------------------------------------------------
Date: 2025/11/01 09:10:10
Country: at, product: macbookpro --> new items: 1
Country: uk, product: iphone --> new items: 1
------------------------------------------------------------
