Date: 2024/12/01 00:56:45
Country: ie, product: watch --> new items: 1
Country: jp, product: watch --> new items: 1
Country: uk, product: watch --> new items: 1
------------------------------------------------------------
Date: 2024/12/01 02:43:55
No new entries.
------------------------------------------------------------
Date: 2024/12/01 03:38:10
Country: jp, product: ipad --> new items: 1
Country: jp, product: macbookair --> new items: 1
------------------------------------------------------------
Date: 2024/12/01 04:15:12
No new entries.
------------------------------------------------------------
Date: 2024/12/01 05:09:38
No new entries.
------------------------------------------------------------
Date: 2024/12/01 06:13:00
Country: ie, product: ipad --> new items: 1
Country: uk, product: ipad --> new items: 1
------------------------------------------------------------
Date: 2024/12/01 07:09:00
Country: ie, product: macbookpro --> new items: 1
Country: uk, product: macbookpro --> new items: 1
------------------------------------------------------------
Date: 2024/12/01 08:11:57
Country: cn, product: macbookpro --> new items: 1
Country: jp, product: mini --> new items: 1
Country: jp, product: macbookpro --> new items: 1
Country: jp, product: macbookair --> new items: 2
------------------------------------------------------------
Date: 2024/12/01 09:09:20
Country: tw, product: macbookpro --> new items: 1
------------------------------------------------------------
Date: 2024/12/01 10:09:26
Country: jp, product: ipad --> new items: 1
------------------------------------------------------------
Date: 2024/12/01 11:07:35
Country: ca, product: ipad --> new items: 1
Country: xf, product: ipad --> new items: 1
Country: jp, product: macbookair --> new items: 1
------------------------------------------------------------
Date: 2024/12/01 12:16:22
No new entries.
------------------------------------------------------------
Date: 2024/12/01 13:17:40
Country: cx, product: iphone --> new items: 1
------------------------------------------------------------
Date: 2024/12/01 14:07:51
Country: bx, product: iphone --> new items: 1
Country: be, product: iphone --> new items: 1
Country: de, product: iphone --> new items: 1
Country: nl, product: iphone --> new items: 1
Country: at, product: iphone --> new items: 1
------------------------------------------------------------
Date: 2024/12/01 15:08:37
No new entries.
------------------------------------------------------------
Date: 2024/12/01 16:10:25
No new entries.
------------------------------------------------------------
Date: 2024/12/01 17:07:52
No new entries.
------------------------------------------------------------
Date: 2024/12/01 18:11:42
No new entries.
------------------------------------------------------------
Date: 2024/12/01 19:06:53
No new entries.
------------------------------------------------------------
Date: 2024/12/01 20:09:54
Country: cn, product: macbookpro --> new items: 1
Country: us, product: iphone --> new items: 4
------------------------------------------------------------
Date: 2024/12/01 21:08:17
Country: ie, product: watch --> new items: 1
------------------------------------------------------------
Date: 2024/12/01 22:08:45
No new entries.
------------------------------------------------------------
Date: 2024/12/01 23:08:53
Country: ca, product: ipad --> new items: 5
Country: xf, product: ipad --> new items: 5
Country: de, product: imac --> new items: 1
Country: fr, product: macbookpro --> new items: 1
Country: jp, product: imac --> new items: 1
Country: at, product: imac --> new items: 1
Country: uk, product: watch --> new items: 1
Country: us, product: ipad --> new items: 3
Country: us, product: iphone --> new items: 7
------------------------------------------------------------
Date: 2024/12/02 00:50:18
Country: ca, product: macbookpro --> new items: 1
Country: xf, product: macbookpro --> new items: 1
Country: us, product: macbookpro --> new items: 1
------------------------------------------------------------
Date: 2024/12/02 02:23:58
No new entries.
------------------------------------------------------------
Date: 2024/12/02 03:30:09
No new entries.
------------------------------------------------------------
Date: 2024/12/02 04:12:32
No new entries.
------------------------------------------------------------
Date: 2024/12/02 05:10:40
No new entries.
------------------------------------------------------------
Date: 2024/12/02 06:14:45
No new entries.
------------------------------------------------------------
Date: 2024/12/02 07:10:42
Country: cn, product: ipad --> new items: 1
Country: cn, product: macbookair --> new items: 1
Country: jp, product: atv --> new items: 2
Country: us, product: watch --> new items: 1
------------------------------------------------------------
Date: 2024/12/02 08:14:15
Country: jp, product: macbookpro --> new items: 2
Country: jp, product: macbookair --> new items: 2
Country: jp, product: watch --> new items: 1
Country: kr, product: macbookair --> new items: 7
------------------------------------------------------------
Date: 2024/12/02 09:11:33
Country: cn, product: macstudio --> new items: 1
------------------------------------------------------------
Date: 2024/12/02 10:11:10
Country: ca, product: iphone --> new items: 1
Country: xf, product: iphone --> new items: 1
Country: cn, product: macstudio --> new items: 1
Country: us, product: iphone --> new items: 3
------------------------------------------------------------
Date: 2024/12/02 11:08:37
Country: cn, product: macstudio --> new items: 6
Country: cn, product: mini --> new items: 4
Country: cn, product: macbookpro --> new items: 2
Country: us, product: iphone --> new items: 1
------------------------------------------------------------
Date: 2024/12/02 12:19:13
Country: ie, product: macbookpro --> new items: 1
Country: us, product: iphone --> new items: 2
------------------------------------------------------------
Date: 2024/12/02 13:21:27
Country: us, product: ipad --> new items: 4
------------------------------------------------------------
Date: 2024/12/02 14:09:52
No new entries.
------------------------------------------------------------
Date: 2024/12/02 15:10:21
No new entries.
------------------------------------------------------------
Date: 2024/12/02 16:12:10
Country: bx, product: iphone --> new items: 1
Country: be, product: iphone --> new items: 1
Country: de, product: iphone --> new items: 1
Country: es, product: iphone --> new items: 1
Country: es, product: macbookair --> new items: 1
Country: fr, product: imac --> new items: 1
Country: nl, product: iphone --> new items: 1
Country: at, product: iphone --> new items: 1
Country: cx, product: iphone --> new items: 1
Country: ch, product: iphone --> new items: 1
Country: uk, product: macbookpro --> new items: 1
------------------------------------------------------------
Date: 2024/12/02 17:08:54
Country: ie, product: macbookpro --> new items: 1
Country: uk, product: macbookpro --> new items: 1
------------------------------------------------------------
